{"/home/server/Desktop/Codice/lib/dbConnect.js": {"path":"/home/server/Desktop/Codice/lib/dbConnect.js","statementMap":{"0":{"start":{"line":48,"column":0},"end":{"line":48,"column":15}},"1":{"start":{"line":1,"column":21},"end":{"line":1,"column":null}},"2":{"start":{"line":3,"column":20},"end":{"line":3,"column":43}},"3":{"start":{"line":5,"column":0},"end":{"line":9,"column":1}},"4":{"start":{"line":6,"column":2},"end":{"line":7,"column":null}},"5":{"start":{"line":10,"column":0},"end":{"line":10,"column":null}},"6":{"start":{"line":17,"column":13},"end":{"line":17,"column":28}},"7":{"start":{"line":19,"column":0},"end":{"line":21,"column":1}},"8":{"start":{"line":20,"column":2},"end":{"line":20,"column":null}},"9":{"start":{"line":24,"column":2},"end":{"line":26,"column":3}},"10":{"start":{"line":25,"column":4},"end":{"line":25,"column":null}},"11":{"start":{"line":28,"column":2},"end":{"line":36,"column":3}},"12":{"start":{"line":29,"column":17},"end":{"line":31,"column":null}},"13":{"start":{"line":33,"column":4},"end":{"line":35,"column":null}},"14":{"start":{"line":34,"column":6},"end":{"line":34,"column":null}},"15":{"start":{"line":38,"column":2},"end":{"line":43,"column":null}},"16":{"start":{"line":39,"column":4},"end":{"line":39,"column":null}},"17":{"start":{"line":41,"column":4},"end":{"line":41,"column":null}},"18":{"start":{"line":42,"column":4},"end":{"line":42,"column":12}},"19":{"start":{"line":45,"column":2},"end":{"line":45,"column":null}},"20":{"start":{"line":48,"column":15},"end":{"line":48,"column":null}}},"fnMap":{"0":{"name":"(anonymous_0)","decl":{"start":{"line":48,"column":0},"end":{"line":48,"column":15}},"loc":{"start":{"line":48,"column":0},"end":{"line":48,"column":15}}},"1":{"name":"dbConnect","decl":{"start":{"line":23,"column":15},"end":{"line":23,"column":27}},"loc":{"start":{"line":23,"column":27},"end":{"line":46,"column":null}}},"2":{"name":"(anonymous_3)","decl":{"start":{"line":33,"column":62},"end":{"line":33,"column":63}},"loc":{"start":{"line":33,"column":76},"end":{"line":35,"column":null}}}},"branchMap":{"0":{"loc":{"start":{"line":5,"column":0},"end":{"line":9,"column":1}},"type":"if","locations":[{"start":{"line":5,"column":0},"end":{"line":9,"column":1}}]},"1":{"loc":{"start":{"line":19,"column":0},"end":{"line":21,"column":1}},"type":"if","locations":[{"start":{"line":19,"column":0},"end":{"line":21,"column":1}}]},"2":{"loc":{"start":{"line":24,"column":2},"end":{"line":26,"column":3}},"type":"if","locations":[{"start":{"line":24,"column":2},"end":{"line":26,"column":3}}]},"3":{"loc":{"start":{"line":28,"column":2},"end":{"line":36,"column":3}},"type":"if","locations":[{"start":{"line":28,"column":2},"end":{"line":36,"column":3}}]}},"s":{"0":179,"1":13,"2":13,"3":13,"4":0,"5":13,"6":13,"7":13,"8":13,"9":179,"10":166,"11":13,"12":13,"13":13,"14":13,"15":13,"16":13,"17":0,"18":0,"19":13,"20":13},"f":{"0":179,"1":179,"2":13},"b":{"0":[0],"1":[13],"2":[166],"3":[13]}}
,"/home/server/Desktop/Codice/models/Calendario.js": {"path":"/home/server/Desktop/Codice/models/Calendario.js","statementMap":{"0":{"start":{"line":1,"column":21},"end":{"line":1,"column":null}},"1":{"start":{"line":3,"column":25},"end":{"line":86,"column":null}},"2":{"start":{"line":89,"column":0},"end":{"line":90,"column":null}}},"fnMap":{},"branchMap":{"0":{"loc":{"start":{"line":90,"column":2},"end":{"line":90,"column":null}},"type":"binary-expr","locations":[{"start":{"line":90,"column":2},"end":{"line":90,"column":28}},{"start":{"line":90,"column":32},"end":{"line":90,"column":null}}]}},"s":{"0":8,"1":8,"2":8},"f":{},"b":{"0":[8,8]}}
,"/home/server/Desktop/Codice/models/Evento.js": {"path":"/home/server/Desktop/Codice/models/Evento.js","statementMap":{"0":{"start":{"line":1,"column":21},"end":{"line":1,"column":null}},"1":{"start":{"line":3,"column":21},"end":{"line":120,"column":null}},"2":{"start":{"line":123,"column":0},"end":{"line":124,"column":null}}},"fnMap":{},"branchMap":{"0":{"loc":{"start":{"line":124,"column":2},"end":{"line":124,"column":null}},"type":"binary-expr","locations":[{"start":{"line":124,"column":2},"end":{"line":124,"column":24}},{"start":{"line":124,"column":28},"end":{"line":124,"column":null}}]}},"s":{"0":4,"1":4,"2":4},"f":{},"b":{"0":[4,4]}}
,"/home/server/Desktop/Codice/models/UtenteAutenticato.js": {"path":"/home/server/Desktop/Codice/models/UtenteAutenticato.js","statementMap":{"0":{"start":{"line":1,"column":21},"end":{"line":1,"column":null}},"1":{"start":{"line":3,"column":32},"end":{"line":19,"column":null}},"2":{"start":{"line":22,"column":0},"end":{"line":26,"column":null}}},"fnMap":{},"branchMap":{"0":{"loc":{"start":{"line":23,"column":2},"end":{"line":26,"column":null}},"type":"binary-expr","locations":[{"start":{"line":23,"column":2},"end":{"line":23,"column":35}},{"start":{"line":24,"column":2},"end":{"line":26,"column":null}}]}},"s":{"0":13,"1":13,"2":13},"f":{},"b":{"0":[13,13]}}
,"/home/server/Desktop/Codice/pages/api/calendar/[userId].js": {"path":"/home/server/Desktop/Codice/pages/api/calendar/[userId].js","statementMap":{"0":{"start":{"line":5,"column":24},"end":{"line":5,"column":32}},"1":{"start":{"line":184,"column":22},"end":{"line":184,"column":34}},"2":{"start":{"line":1,"column":22},"end":{"line":1,"column":null}},"3":{"start":{"line":2,"column":23},"end":{"line":2,"column":null}},"4":{"start":{"line":3,"column":30},"end":{"line":3,"column":null}},"5":{"start":{"line":6,"column":2},"end":{"line":8,"column":3}},"6":{"start":{"line":7,"column":4},"end":{"line":7,"column":null}},"7":{"start":{"line":185,"column":2},"end":{"line":185,"column":null}},"8":{"start":{"line":186,"column":2},"end":{"line":224,"column":null}},"9":{"start":{"line":187,"column":23},"end":{"line":187,"column":32}},"10":{"start":{"line":189,"column":4},"end":{"line":192,"column":5}},"11":{"start":{"line":190,"column":6},"end":{"line":190,"column":null}},"12":{"start":{"line":191,"column":6},"end":{"line":191,"column":null}},"13":{"start":{"line":194,"column":18},"end":{"line":196,"column":null}},"14":{"start":{"line":197,"column":4},"end":{"line":205,"column":5}},"15":{"start":{"line":198,"column":6},"end":{"line":198,"column":null}},"16":{"start":{"line":199,"column":6},"end":{"line":199,"column":null}},"17":{"start":{"line":200,"column":11},"end":{"line":205,"column":5}},"18":{"start":{"line":201,"column":6},"end":{"line":203,"column":null}},"19":{"start":{"line":204,"column":6},"end":{"line":204,"column":null}},"20":{"start":{"line":207,"column":22},"end":{"line":209,"column":null}},"21":{"start":{"line":210,"column":4},"end":{"line":215,"column":5}},"22":{"start":{"line":211,"column":6},"end":{"line":213,"column":null}},"23":{"start":{"line":214,"column":6},"end":{"line":214,"column":null}},"24":{"start":{"line":216,"column":4},"end":{"line":218,"column":null}},"25":{"start":{"line":219,"column":4},"end":{"line":219,"column":null}},"26":{"start":{"line":221,"column":4},"end":{"line":221,"column":null}},"27":{"start":{"line":222,"column":4},"end":{"line":222,"column":null}},"28":{"start":{"line":223,"column":4},"end":{"line":223,"column":31}}},"fnMap":{"0":{"name":"(anonymous_1)","decl":{"start":{"line":9,"column":1},"end":{"line":9,"column":null}},"loc":{"start":{"line":5,"column":24},"end":{"line":5,"column":32}}},"1":{"name":"(anonymous_2)","decl":{"start":{"line":184,"column":34},"end":{"line":184,"column":35}},"loc":{"start":{"line":184,"column":22},"end":{"line":184,"column":34}}},"2":{"name":"handler","decl":{"start":{"line":5,"column":24},"end":{"line":5,"column":32}},"loc":{"start":{"line":5,"column":42},"end":{"line":9,"column":1}}},"3":{"name":"getCalendari","decl":{"start":{"line":184,"column":22},"end":{"line":184,"column":34}},"loc":{"start":{"line":184,"column":45},"end":{"line":225,"column":null}}}},"branchMap":{"0":{"loc":{"start":{"line":6,"column":2},"end":{"line":8,"column":3}},"type":"if","locations":[{"start":{"line":6,"column":2},"end":{"line":8,"column":3}}]},"1":{"loc":{"start":{"line":189,"column":4},"end":{"line":192,"column":5}},"type":"if","locations":[{"start":{"line":189,"column":4},"end":{"line":192,"column":5}}]},"2":{"loc":{"start":{"line":197,"column":4},"end":{"line":205,"column":5}},"type":"if","locations":[{"start":{"line":197,"column":4},"end":{"line":205,"column":5}},{"start":{"line":200,"column":11},"end":{"line":205,"column":5}}]},"3":{"loc":{"start":{"line":200,"column":11},"end":{"line":205,"column":5}},"type":"if","locations":[{"start":{"line":200,"column":11},"end":{"line":205,"column":5}}]},"4":{"loc":{"start":{"line":210,"column":4},"end":{"line":215,"column":5}},"type":"if","locations":[{"start":{"line":210,"column":4},"end":{"line":215,"column":5}}]}},"s":{"0":0,"1":1,"2":1,"3":1,"4":1,"5":0,"6":0,"7":6,"8":6,"9":6,"10":6,"11":1,"12":1,"13":5,"14":5,"15":1,"16":1,"17":4,"18":1,"19":1,"20":3,"21":3,"22":1,"23":1,"24":2,"25":2,"26":0,"27":0,"28":0},"f":{"0":0,"1":1,"2":0,"3":6},"b":{"0":[0],"1":[1],"2":[1,4],"3":[1],"4":[1]}}
,"/home/server/Desktop/Codice/pages/api/calendar/index.js": {"path":"/home/server/Desktop/Codice/pages/api/calendar/index.js","statementMap":{"0":{"start":{"line":5,"column":24},"end":{"line":5,"column":32}},"1":{"start":{"line":555,"column":22},"end":{"line":555,"column":36}},"2":{"start":{"line":642,"column":22},"end":{"line":642,"column":40}},"3":{"start":{"line":805,"column":22},"end":{"line":805,"column":39}},"4":{"start":{"line":1,"column":22},"end":{"line":1,"column":null}},"5":{"start":{"line":2,"column":23},"end":{"line":2,"column":null}},"6":{"start":{"line":3,"column":30},"end":{"line":3,"column":null}},"7":{"start":{"line":6,"column":2},"end":{"line":12,"column":3}},"8":{"start":{"line":7,"column":4},"end":{"line":7,"column":null}},"9":{"start":{"line":8,"column":9},"end":{"line":12,"column":3}},"10":{"start":{"line":9,"column":4},"end":{"line":9,"column":null}},"11":{"start":{"line":10,"column":9},"end":{"line":12,"column":3}},"12":{"start":{"line":11,"column":4},"end":{"line":11,"column":null}},"13":{"start":{"line":556,"column":2},"end":{"line":556,"column":null}},"14":{"start":{"line":557,"column":2},"end":{"line":639,"column":null}},"15":{"start":{"line":558,"column":53},"end":{"line":558,"column":62}},"16":{"start":{"line":559,"column":23},"end":{"line":559,"column":32}},"17":{"start":{"line":561,"column":4},"end":{"line":564,"column":5}},"18":{"start":{"line":562,"column":6},"end":{"line":562,"column":55}},"19":{"start":{"line":563,"column":6},"end":{"line":563,"column":null}},"20":{"start":{"line":566,"column":4},"end":{"line":569,"column":5}},"21":{"start":{"line":567,"column":6},"end":{"line":567,"column":null}},"22":{"start":{"line":568,"column":6},"end":{"line":568,"column":null}},"23":{"start":{"line":573,"column":4},"end":{"line":589,"column":5}},"24":{"start":{"line":574,"column":6},"end":{"line":578,"column":null}},"25":{"start":{"line":575,"column":8},"end":{"line":575,"column":null}},"26":{"start":{"line":577,"column":8},"end":{"line":577,"column":null}},"27":{"start":{"line":580,"column":6},"end":{"line":588,"column":7}},"28":{"start":{"line":586,"column":8},"end":{"line":586,"column":null}},"29":{"start":{"line":587,"column":8},"end":{"line":587,"column":null}},"30":{"start":{"line":591,"column":18},"end":{"line":593,"column":null}},"31":{"start":{"line":594,"column":4},"end":{"line":602,"column":5}},"32":{"start":{"line":595,"column":6},"end":{"line":595,"column":null}},"33":{"start":{"line":596,"column":6},"end":{"line":596,"column":null}},"34":{"start":{"line":597,"column":11},"end":{"line":602,"column":5}},"35":{"start":{"line":598,"column":6},"end":{"line":600,"column":null}},"36":{"start":{"line":601,"column":6},"end":{"line":601,"column":null}},"37":{"start":{"line":604,"column":4},"end":{"line":614,"column":5}},"38":{"start":{"line":605,"column":34},"end":{"line":607,"column":null}},"39":{"start":{"line":608,"column":6},"end":{"line":613,"column":7}},"40":{"start":{"line":609,"column":8},"end":{"line":611,"column":null}},"41":{"start":{"line":612,"column":8},"end":{"line":612,"column":null}},"42":{"start":{"line":616,"column":4},"end":{"line":630,"column":null}},"43":{"start":{"line":626,"column":8},"end":{"line":629,"column":9}},"44":{"start":{"line":627,"column":10},"end":{"line":627,"column":null}},"45":{"start":{"line":628,"column":10},"end":{"line":628,"column":null}},"46":{"start":{"line":633,"column":4},"end":{"line":633,"column":null}},"47":{"start":{"line":634,"column":4},"end":{"line":634,"column":null}},"48":{"start":{"line":636,"column":4},"end":{"line":636,"column":null}},"49":{"start":{"line":637,"column":4},"end":{"line":637,"column":null}},"50":{"start":{"line":638,"column":4},"end":{"line":638,"column":31}},"51":{"start":{"line":643,"column":2},"end":{"line":643,"column":null}},"52":{"start":{"line":644,"column":2},"end":{"line":802,"column":null}},"53":{"start":{"line":652,"column":8},"end":{"line":652,"column":17}},"54":{"start":{"line":653,"column":23},"end":{"line":653,"column":32}},"55":{"start":{"line":657,"column":4},"end":{"line":663,"column":7}},"56":{"start":{"line":658,"column":6},"end":{"line":662,"column":null}},"57":{"start":{"line":659,"column":8},"end":{"line":659,"column":null}},"58":{"start":{"line":661,"column":8},"end":{"line":661,"column":null}},"59":{"start":{"line":666,"column":4},"end":{"line":672,"column":5}},"60":{"start":{"line":667,"column":6},"end":{"line":671,"column":null}},"61":{"start":{"line":668,"column":8},"end":{"line":668,"column":null}},"62":{"start":{"line":670,"column":8},"end":{"line":670,"column":null}},"63":{"start":{"line":674,"column":4},"end":{"line":696,"column":5}},"64":{"start":{"line":694,"column":6},"end":{"line":694,"column":null}},"65":{"start":{"line":695,"column":6},"end":{"line":695,"column":null}},"66":{"start":{"line":698,"column":4},"end":{"line":704,"column":3}},"67":{"start":{"line":702,"column":4},"end":{"line":702,"column":null}},"68":{"start":{"line":703,"column":4},"end":{"line":703,"column":null}},"69":{"start":{"line":706,"column":2},"end":{"line":731,"column":3}},"70":{"start":{"line":729,"column":4},"end":{"line":729,"column":null}},"71":{"start":{"line":730,"column":4},"end":{"line":730,"column":null}},"72":{"start":{"line":733,"column":4},"end":{"line":736,"column":5}},"73":{"start":{"line":734,"column":6},"end":{"line":734,"column":null}},"74":{"start":{"line":735,"column":6},"end":{"line":735,"column":null}},"75":{"start":{"line":738,"column":18},"end":{"line":740,"column":null}},"76":{"start":{"line":741,"column":4},"end":{"line":749,"column":5}},"77":{"start":{"line":742,"column":6},"end":{"line":742,"column":null}},"78":{"start":{"line":743,"column":6},"end":{"line":743,"column":null}},"79":{"start":{"line":744,"column":11},"end":{"line":749,"column":5}},"80":{"start":{"line":745,"column":6},"end":{"line":747,"column":null}},"81":{"start":{"line":748,"column":6},"end":{"line":748,"column":null}},"82":{"start":{"line":750,"column":19},"end":{"line":750,"column":53}},"83":{"start":{"line":752,"column":31},"end":{"line":754,"column":null}},"84":{"start":{"line":755,"column":4},"end":{"line":763,"column":5}},"85":{"start":{"line":759,"column":6},"end":{"line":761,"column":null}},"86":{"start":{"line":762,"column":6},"end":{"line":762,"column":null}},"87":{"start":{"line":765,"column":27},"end":{"line":765,"column":null}},"88":{"start":{"line":765,"column":55},"end":{"line":765,"column":null}},"89":{"start":{"line":767,"column":4},"end":{"line":777,"column":null}},"90":{"start":{"line":773,"column":8},"end":{"line":776,"column":9}},"91":{"start":{"line":774,"column":10},"end":{"line":774,"column":null}},"92":{"start":{"line":775,"column":10},"end":{"line":775,"column":null}},"93":{"start":{"line":779,"column":4},"end":{"line":793,"column":null}},"94":{"start":{"line":789,"column":8},"end":{"line":792,"column":9}},"95":{"start":{"line":790,"column":10},"end":{"line":790,"column":null}},"96":{"start":{"line":791,"column":10},"end":{"line":791,"column":null}},"97":{"start":{"line":796,"column":4},"end":{"line":796,"column":null}},"98":{"start":{"line":797,"column":4},"end":{"line":797,"column":null}},"99":{"start":{"line":799,"column":4},"end":{"line":799,"column":null}},"100":{"start":{"line":800,"column":4},"end":{"line":800,"column":null}},"101":{"start":{"line":801,"column":4},"end":{"line":801,"column":31}},"102":{"start":{"line":806,"column":2},"end":{"line":806,"column":null}},"103":{"start":{"line":807,"column":2},"end":{"line":858,"column":null}},"104":{"start":{"line":808,"column":29},"end":{"line":808,"column":38}},"105":{"start":{"line":809,"column":23},"end":{"line":809,"column":32}},"106":{"start":{"line":811,"column":4},"end":{"line":814,"column":5}},"107":{"start":{"line":812,"column":6},"end":{"line":812,"column":null}},"108":{"start":{"line":813,"column":6},"end":{"line":813,"column":null}},"109":{"start":{"line":816,"column":18},"end":{"line":818,"column":null}},"110":{"start":{"line":819,"column":4},"end":{"line":827,"column":5}},"111":{"start":{"line":820,"column":6},"end":{"line":820,"column":null}},"112":{"start":{"line":821,"column":6},"end":{"line":821,"column":null}},"113":{"start":{"line":822,"column":11},"end":{"line":827,"column":5}},"114":{"start":{"line":823,"column":6},"end":{"line":825,"column":null}},"115":{"start":{"line":826,"column":6},"end":{"line":826,"column":null}},"116":{"start":{"line":828,"column":19},"end":{"line":828,"column":53}},"117":{"start":{"line":830,"column":31},"end":{"line":832,"column":null}},"118":{"start":{"line":833,"column":4},"end":{"line":841,"column":5}},"119":{"start":{"line":837,"column":6},"end":{"line":839,"column":null}},"120":{"start":{"line":840,"column":6},"end":{"line":840,"column":null}},"121":{"start":{"line":843,"column":27},"end":{"line":845,"column":null}},"122":{"start":{"line":847,"column":4},"end":{"line":853,"column":5}},"123":{"start":{"line":848,"column":6},"end":{"line":848,"column":null}},"124":{"start":{"line":849,"column":6},"end":{"line":849,"column":null}},"125":{"start":{"line":851,"column":6},"end":{"line":851,"column":null}},"126":{"start":{"line":852,"column":6},"end":{"line":852,"column":null}},"127":{"start":{"line":855,"column":4},"end":{"line":855,"column":null}},"128":{"start":{"line":856,"column":4},"end":{"line":856,"column":null}},"129":{"start":{"line":857,"column":4},"end":{"line":857,"column":31}}},"fnMap":{"0":{"name":"(anonymous_1)","decl":{"start":{"line":13,"column":1},"end":{"line":13,"column":null}},"loc":{"start":{"line":5,"column":24},"end":{"line":5,"column":32}}},"1":{"name":"(anonymous_2)","decl":{"start":{"line":555,"column":36},"end":{"line":555,"column":37}},"loc":{"start":{"line":555,"column":22},"end":{"line":555,"column":36}}},"2":{"name":"(anonymous_3)","decl":{"start":{"line":642,"column":40},"end":{"line":642,"column":41}},"loc":{"start":{"line":642,"column":22},"end":{"line":642,"column":40}}},"3":{"name":"(anonymous_4)","decl":{"start":{"line":805,"column":39},"end":{"line":805,"column":40}},"loc":{"start":{"line":805,"column":22},"end":{"line":805,"column":39}}},"4":{"name":"handler","decl":{"start":{"line":5,"column":24},"end":{"line":5,"column":32}},"loc":{"start":{"line":5,"column":42},"end":{"line":13,"column":1}}},"5":{"name":"creaCalendario","decl":{"start":{"line":555,"column":22},"end":{"line":555,"column":36}},"loc":{"start":{"line":555,"column":47},"end":{"line":640,"column":null}}},"6":{"name":"(anonymous_8)","decl":{"start":{"line":625,"column":6},"end":{"line":625,"column":16}},"loc":{"start":{"line":625,"column":31},"end":{"line":630,"column":null}}},"7":{"name":"modificaCalendario","decl":{"start":{"line":642,"column":22},"end":{"line":642,"column":40}},"loc":{"start":{"line":642,"column":51},"end":{"line":803,"column":null}}},"8":{"name":"(anonymous_10)","decl":{"start":{"line":765,"column":47},"end":{"line":765,"column":55}},"loc":{"start":{"line":765,"column":55},"end":{"line":765,"column":null}}},"9":{"name":"(anonymous_11)","decl":{"start":{"line":772,"column":6},"end":{"line":772,"column":16}},"loc":{"start":{"line":772,"column":31},"end":{"line":777,"column":null}}},"10":{"name":"(anonymous_12)","decl":{"start":{"line":788,"column":6},"end":{"line":788,"column":16}},"loc":{"start":{"line":788,"column":31},"end":{"line":793,"column":null}}},"11":{"name":"eliminaCalendario","decl":{"start":{"line":805,"column":22},"end":{"line":805,"column":39}},"loc":{"start":{"line":805,"column":50},"end":{"line":859,"column":null}}}},"branchMap":{"0":{"loc":{"start":{"line":6,"column":2},"end":{"line":12,"column":3}},"type":"if","locations":[{"start":{"line":6,"column":2},"end":{"line":12,"column":3}},{"start":{"line":8,"column":9},"end":{"line":12,"column":3}}]},"1":{"loc":{"start":{"line":8,"column":9},"end":{"line":12,"column":3}},"type":"if","locations":[{"start":{"line":8,"column":9},"end":{"line":12,"column":3}},{"start":{"line":10,"column":9},"end":{"line":12,"column":3}}]},"2":{"loc":{"start":{"line":10,"column":9},"end":{"line":12,"column":3}},"type":"if","locations":[{"start":{"line":10,"column":9},"end":{"line":12,"column":3}}]},"3":{"loc":{"start":{"line":561,"column":4},"end":{"line":564,"column":5}},"type":"if","locations":[{"start":{"line":561,"column":4},"end":{"line":564,"column":5}}]},"4":{"loc":{"start":{"line":561,"column":8},"end":{"line":561,"column":38}},"type":"binary-expr","locations":[{"start":{"line":561,"column":8},"end":{"line":561,"column":20}},{"start":{"line":561,"column":24},"end":{"line":561,"column":38}}]},"5":{"loc":{"start":{"line":566,"column":4},"end":{"line":569,"column":5}},"type":"if","locations":[{"start":{"line":566,"column":4},"end":{"line":569,"column":5}}]},"6":{"loc":{"start":{"line":566,"column":8},"end":{"line":566,"column":66}},"type":"binary-expr","locations":[{"start":{"line":566,"column":8},"end":{"line":566,"column":22}},{"start":{"line":566,"column":26},"end":{"line":566,"column":66}}]},"7":{"loc":{"start":{"line":573,"column":4},"end":{"line":589,"column":5}},"type":"if","locations":[{"start":{"line":573,"column":4},"end":{"line":589,"column":5}}]},"8":{"loc":{"start":{"line":580,"column":6},"end":{"line":588,"column":7}},"type":"if","locations":[{"start":{"line":580,"column":6},"end":{"line":588,"column":7}}]},"9":{"loc":{"start":{"line":581,"column":8},"end":{"line":584,"column":null}},"type":"binary-expr","locations":[{"start":{"line":581,"column":8},"end":{"line":581,"column":40}},{"start":{"line":582,"column":8},"end":{"line":582,"column":39}},{"start":{"line":583,"column":8},"end":{"line":583,"column":null}},{"start":{"line":584,"column":8},"end":{"line":584,"column":null}}]},"10":{"loc":{"start":{"line":594,"column":4},"end":{"line":602,"column":5}},"type":"if","locations":[{"start":{"line":594,"column":4},"end":{"line":602,"column":5}},{"start":{"line":597,"column":11},"end":{"line":602,"column":5}}]},"11":{"loc":{"start":{"line":597,"column":11},"end":{"line":602,"column":5}},"type":"if","locations":[{"start":{"line":597,"column":11},"end":{"line":602,"column":5}}]},"12":{"loc":{"start":{"line":604,"column":4},"end":{"line":614,"column":5}},"type":"if","locations":[{"start":{"line":604,"column":4},"end":{"line":614,"column":5}}]},"13":{"loc":{"start":{"line":604,"column":8},"end":{"line":604,"column":51}},"type":"binary-expr","locations":[{"start":{"line":604,"column":8},"end":{"line":604,"column":33}},{"start":{"line":604,"column":33},"end":{"line":604,"column":51}}]},"14":{"loc":{"start":{"line":608,"column":6},"end":{"line":613,"column":7}},"type":"if","locations":[{"start":{"line":608,"column":6},"end":{"line":613,"column":7}}]},"15":{"loc":{"start":{"line":619,"column":20},"end":{"line":619,"column":67}},"type":"cond-expr","locations":[{"start":{"line":619,"column":41},"end":{"line":619,"column":53}},{"start":{"line":619,"column":53},"end":{"line":619,"column":67}}]},"16":{"loc":{"start":{"line":620,"column":16},"end":{"line":620,"column":51}},"type":"cond-expr","locations":[{"start":{"line":620,"column":33},"end":{"line":620,"column":45}},{"start":{"line":620,"column":45},"end":{"line":620,"column":51}}]},"17":{"loc":{"start":{"line":622,"column":20},"end":{"line":622,"column":59}},"type":"cond-expr","locations":[{"start":{"line":622,"column":41},"end":{"line":622,"column":46}},{"start":{"line":622,"column":49},"end":{"line":622,"column":59}}]},"18":{"loc":{"start":{"line":626,"column":8},"end":{"line":629,"column":9}},"type":"if","locations":[{"start":{"line":626,"column":8},"end":{"line":629,"column":9}}]},"19":{"loc":{"start":{"line":657,"column":4},"end":{"line":663,"column":7}},"type":"if","locations":[{"start":{"line":657,"column":4},"end":{"line":663,"column":7}}]},"20":{"loc":{"start":{"line":666,"column":4},"end":{"line":672,"column":5}},"type":"if","locations":[{"start":{"line":666,"column":4},"end":{"line":672,"column":5}}]},"21":{"loc":{"start":{"line":674,"column":4},"end":{"line":696,"column":5}},"type":"if","locations":[{"start":{"line":674,"column":4},"end":{"line":696,"column":5}}]},"22":{"loc":{"start":{"line":675,"column":6},"end":{"line":692,"column":58}},"type":"binary-expr","locations":[{"start":{"line":675,"column":6},"end":{"line":675,"column":26}},{"start":{"line":676,"column":6},"end":{"line":676,"column":20}},{"start":{"line":677,"column":6},"end":{"line":677,"column":18}},{"start":{"line":678,"column":6},"end":{"line":678,"column":24}},{"start":{"line":679,"column":6},"end":{"line":679,"column":38}},{"start":{"line":680,"column":6},"end":{"line":680,"column":37}},{"start":{"line":681,"column":6},"end":{"line":681,"column":20}},{"start":{"line":682,"column":6},"end":{"line":682,"column":26}},{"start":{"line":683,"column":6},"end":{"line":683,"column":43}},{"start":{"line":684,"column":6},"end":{"line":684,"column":54}},{"start":{"line":685,"column":6},"end":{"line":685,"column":59}},{"start":{"line":686,"column":6},"end":{"line":686,"column":54}},{"start":{"line":687,"column":6},"end":{"line":687,"column":65}},{"start":{"line":688,"column":6},"end":{"line":688,"column":53}},{"start":{"line":689,"column":6},"end":{"line":689,"column":64}},{"start":{"line":690,"column":6},"end":{"line":690,"column":65}},{"start":{"line":691,"column":6},"end":{"line":691,"column":56}},{"start":{"line":692,"column":6},"end":{"line":692,"column":58}}]},"23":{"loc":{"start":{"line":698,"column":4},"end":{"line":704,"column":3}},"type":"if","locations":[{"start":{"line":698,"column":4},"end":{"line":704,"column":3}}]},"24":{"loc":{"start":{"line":698,"column":8},"end":{"line":701,"column":38}},"type":"binary-expr","locations":[{"start":{"line":698,"column":8},"end":{"line":698,"column":40}},{"start":{"line":699,"column":6},"end":{"line":699,"column":37}},{"start":{"line":700,"column":6},"end":{"line":700,"column":null}},{"start":{"line":701,"column":6},"end":{"line":701,"column":38}}]},"25":{"loc":{"start":{"line":706,"column":2},"end":{"line":731,"column":3}},"type":"if","locations":[{"start":{"line":706,"column":2},"end":{"line":731,"column":3}}]},"26":{"loc":{"start":{"line":707,"column":4},"end":{"line":727,"column":null}},"type":"binary-expr","locations":[{"start":{"line":707,"column":4},"end":{"line":707,"column":52}},{"start":{"line":708,"column":4},"end":{"line":708,"column":57}},{"start":{"line":709,"column":4},"end":{"line":709,"column":52}},{"start":{"line":710,"column":4},"end":{"line":710,"column":63}},{"start":{"line":711,"column":4},"end":{"line":711,"column":51}},{"start":{"line":712,"column":4},"end":{"line":712,"column":62}},{"start":{"line":713,"column":4},"end":{"line":713,"column":63}},{"start":{"line":714,"column":4},"end":{"line":715,"column":null}},{"start":{"line":717,"column":4},"end":{"line":718,"column":null}},{"start":{"line":720,"column":4},"end":{"line":720,"column":54}},{"start":{"line":721,"column":4},"end":{"line":721,"column":null}},{"start":{"line":722,"column":4},"end":{"line":722,"column":null}},{"start":{"line":723,"column":4},"end":{"line":723,"column":56}},{"start":{"line":724,"column":4},"end":{"line":724,"column":null}},{"start":{"line":725,"column":4},"end":{"line":725,"column":null}},{"start":{"line":726,"column":4},"end":{"line":726,"column":null}},{"start":{"line":727,"column":4},"end":{"line":727,"column":null}}]},"27":{"loc":{"start":{"line":733,"column":4},"end":{"line":736,"column":5}},"type":"if","locations":[{"start":{"line":733,"column":4},"end":{"line":736,"column":5}}]},"28":{"loc":{"start":{"line":741,"column":4},"end":{"line":749,"column":5}},"type":"if","locations":[{"start":{"line":741,"column":4},"end":{"line":749,"column":5}},{"start":{"line":744,"column":11},"end":{"line":749,"column":5}}]},"29":{"loc":{"start":{"line":744,"column":11},"end":{"line":749,"column":5}},"type":"if","locations":[{"start":{"line":744,"column":11},"end":{"line":749,"column":5}}]},"30":{"loc":{"start":{"line":755,"column":4},"end":{"line":763,"column":5}},"type":"if","locations":[{"start":{"line":755,"column":4},"end":{"line":763,"column":5}}]},"31":{"loc":{"start":{"line":756,"column":6},"end":{"line":757,"column":null}},"type":"binary-expr","locations":[{"start":{"line":756,"column":6},"end":{"line":756,"column":null}},{"start":{"line":757,"column":6},"end":{"line":757,"column":null}}]},"32":{"loc":{"start":{"line":773,"column":8},"end":{"line":776,"column":9}},"type":"if","locations":[{"start":{"line":773,"column":8},"end":{"line":776,"column":9}}]},"33":{"loc":{"start":{"line":789,"column":8},"end":{"line":792,"column":9}},"type":"if","locations":[{"start":{"line":789,"column":8},"end":{"line":792,"column":9}}]},"34":{"loc":{"start":{"line":811,"column":4},"end":{"line":814,"column":5}},"type":"if","locations":[{"start":{"line":811,"column":4},"end":{"line":814,"column":5}}]},"35":{"loc":{"start":{"line":811,"column":8},"end":{"line":811,"column":46}},"type":"binary-expr","locations":[{"start":{"line":811,"column":8},"end":{"line":811,"column":28}},{"start":{"line":811,"column":32},"end":{"line":811,"column":46}}]},"36":{"loc":{"start":{"line":819,"column":4},"end":{"line":827,"column":5}},"type":"if","locations":[{"start":{"line":819,"column":4},"end":{"line":827,"column":5}},{"start":{"line":822,"column":11},"end":{"line":827,"column":5}}]},"37":{"loc":{"start":{"line":822,"column":11},"end":{"line":827,"column":5}},"type":"if","locations":[{"start":{"line":822,"column":11},"end":{"line":827,"column":5}}]},"38":{"loc":{"start":{"line":833,"column":4},"end":{"line":841,"column":5}},"type":"if","locations":[{"start":{"line":833,"column":4},"end":{"line":841,"column":5}}]},"39":{"loc":{"start":{"line":834,"column":6},"end":{"line":835,"column":null}},"type":"binary-expr","locations":[{"start":{"line":834,"column":6},"end":{"line":834,"column":null}},{"start":{"line":835,"column":6},"end":{"line":835,"column":null}}]},"40":{"loc":{"start":{"line":847,"column":4},"end":{"line":853,"column":5}},"type":"if","locations":[{"start":{"line":847,"column":4},"end":{"line":853,"column":5}},{"start":{"line":850,"column":11},"end":{"line":853,"column":5}}]}},"s":{"0":0,"1":1,"2":1,"3":1,"4":3,"5":3,"6":3,"7":0,"8":0,"9":0,"10":0,"11":0,"12":0,"13":17,"14":17,"15":17,"16":17,"17":17,"18":3,"19":3,"20":14,"21":1,"22":1,"23":13,"24":6,"25":6,"26":6,"27":6,"28":2,"29":2,"30":11,"31":11,"32":1,"33":1,"34":10,"35":1,"36":1,"37":9,"38":1,"39":1,"40":1,"41":1,"42":8,"43":8,"44":0,"45":0,"46":8,"47":8,"48":0,"49":0,"50":0,"51":30,"52":30,"53":30,"54":30,"55":30,"56":29,"57":29,"58":29,"59":30,"60":29,"61":29,"62":29,"63":30,"64":18,"65":18,"66":12,"67":1,"68":1,"69":11,"70":6,"71":6,"72":5,"73":1,"74":1,"75":4,"76":4,"77":1,"78":1,"79":3,"80":1,"81":1,"82":2,"83":2,"84":2,"85":1,"86":1,"87":1,"88":1,"89":1,"90":1,"91":0,"92":0,"93":1,"94":1,"95":0,"96":0,"97":1,"98":1,"99":0,"100":0,"101":0,"102":7,"103":7,"104":7,"105":7,"106":7,"107":3,"108":3,"109":4,"110":4,"111":1,"112":1,"113":3,"114":1,"115":1,"116":2,"117":2,"118":2,"119":1,"120":1,"121":1,"122":1,"123":1,"124":1,"125":0,"126":0,"127":0,"128":0,"129":0},"f":{"0":0,"1":1,"2":1,"3":1,"4":0,"5":17,"6":8,"7":30,"8":1,"9":1,"10":1,"11":7},"b":{"0":[0,0],"1":[0,0],"2":[0],"3":[3],"4":[17,15],"5":[1],"6":[14,5],"7":[6],"8":[2],"9":[6,6,5,5],"10":[1,10],"11":[1],"12":[1],"13":[9,9],"14":[1],"15":[4,4],"16":[4,4],"17":[4,4],"18":[0],"19":[29],"20":[29],"21":[18],"22":[30,29,28,27,26,25,24,23,22,21,20,19,18,17,16,15,14,13],"23":[1],"24":[12,12,12,12],"25":[6],"26":[11,11,11,11,11,11,11,11,10,9,9,9,8,8,7,7,6],"27":[1],"28":[1,3],"29":[1],"30":[1],"31":[2,1],"32":[0],"33":[0],"34":[3],"35":[7,5],"36":[1,3],"37":[1],"38":[1],"39":[2,1],"40":[1,0]}}
,"/home/server/Desktop/Codice/pages/api/event/[IDCalendario].js": {"path":"/home/server/Desktop/Codice/pages/api/event/[IDCalendario].js","statementMap":{"0":{"start":{"line":6,"column":24},"end":{"line":6,"column":32}},"1":{"start":{"line":217,"column":22},"end":{"line":217,"column":31}},"2":{"start":{"line":1,"column":22},"end":{"line":1,"column":null}},"3":{"start":{"line":2,"column":23},"end":{"line":2,"column":null}},"4":{"start":{"line":3,"column":19},"end":{"line":3,"column":null}},"5":{"start":{"line":4,"column":30},"end":{"line":4,"column":null}},"6":{"start":{"line":7,"column":2},"end":{"line":9,"column":3}},"7":{"start":{"line":8,"column":4},"end":{"line":8,"column":null}},"8":{"start":{"line":218,"column":2},"end":{"line":218,"column":null}},"9":{"start":{"line":219,"column":2},"end":{"line":272,"column":null}},"10":{"start":{"line":220,"column":29},"end":{"line":220,"column":38}},"11":{"start":{"line":221,"column":23},"end":{"line":221,"column":32}},"12":{"start":{"line":223,"column":4},"end":{"line":226,"column":5}},"13":{"start":{"line":224,"column":6},"end":{"line":224,"column":null}},"14":{"start":{"line":225,"column":6},"end":{"line":225,"column":null}},"15":{"start":{"line":228,"column":18},"end":{"line":230,"column":null}},"16":{"start":{"line":231,"column":4},"end":{"line":239,"column":5}},"17":{"start":{"line":232,"column":6},"end":{"line":232,"column":null}},"18":{"start":{"line":233,"column":6},"end":{"line":233,"column":null}},"19":{"start":{"line":234,"column":11},"end":{"line":239,"column":5}},"20":{"start":{"line":235,"column":6},"end":{"line":237,"column":null}},"21":{"start":{"line":238,"column":6},"end":{"line":238,"column":null}},"22":{"start":{"line":240,"column":19},"end":{"line":240,"column":53}},"23":{"start":{"line":242,"column":31},"end":{"line":244,"column":null}},"24":{"start":{"line":245,"column":4},"end":{"line":250,"column":5}},"25":{"start":{"line":246,"column":6},"end":{"line":248,"column":null}},"26":{"start":{"line":249,"column":6},"end":{"line":249,"column":null}},"27":{"start":{"line":252,"column":19},"end":{"line":257,"column":null}},"28":{"start":{"line":258,"column":4},"end":{"line":263,"column":5}},"29":{"start":{"line":259,"column":6},"end":{"line":261,"column":null}},"30":{"start":{"line":262,"column":6},"end":{"line":262,"column":null}},"31":{"start":{"line":264,"column":4},"end":{"line":266,"column":null}},"32":{"start":{"line":267,"column":4},"end":{"line":267,"column":null}},"33":{"start":{"line":269,"column":4},"end":{"line":269,"column":null}},"34":{"start":{"line":270,"column":4},"end":{"line":270,"column":null}},"35":{"start":{"line":271,"column":4},"end":{"line":271,"column":31}}},"fnMap":{"0":{"name":"(anonymous_1)","decl":{"start":{"line":10,"column":1},"end":{"line":10,"column":null}},"loc":{"start":{"line":6,"column":24},"end":{"line":6,"column":32}}},"1":{"name":"(anonymous_2)","decl":{"start":{"line":217,"column":31},"end":{"line":217,"column":32}},"loc":{"start":{"line":217,"column":22},"end":{"line":217,"column":31}}},"2":{"name":"handler","decl":{"start":{"line":6,"column":24},"end":{"line":6,"column":32}},"loc":{"start":{"line":6,"column":42},"end":{"line":10,"column":1}}},"3":{"name":"getEventi","decl":{"start":{"line":217,"column":22},"end":{"line":217,"column":31}},"loc":{"start":{"line":217,"column":42},"end":{"line":273,"column":null}}}},"branchMap":{"0":{"loc":{"start":{"line":7,"column":2},"end":{"line":9,"column":3}},"type":"if","locations":[{"start":{"line":7,"column":2},"end":{"line":9,"column":3}}]},"1":{"loc":{"start":{"line":223,"column":4},"end":{"line":226,"column":5}},"type":"if","locations":[{"start":{"line":223,"column":4},"end":{"line":226,"column":5}}]},"2":{"loc":{"start":{"line":223,"column":8},"end":{"line":223,"column":46}},"type":"binary-expr","locations":[{"start":{"line":223,"column":8},"end":{"line":223,"column":28}},{"start":{"line":223,"column":32},"end":{"line":223,"column":46}}]},"3":{"loc":{"start":{"line":231,"column":4},"end":{"line":239,"column":5}},"type":"if","locations":[{"start":{"line":231,"column":4},"end":{"line":239,"column":5}},{"start":{"line":234,"column":11},"end":{"line":239,"column":5}}]},"4":{"loc":{"start":{"line":234,"column":11},"end":{"line":239,"column":5}},"type":"if","locations":[{"start":{"line":234,"column":11},"end":{"line":239,"column":5}}]},"5":{"loc":{"start":{"line":245,"column":4},"end":{"line":250,"column":5}},"type":"if","locations":[{"start":{"line":245,"column":4},"end":{"line":250,"column":5}}]},"6":{"loc":{"start":{"line":258,"column":4},"end":{"line":263,"column":5}},"type":"if","locations":[{"start":{"line":258,"column":4},"end":{"line":263,"column":5}}]}},"s":{"0":0,"1":1,"2":1,"3":1,"4":1,"5":1,"6":0,"7":0,"8":7,"9":7,"10":7,"11":7,"12":7,"13":2,"14":2,"15":5,"16":5,"17":1,"18":1,"19":4,"20":1,"21":1,"22":3,"23":3,"24":3,"25":1,"26":1,"27":2,"28":2,"29":1,"30":1,"31":1,"32":1,"33":0,"34":0,"35":0},"f":{"0":0,"1":1,"2":0,"3":7},"b":{"0":[0],"1":[2],"2":[7,6],"3":[1,4],"4":[1],"5":[1],"6":[1]}}
,"/home/server/Desktop/Codice/pages/api/event/index.js": {"path":"/home/server/Desktop/Codice/pages/api/event/index.js","statementMap":{"0":{"start":{"line":6,"column":24},"end":{"line":6,"column":32}},"1":{"start":{"line":892,"column":22},"end":{"line":892,"column":32}},"2":{"start":{"line":1094,"column":22},"end":{"line":1094,"column":36}},"3":{"start":{"line":1339,"column":22},"end":{"line":1339,"column":35}},"4":{"start":{"line":1,"column":22},"end":{"line":1,"column":null}},"5":{"start":{"line":2,"column":19},"end":{"line":2,"column":null}},"6":{"start":{"line":3,"column":23},"end":{"line":3,"column":null}},"7":{"start":{"line":4,"column":30},"end":{"line":4,"column":null}},"8":{"start":{"line":7,"column":2},"end":{"line":13,"column":3}},"9":{"start":{"line":8,"column":4},"end":{"line":8,"column":null}},"10":{"start":{"line":9,"column":9},"end":{"line":13,"column":3}},"11":{"start":{"line":10,"column":4},"end":{"line":10,"column":null}},"12":{"start":{"line":11,"column":9},"end":{"line":13,"column":3}},"13":{"start":{"line":12,"column":4},"end":{"line":12,"column":null}},"14":{"start":{"line":893,"column":2},"end":{"line":893,"column":null}},"15":{"start":{"line":894,"column":2},"end":{"line":1091,"column":null}},"16":{"start":{"line":908,"column":8},"end":{"line":908,"column":17}},"17":{"start":{"line":909,"column":23},"end":{"line":909,"column":32}},"18":{"start":{"line":911,"column":4},"end":{"line":923,"column":5}},"19":{"start":{"line":919,"column":6},"end":{"line":921,"column":78}},"20":{"start":{"line":922,"column":6},"end":{"line":922,"column":null}},"21":{"start":{"line":926,"column":4},"end":{"line":945,"column":5}},"22":{"start":{"line":927,"column":6},"end":{"line":931,"column":null}},"23":{"start":{"line":928,"column":8},"end":{"line":928,"column":null}},"24":{"start":{"line":930,"column":8},"end":{"line":930,"column":null}},"25":{"start":{"line":932,"column":6},"end":{"line":944,"column":7}},"26":{"start":{"line":942,"column":8},"end":{"line":942,"column":null}},"27":{"start":{"line":943,"column":8},"end":{"line":943,"column":null}},"28":{"start":{"line":946,"column":4},"end":{"line":949,"column":5}},"29":{"start":{"line":947,"column":6},"end":{"line":947,"column":null}},"30":{"start":{"line":948,"column":6},"end":{"line":948,"column":null}},"31":{"start":{"line":950,"column":4},"end":{"line":953,"column":5}},"32":{"start":{"line":951,"column":6},"end":{"line":951,"column":null}},"33":{"start":{"line":952,"column":6},"end":{"line":952,"column":null}},"34":{"start":{"line":955,"column":4},"end":{"line":966,"column":5}},"35":{"start":{"line":956,"column":6},"end":{"line":960,"column":null}},"36":{"start":{"line":957,"column":8},"end":{"line":957,"column":null}},"37":{"start":{"line":959,"column":8},"end":{"line":959,"column":null}},"38":{"start":{"line":962,"column":6},"end":{"line":965,"column":7}},"39":{"start":{"line":963,"column":8},"end":{"line":963,"column":null}},"40":{"start":{"line":964,"column":8},"end":{"line":964,"column":null}},"41":{"start":{"line":967,"column":4},"end":{"line":970,"column":5}},"42":{"start":{"line":968,"column":6},"end":{"line":968,"column":null}},"43":{"start":{"line":969,"column":6},"end":{"line":969,"column":null}},"44":{"start":{"line":974,"column":4},"end":{"line":1005,"column":5}},"45":{"start":{"line":975,"column":6},"end":{"line":985,"column":7}},"46":{"start":{"line":976,"column":8},"end":{"line":980,"column":null}},"47":{"start":{"line":977,"column":10},"end":{"line":977,"column":null}},"48":{"start":{"line":979,"column":10},"end":{"line":979,"column":null}},"49":{"start":{"line":981,"column":8},"end":{"line":984,"column":9}},"50":{"start":{"line":982,"column":10},"end":{"line":982,"column":null}},"51":{"start":{"line":983,"column":10},"end":{"line":983,"column":null}},"52":{"start":{"line":987,"column":6},"end":{"line":1004,"column":7}},"53":{"start":{"line":988,"column":8},"end":{"line":992,"column":null}},"54":{"start":{"line":989,"column":10},"end":{"line":989,"column":null}},"55":{"start":{"line":991,"column":10},"end":{"line":991,"column":null}},"56":{"start":{"line":993,"column":8},"end":{"line":1003,"column":9}},"57":{"start":{"line":1001,"column":10},"end":{"line":1001,"column":null}},"58":{"start":{"line":1002,"column":10},"end":{"line":1002,"column":null}},"59":{"start":{"line":1007,"column":18},"end":{"line":1009,"column":null}},"60":{"start":{"line":1010,"column":4},"end":{"line":1018,"column":5}},"61":{"start":{"line":1011,"column":6},"end":{"line":1011,"column":null}},"62":{"start":{"line":1012,"column":6},"end":{"line":1012,"column":null}},"63":{"start":{"line":1013,"column":11},"end":{"line":1018,"column":5}},"64":{"start":{"line":1014,"column":6},"end":{"line":1016,"column":null}},"65":{"start":{"line":1017,"column":6},"end":{"line":1017,"column":null}},"66":{"start":{"line":1020,"column":19},"end":{"line":1020,"column":53}},"67":{"start":{"line":1022,"column":31},"end":{"line":1024,"column":null}},"68":{"start":{"line":1025,"column":4},"end":{"line":1034,"column":5}},"69":{"start":{"line":1029,"column":6},"end":{"line":1032,"column":null}},"70":{"start":{"line":1033,"column":6},"end":{"line":1033,"column":null}},"71":{"start":{"line":1036,"column":4},"end":{"line":1036,"column":null}},"72":{"start":{"line":1037,"column":27},"end":{"line":1037,"column":163}},"73":{"start":{"line":1037,"column":110},"end":{"line":1037,"column":129}},"74":{"start":{"line":1039,"column":4},"end":{"line":1083,"column":5}},"75":{"start":{"line":1040,"column":6},"end":{"line":1059,"column":null}},"76":{"start":{"line":1055,"column":10},"end":{"line":1058,"column":11}},"77":{"start":{"line":1056,"column":12},"end":{"line":1056,"column":null}},"78":{"start":{"line":1057,"column":12},"end":{"line":1057,"column":null}},"79":{"start":{"line":1062,"column":6},"end":{"line":1081,"column":null}},"80":{"start":{"line":1077,"column":10},"end":{"line":1080,"column":11}},"81":{"start":{"line":1078,"column":12},"end":{"line":1078,"column":null}},"82":{"start":{"line":1079,"column":12},"end":{"line":1079,"column":null}},"83":{"start":{"line":1085,"column":4},"end":{"line":1085,"column":null}},"84":{"start":{"line":1086,"column":4},"end":{"line":1086,"column":null}},"85":{"start":{"line":1088,"column":4},"end":{"line":1088,"column":null}},"86":{"start":{"line":1089,"column":4},"end":{"line":1089,"column":null}},"87":{"start":{"line":1090,"column":4},"end":{"line":1090,"column":31}},"88":{"start":{"line":1095,"column":2},"end":{"line":1095,"column":null}},"89":{"start":{"line":1096,"column":2},"end":{"line":1336,"column":null}},"90":{"start":{"line":1111,"column":8},"end":{"line":1111,"column":17}},"91":{"start":{"line":1112,"column":23},"end":{"line":1112,"column":32}},"92":{"start":{"line":1115,"column":4},"end":{"line":1121,"column":5}},"93":{"start":{"line":1116,"column":6},"end":{"line":1120,"column":null}},"94":{"start":{"line":1117,"column":8},"end":{"line":1117,"column":null}},"95":{"start":{"line":1119,"column":8},"end":{"line":1119,"column":null}},"96":{"start":{"line":1123,"column":4},"end":{"line":1129,"column":5}},"97":{"start":{"line":1124,"column":6},"end":{"line":1128,"column":null}},"98":{"start":{"line":1125,"column":8},"end":{"line":1125,"column":null}},"99":{"start":{"line":1127,"column":8},"end":{"line":1127,"column":null}},"100":{"start":{"line":1131,"column":4},"end":{"line":1147,"column":5}},"101":{"start":{"line":1132,"column":6},"end":{"line":1138,"column":7}},"102":{"start":{"line":1133,"column":8},"end":{"line":1137,"column":null}},"103":{"start":{"line":1134,"column":10},"end":{"line":1134,"column":null}},"104":{"start":{"line":1136,"column":10},"end":{"line":1136,"column":null}},"105":{"start":{"line":1140,"column":6},"end":{"line":1146,"column":7}},"106":{"start":{"line":1141,"column":8},"end":{"line":1145,"column":null}},"107":{"start":{"line":1142,"column":10},"end":{"line":1142,"column":null}},"108":{"start":{"line":1144,"column":10},"end":{"line":1144,"column":null}},"109":{"start":{"line":1149,"column":4},"end":{"line":1167,"column":5}},"110":{"start":{"line":1165,"column":6},"end":{"line":1165,"column":null}},"111":{"start":{"line":1166,"column":6},"end":{"line":1166,"column":null}},"112":{"start":{"line":1169,"column":4},"end":{"line":1172,"column":5}},"113":{"start":{"line":1170,"column":6},"end":{"line":1170,"column":null}},"114":{"start":{"line":1171,"column":6},"end":{"line":1171,"column":null}},"115":{"start":{"line":1173,"column":4},"end":{"line":1176,"column":5}},"116":{"start":{"line":1174,"column":6},"end":{"line":1174,"column":null}},"117":{"start":{"line":1175,"column":6},"end":{"line":1175,"column":null}},"118":{"start":{"line":1178,"column":4},"end":{"line":1181,"column":5}},"119":{"start":{"line":1179,"column":6},"end":{"line":1179,"column":null}},"120":{"start":{"line":1180,"column":6},"end":{"line":1180,"column":null}},"121":{"start":{"line":1183,"column":4},"end":{"line":1195,"column":5}},"122":{"start":{"line":1193,"column":6},"end":{"line":1193,"column":null}},"123":{"start":{"line":1194,"column":6},"end":{"line":1194,"column":null}},"124":{"start":{"line":1196,"column":4},"end":{"line":1199,"column":5}},"125":{"start":{"line":1197,"column":6},"end":{"line":1197,"column":null}},"126":{"start":{"line":1198,"column":6},"end":{"line":1198,"column":null}},"127":{"start":{"line":1201,"column":4},"end":{"line":1222,"column":5}},"128":{"start":{"line":1202,"column":6},"end":{"line":1207,"column":7}},"129":{"start":{"line":1203,"column":8},"end":{"line":1206,"column":9}},"130":{"start":{"line":1204,"column":10},"end":{"line":1204,"column":null}},"131":{"start":{"line":1205,"column":10},"end":{"line":1205,"column":null}},"132":{"start":{"line":1209,"column":6},"end":{"line":1221,"column":7}},"133":{"start":{"line":1210,"column":8},"end":{"line":1220,"column":9}},"134":{"start":{"line":1218,"column":10},"end":{"line":1218,"column":null}},"135":{"start":{"line":1219,"column":10},"end":{"line":1219,"column":null}},"136":{"start":{"line":1224,"column":18},"end":{"line":1226,"column":null}},"137":{"start":{"line":1227,"column":4},"end":{"line":1235,"column":5}},"138":{"start":{"line":1228,"column":6},"end":{"line":1228,"column":null}},"139":{"start":{"line":1229,"column":6},"end":{"line":1229,"column":null}},"140":{"start":{"line":1230,"column":11},"end":{"line":1235,"column":5}},"141":{"start":{"line":1231,"column":6},"end":{"line":1233,"column":null}},"142":{"start":{"line":1234,"column":6},"end":{"line":1234,"column":null}},"143":{"start":{"line":1236,"column":19},"end":{"line":1236,"column":53}},"144":{"start":{"line":1238,"column":19},"end":{"line":1241,"column":null}},"145":{"start":{"line":1242,"column":4},"end":{"line":1250,"column":5}},"146":{"start":{"line":1246,"column":6},"end":{"line":1248,"column":null}},"147":{"start":{"line":1249,"column":6},"end":{"line":1249,"column":null}},"148":{"start":{"line":1252,"column":23},"end":{"line":1255,"column":null}},"149":{"start":{"line":1256,"column":4},"end":{"line":1265,"column":5}},"150":{"start":{"line":1260,"column":6},"end":{"line":1263,"column":null}},"151":{"start":{"line":1264,"column":6},"end":{"line":1264,"column":null}},"152":{"start":{"line":1267,"column":27},"end":{"line":1267,"column":null}},"153":{"start":{"line":1267,"column":57},"end":{"line":1267,"column":null}},"154":{"start":{"line":1269,"column":4},"end":{"line":1279,"column":null}},"155":{"start":{"line":1275,"column":8},"end":{"line":1278,"column":9}},"156":{"start":{"line":1276,"column":10},"end":{"line":1276,"column":null}},"157":{"start":{"line":1277,"column":10},"end":{"line":1277,"column":null}},"158":{"start":{"line":1282,"column":4},"end":{"line":1328,"column":5}},"159":{"start":{"line":1283,"column":6},"end":{"line":1303,"column":null}},"160":{"start":{"line":1299,"column":10},"end":{"line":1302,"column":11}},"161":{"start":{"line":1300,"column":12},"end":{"line":1300,"column":null}},"162":{"start":{"line":1301,"column":12},"end":{"line":1301,"column":null}},"163":{"start":{"line":1306,"column":6},"end":{"line":1326,"column":null}},"164":{"start":{"line":1322,"column":10},"end":{"line":1325,"column":11}},"165":{"start":{"line":1323,"column":12},"end":{"line":1323,"column":null}},"166":{"start":{"line":1324,"column":12},"end":{"line":1324,"column":null}},"167":{"start":{"line":1330,"column":4},"end":{"line":1330,"column":null}},"168":{"start":{"line":1331,"column":4},"end":{"line":1331,"column":null}},"169":{"start":{"line":1333,"column":4},"end":{"line":1333,"column":null}},"170":{"start":{"line":1334,"column":4},"end":{"line":1334,"column":null}},"171":{"start":{"line":1335,"column":4},"end":{"line":1335,"column":31}},"172":{"start":{"line":1340,"column":2},"end":{"line":1340,"column":null}},"173":{"start":{"line":1341,"column":2},"end":{"line":1392,"column":null}},"174":{"start":{"line":1342,"column":25},"end":{"line":1342,"column":34}},"175":{"start":{"line":1343,"column":23},"end":{"line":1343,"column":32}},"176":{"start":{"line":1345,"column":4},"end":{"line":1348,"column":5}},"177":{"start":{"line":1346,"column":6},"end":{"line":1346,"column":null}},"178":{"start":{"line":1347,"column":6},"end":{"line":1347,"column":null}},"179":{"start":{"line":1350,"column":18},"end":{"line":1352,"column":null}},"180":{"start":{"line":1353,"column":4},"end":{"line":1361,"column":5}},"181":{"start":{"line":1354,"column":6},"end":{"line":1354,"column":null}},"182":{"start":{"line":1355,"column":6},"end":{"line":1355,"column":null}},"183":{"start":{"line":1356,"column":11},"end":{"line":1361,"column":5}},"184":{"start":{"line":1357,"column":6},"end":{"line":1359,"column":null}},"185":{"start":{"line":1360,"column":6},"end":{"line":1360,"column":null}},"186":{"start":{"line":1362,"column":19},"end":{"line":1362,"column":53}},"187":{"start":{"line":1364,"column":28},"end":{"line":1366,"column":null}},"188":{"start":{"line":1367,"column":4},"end":{"line":1375,"column":5}},"189":{"start":{"line":1371,"column":6},"end":{"line":1373,"column":null}},"190":{"start":{"line":1374,"column":6},"end":{"line":1374,"column":null}},"191":{"start":{"line":1377,"column":24},"end":{"line":1379,"column":null}},"192":{"start":{"line":1381,"column":4},"end":{"line":1387,"column":5}},"193":{"start":{"line":1382,"column":6},"end":{"line":1382,"column":null}},"194":{"start":{"line":1383,"column":6},"end":{"line":1383,"column":null}},"195":{"start":{"line":1385,"column":6},"end":{"line":1385,"column":null}},"196":{"start":{"line":1386,"column":6},"end":{"line":1386,"column":null}},"197":{"start":{"line":1389,"column":4},"end":{"line":1389,"column":null}},"198":{"start":{"line":1390,"column":4},"end":{"line":1390,"column":null}},"199":{"start":{"line":1391,"column":4},"end":{"line":1391,"column":31}},"200":{"start":{"line":894,"column":2},"end":{"line":1090,"column":10}},"201":{"start":{"line":1036,"column":16},"end":{"line":1036,"column":null}},"202":{"start":{"line":1037,"column":4},"end":{"line":1081,"column":null}},"203":{"start":{"line":1039,"column":8},"end":{"line":1058,"column":11}},"204":{"start":{"line":1054,"column":8},"end":{"line":1057,"column":null}},"205":{"start":{"line":1055,"column":14},"end":{"line":1056,"column":42}},"206":{"start":{"line":1056,"column":57},"end":{"line":1056,"column":null}},"207":{"start":{"line":1061,"column":4},"end":{"line":1080,"column":11}},"208":{"start":{"line":1076,"column":8},"end":{"line":1079,"column":null}},"209":{"start":{"line":1077,"column":14},"end":{"line":1078,"column":42}},"210":{"start":{"line":1078,"column":57},"end":{"line":1078,"column":null}},"211":{"start":{"line":1083,"column":4},"end":{"line":1085,"column":36}},"212":{"start":{"line":1085,"column":63},"end":{"line":1085,"column":null}},"213":{"start":{"line":1087,"column":4},"end":{"line":1087,"column":null}},"214":{"start":{"line":1088,"column":4},"end":{"line":1089,"column":34}},"215":{"start":{"line":1089,"column":50},"end":{"line":1089,"column":null}},"216":{"start":{"line":1094,"column":7},"end":{"line":1094,"column":45}},"217":{"start":{"line":1095,"column":2},"end":{"line":1335,"column":10}},"218":{"start":{"line":1096,"column":6},"end":{"line":1096,"column":null}},"219":{"start":{"line":1099,"column":6},"end":{"line":1099,"column":18}},"220":{"start":{"line":1114,"column":4},"end":{"line":1120,"column":null}},"221":{"start":{"line":1115,"column":8},"end":{"line":1119,"column":20}},"222":{"start":{"line":1116,"column":10},"end":{"line":1116,"column":null}},"223":{"start":{"line":1118,"column":8},"end":{"line":1118,"column":null}},"224":{"start":{"line":1122,"column":4},"end":{"line":1128,"column":null}},"225":{"start":{"line":1123,"column":8},"end":{"line":1127,"column":24}},"226":{"start":{"line":1124,"column":10},"end":{"line":1124,"column":null}},"227":{"start":{"line":1126,"column":8},"end":{"line":1126,"column":null}},"228":{"start":{"line":1130,"column":4},"end":{"line":1146,"column":7}},"229":{"start":{"line":1131,"column":8},"end":{"line":1137,"column":null}},"230":{"start":{"line":1132,"column":10},"end":{"line":1136,"column":23}},"231":{"start":{"line":1133,"column":12},"end":{"line":1133,"column":null}},"232":{"start":{"line":1135,"column":10},"end":{"line":1135,"column":null}},"233":{"start":{"line":1139,"column":4},"end":{"line":1145,"column":null}},"234":{"start":{"line":1140,"column":10},"end":{"line":1144,"column":23}},"235":{"start":{"line":1141,"column":12},"end":{"line":1141,"column":null}},"236":{"start":{"line":1143,"column":10},"end":{"line":1143,"column":null}},"237":{"start":{"line":1147,"column":4},"end":{"line":1166,"column":null}},"238":{"start":{"line":1150,"column":6},"end":{"line":1165,"column":36}},"239":{"start":{"line":1165,"column":56},"end":{"line":1165,"column":null}},"240":{"start":{"line":1167,"column":4},"end":{"line":1171,"column":null}},"241":{"start":{"line":1169,"column":8},"end":{"line":1170,"column":36}},"242":{"start":{"line":1170,"column":64},"end":{"line":1170,"column":null}},"243":{"start":{"line":1172,"column":4},"end":{"line":1175,"column":null}},"244":{"start":{"line":1173,"column":8},"end":{"line":1174,"column":36}},"245":{"start":{"line":1174,"column":66},"end":{"line":1174,"column":null}},"246":{"start":{"line":1176,"column":4},"end":{"line":1180,"column":null}},"247":{"start":{"line":1178,"column":8},"end":{"line":1179,"column":36}},"248":{"start":{"line":1179,"column":62},"end":{"line":1179,"column":null}},"249":{"start":{"line":1181,"column":4},"end":{"line":1194,"column":null}},"250":{"start":{"line":1184,"column":6},"end":{"line":1193,"column":36}},"251":{"start":{"line":1193,"column":64},"end":{"line":1193,"column":null}},"252":{"start":{"line":1195,"column":4},"end":{"line":1198,"column":null}},"253":{"start":{"line":1196,"column":8},"end":{"line":1197,"column":36}},"254":{"start":{"line":1197,"column":65},"end":{"line":1197,"column":null}},"255":{"start":{"line":1199,"column":4},"end":{"line":1221,"column":7}},"256":{"start":{"line":1201,"column":8},"end":{"line":1206,"column":9}},"257":{"start":{"line":1202,"column":10},"end":{"line":1205,"column":null}},"258":{"start":{"line":1203,"column":12},"end":{"line":1204,"column":40}},"259":{"start":{"line":1204,"column":73},"end":{"line":1204,"column":null}},"260":{"start":{"line":1208,"column":4},"end":{"line":1220,"column":9}},"261":{"start":{"line":1209,"column":10},"end":{"line":1219,"column":null}},"262":{"start":{"line":1211,"column":10},"end":{"line":1218,"column":40}},"263":{"start":{"line":1218,"column":74},"end":{"line":1218,"column":null}},"264":{"start":{"line":1222,"column":5},"end":{"line":1225,"column":14}},"265":{"start":{"line":1226,"column":4},"end":{"line":1234,"column":null}},"266":{"start":{"line":1227,"column":8},"end":{"line":1228,"column":36}},"267":{"start":{"line":1228,"column":72},"end":{"line":1228,"column":null}},"268":{"start":{"line":1229,"column":6},"end":{"line":1234,"column":null}},"269":{"start":{"line":1230,"column":4},"end":{"line":1233,"column":23}},"270":{"start":{"line":1233,"column":67},"end":{"line":1233,"column":null}},"271":{"start":{"line":1235,"column":5},"end":{"line":1235,"column":null}},"272":{"start":{"line":1236,"column":19},"end":{"line":1240,"column":20}},"273":{"start":{"line":1241,"column":4},"end":{"line":1249,"column":null}},"274":{"start":{"line":1243,"column":6},"end":{"line":1247,"column":15}},"275":{"start":{"line":1248,"column":6},"end":{"line":1248,"column":null}},"276":{"start":{"line":1250,"column":5},"end":{"line":1254,"column":20}},"277":{"start":{"line":1255,"column":4},"end":{"line":1264,"column":null}},"278":{"start":{"line":1257,"column":6},"end":{"line":1261,"column":null}},"279":{"start":{"line":1263,"column":6},"end":{"line":1263,"column":null}},"280":{"start":{"line":1265,"column":5},"end":{"line":1265,"column":null}},"281":{"start":{"line":1267,"column":4},"end":{"line":1278,"column":9}},"282":{"start":{"line":1274,"column":6},"end":{"line":1277,"column":null}},"283":{"start":{"line":1275,"column":12},"end":{"line":1276,"column":40}},"284":{"start":{"line":1276,"column":55},"end":{"line":1276,"column":null}},"285":{"start":{"line":1279,"column":6},"end":{"line":1326,"column":null}},"286":{"start":{"line":1282,"column":8},"end":{"line":1302,"column":11}},"287":{"start":{"line":1298,"column":8},"end":{"line":1301,"column":null}},"288":{"start":{"line":1299,"column":14},"end":{"line":1300,"column":42}},"289":{"start":{"line":1300,"column":57},"end":{"line":1300,"column":null}},"290":{"start":{"line":1305,"column":4},"end":{"line":1325,"column":11}},"291":{"start":{"line":1321,"column":8},"end":{"line":1324,"column":null}},"292":{"start":{"line":1322,"column":14},"end":{"line":1323,"column":42}},"293":{"start":{"line":1323,"column":57},"end":{"line":1323,"column":null}},"294":{"start":{"line":1328,"column":4},"end":{"line":1330,"column":36}},"295":{"start":{"line":1330,"column":61},"end":{"line":1330,"column":null}},"296":{"start":{"line":1332,"column":4},"end":{"line":1332,"column":null}},"297":{"start":{"line":1333,"column":4},"end":{"line":1334,"column":34}},"298":{"start":{"line":1334,"column":50},"end":{"line":1334,"column":null}},"299":{"start":{"line":1339,"column":7},"end":{"line":1339,"column":44}},"300":{"start":{"line":1340,"column":2},"end":{"line":1391,"column":10}},"301":{"start":{"line":1341,"column":6},"end":{"line":1341,"column":null}},"302":{"start":{"line":1342,"column":22},"end":{"line":1342,"column":34}},"303":{"start":{"line":1343,"column":4},"end":{"line":1347,"column":null}},"304":{"start":{"line":1345,"column":8},"end":{"line":1346,"column":36}},"305":{"start":{"line":1346,"column":56},"end":{"line":1346,"column":null}},"306":{"start":{"line":1348,"column":5},"end":{"line":1351,"column":14}},"307":{"start":{"line":1352,"column":4},"end":{"line":1360,"column":null}},"308":{"start":{"line":1353,"column":8},"end":{"line":1354,"column":36}},"309":{"start":{"line":1354,"column":72},"end":{"line":1354,"column":null}},"310":{"start":{"line":1355,"column":6},"end":{"line":1360,"column":null}},"311":{"start":{"line":1356,"column":4},"end":{"line":1359,"column":23}},"312":{"start":{"line":1359,"column":67},"end":{"line":1359,"column":null}},"313":{"start":{"line":1361,"column":5},"end":{"line":1361,"column":null}},"314":{"start":{"line":1362,"column":27},"end":{"line":1365,"column":null}},"315":{"start":{"line":1366,"column":4},"end":{"line":1374,"column":null}},"316":{"start":{"line":1368,"column":6},"end":{"line":1372,"column":15}},"317":{"start":{"line":1373,"column":6},"end":{"line":1373,"column":null}},"318":{"start":{"line":1375,"column":5},"end":{"line":1378,"column":11}},"319":{"start":{"line":1379,"column":4},"end":{"line":1386,"column":null}},"320":{"start":{"line":1381,"column":8},"end":{"line":1382,"column":38}},"321":{"start":{"line":1382,"column":64},"end":{"line":1382,"column":null}},"322":{"start":{"line":1384,"column":4},"end":{"line":1385,"column":36}},"323":{"start":{"line":1385,"column":56},"end":{"line":1385,"column":null}},"324":{"start":{"line":1388,"column":4},"end":{"line":1388,"column":null}},"325":{"start":{"line":1389,"column":4},"end":{"line":1390,"column":34}},"326":{"start":{"line":1390,"column":50},"end":{"line":1390,"column":null}}},"fnMap":{"0":{"name":"(anonymous_1)","decl":{"start":{"line":14,"column":1},"end":{"line":14,"column":null}},"loc":{"start":{"line":6,"column":24},"end":{"line":6,"column":32}}},"1":{"name":"(anonymous_2)","decl":{"start":{"line":892,"column":32},"end":{"line":892,"column":33}},"loc":{"start":{"line":892,"column":22},"end":{"line":892,"column":32}}},"2":{"name":"(anonymous_3)","decl":{"start":{"line":1094,"column":36},"end":{"line":1094,"column":37}},"loc":{"start":{"line":1094,"column":22},"end":{"line":1094,"column":36}}},"3":{"name":"(anonymous_4)","decl":{"start":{"line":1339,"column":35},"end":{"line":1339,"column":36}},"loc":{"start":{"line":1339,"column":22},"end":{"line":1339,"column":35}}},"4":{"name":"handler","decl":{"start":{"line":6,"column":24},"end":{"line":6,"column":32}},"loc":{"start":{"line":6,"column":42},"end":{"line":14,"column":1}}},"5":{"name":"creaEvento","decl":{"start":{"line":892,"column":22},"end":{"line":892,"column":32}},"loc":{"start":{"line":892,"column":43},"end":{"line":1092,"column":null}}},"6":{"name":"(anonymous_8)","decl":{"start":{"line":1037,"column":100},"end":{"line":1037,"column":101}},"loc":{"start":{"line":1037,"column":110},"end":{"line":1037,"column":129}}},"7":{"name":"(anonymous_9)","decl":{"start":{"line":1054,"column":8},"end":{"line":1054,"column":18}},"loc":{"start":{"line":1054,"column":33},"end":{"line":1059,"column":null}}},"8":{"name":"(anonymous_10)","decl":{"start":{"line":1076,"column":8},"end":{"line":1076,"column":18}},"loc":{"start":{"line":1076,"column":33},"end":{"line":1081,"column":null}}},"9":{"name":"modificaEvento","decl":{"start":{"line":1094,"column":22},"end":{"line":1094,"column":36}},"loc":{"start":{"line":1094,"column":47},"end":{"line":1337,"column":null}}},"10":{"name":"(anonymous_12)","decl":{"start":{"line":1267,"column":47},"end":{"line":1267,"column":48}},"loc":{"start":{"line":1267,"column":57},"end":{"line":1267,"column":null}}},"11":{"name":"(anonymous_13)","decl":{"start":{"line":1274,"column":6},"end":{"line":1274,"column":16}},"loc":{"start":{"line":1274,"column":31},"end":{"line":1279,"column":null}}},"12":{"name":"(anonymous_14)","decl":{"start":{"line":1298,"column":8},"end":{"line":1298,"column":18}},"loc":{"start":{"line":1298,"column":33},"end":{"line":1303,"column":null}}},"13":{"name":"(anonymous_15)","decl":{"start":{"line":1321,"column":8},"end":{"line":1321,"column":18}},"loc":{"start":{"line":1321,"column":33},"end":{"line":1326,"column":null}}},"14":{"name":"eliminaEvento","decl":{"start":{"line":1339,"column":22},"end":{"line":1339,"column":35}},"loc":{"start":{"line":1339,"column":46},"end":{"line":1393,"column":null}}},"15":{"name":"(anonymous_8)","decl":{"start":{"line":1036,"column":16},"end":{"line":1036,"column":null}},"loc":{"start":{"line":1036,"column":16},"end":{"line":1036,"column":null}}},"16":{"name":"(anonymous_9)","decl":{"start":{"line":1052,"column":10},"end":{"line":1052,"column":25}},"loc":{"start":{"line":1052,"column":25},"end":{"line":1058,"column":11}}},"17":{"name":"(anonymous_10)","decl":{"start":{"line":1074,"column":10},"end":{"line":1074,"column":26}},"loc":{"start":{"line":1074,"column":26},"end":{"line":1080,"column":11}}},"18":{"name":"modificaEvento","decl":{"start":{"line":1092,"column":0},"end":{"line":1092,"column":null}},"loc":{"start":{"line":1092,"column":0},"end":{"line":1336,"column":null}}},"19":{"name":"(anonymous_12)","decl":{"start":{"line":1265,"column":5},"end":{"line":1265,"column":null}},"loc":{"start":{"line":1265,"column":5},"end":{"line":1265,"column":null}}},"20":{"name":"(anonymous_13)","decl":{"start":{"line":1272,"column":30},"end":{"line":1272,"column":null}},"loc":{"start":{"line":1272,"column":30},"end":{"line":1278,"column":9}}},"21":{"name":"(anonymous_14)","decl":{"start":{"line":1296,"column":10},"end":{"line":1296,"column":25}},"loc":{"start":{"line":1296,"column":25},"end":{"line":1302,"column":11}}},"22":{"name":"(anonymous_15)","decl":{"start":{"line":1319,"column":10},"end":{"line":1319,"column":26}},"loc":{"start":{"line":1319,"column":26},"end":{"line":1325,"column":11}}},"23":{"name":"eliminaEvento","decl":{"start":{"line":1337,"column":0},"end":{"line":1337,"column":null}},"loc":{"start":{"line":1337,"column":0},"end":{"line":1392,"column":null}}}},"branchMap":{"0":{"loc":{"start":{"line":7,"column":2},"end":{"line":13,"column":3}},"type":"if","locations":[{"start":{"line":7,"column":2},"end":{"line":13,"column":3}},{"start":{"line":9,"column":9},"end":{"line":13,"column":3}}]},"1":{"loc":{"start":{"line":9,"column":9},"end":{"line":13,"column":3}},"type":"if","locations":[{"start":{"line":9,"column":9},"end":{"line":13,"column":3}},{"start":{"line":11,"column":9},"end":{"line":13,"column":3}}]},"2":{"loc":{"start":{"line":11,"column":9},"end":{"line":13,"column":3}},"type":"if","locations":[{"start":{"line":11,"column":9},"end":{"line":13,"column":3}}]},"3":{"loc":{"start":{"line":911,"column":4},"end":{"line":923,"column":5}},"type":"if","locations":[{"start":{"line":911,"column":4},"end":{"line":923,"column":5}}]},"4":{"loc":{"start":{"line":912,"column":6},"end":{"line":917,"column":57}},"type":"binary-expr","locations":[{"start":{"line":912,"column":6},"end":{"line":912,"column":26}},{"start":{"line":913,"column":6},"end":{"line":913,"column":20}},{"start":{"line":914,"column":6},"end":{"line":914,"column":20}},{"start":{"line":915,"column":6},"end":{"line":915,"column":29}},{"start":{"line":916,"column":7},"end":{"line":916,"column":30}},{"start":{"line":916,"column":34},"end":{"line":916,"column":55}},{"start":{"line":917,"column":7},"end":{"line":917,"column":31}},{"start":{"line":917,"column":35},"end":{"line":917,"column":57}}]},"5":{"loc":{"start":{"line":926,"column":4},"end":{"line":945,"column":5}},"type":"if","locations":[{"start":{"line":926,"column":4},"end":{"line":945,"column":5}}]},"6":{"loc":{"start":{"line":932,"column":6},"end":{"line":944,"column":7}},"type":"if","locations":[{"start":{"line":932,"column":6},"end":{"line":944,"column":7}}]},"7":{"loc":{"start":{"line":933,"column":8},"end":{"line":939,"column":null}},"type":"binary-expr","locations":[{"start":{"line":933,"column":8},"end":{"line":933,"column":36}},{"start":{"line":934,"column":8},"end":{"line":934,"column":37}},{"start":{"line":935,"column":8},"end":{"line":936,"column":null}},{"start":{"line":938,"column":8},"end":{"line":939,"column":null}}]},"8":{"loc":{"start":{"line":946,"column":4},"end":{"line":949,"column":5}},"type":"if","locations":[{"start":{"line":946,"column":4},"end":{"line":949,"column":5}}]},"9":{"loc":{"start":{"line":946,"column":8},"end":{"line":946,"column":62}},"type":"binary-expr","locations":[{"start":{"line":946,"column":8},"end":{"line":946,"column":24}},{"start":{"line":946,"column":29},"end":{"line":946,"column":46}},{"start":{"line":946,"column":46},"end":{"line":946,"column":58}}]},"10":{"loc":{"start":{"line":950,"column":4},"end":{"line":953,"column":5}},"type":"if","locations":[{"start":{"line":950,"column":4},"end":{"line":953,"column":5}}]},"11":{"loc":{"start":{"line":950,"column":8},"end":{"line":950,"column":68}},"type":"binary-expr","locations":[{"start":{"line":950,"column":8},"end":{"line":950,"column":26}},{"start":{"line":950,"column":31},"end":{"line":950,"column":50}},{"start":{"line":950,"column":50},"end":{"line":950,"column":64}}]},"12":{"loc":{"start":{"line":955,"column":4},"end":{"line":966,"column":5}},"type":"if","locations":[{"start":{"line":955,"column":4},"end":{"line":966,"column":5}}]},"13":{"loc":{"start":{"line":962,"column":6},"end":{"line":965,"column":7}},"type":"if","locations":[{"start":{"line":962,"column":6},"end":{"line":965,"column":7}}]},"14":{"loc":{"start":{"line":962,"column":10},"end":{"line":962,"column":68}},"type":"binary-expr","locations":[{"start":{"line":962,"column":10},"end":{"line":962,"column":38}},{"start":{"line":962,"column":42},"end":{"line":962,"column":68}}]},"15":{"loc":{"start":{"line":967,"column":4},"end":{"line":970,"column":5}},"type":"if","locations":[{"start":{"line":967,"column":4},"end":{"line":970,"column":5}}]},"16":{"loc":{"start":{"line":967,"column":8},"end":{"line":967,"column":39}},"type":"binary-expr","locations":[{"start":{"line":967,"column":8},"end":{"line":967,"column":22}},{"start":{"line":967,"column":26},"end":{"line":967,"column":39}}]},"17":{"loc":{"start":{"line":974,"column":4},"end":{"line":1005,"column":5}},"type":"if","locations":[{"start":{"line":974,"column":4},"end":{"line":1005,"column":5}},{"start":{"line":986,"column":11},"end":{"line":1005,"column":5}}]},"18":{"loc":{"start":{"line":975,"column":6},"end":{"line":985,"column":7}},"type":"if","locations":[{"start":{"line":975,"column":6},"end":{"line":985,"column":7}}]},"19":{"loc":{"start":{"line":981,"column":8},"end":{"line":984,"column":9}},"type":"if","locations":[{"start":{"line":981,"column":8},"end":{"line":984,"column":9}}]},"20":{"loc":{"start":{"line":981,"column":12},"end":{"line":981,"column":68}},"type":"binary-expr","locations":[{"start":{"line":981,"column":12},"end":{"line":981,"column":35}},{"start":{"line":981,"column":39},"end":{"line":981,"column":68}}]},"21":{"loc":{"start":{"line":987,"column":6},"end":{"line":1004,"column":7}},"type":"if","locations":[{"start":{"line":987,"column":6},"end":{"line":1004,"column":7}}]},"22":{"loc":{"start":{"line":993,"column":8},"end":{"line":1003,"column":9}},"type":"if","locations":[{"start":{"line":993,"column":8},"end":{"line":1003,"column":9}}]},"23":{"loc":{"start":{"line":994,"column":10},"end":{"line":999,"column":63}},"type":"binary-expr","locations":[{"start":{"line":994,"column":10},"end":{"line":994,"column":46}},{"start":{"line":995,"column":10},"end":{"line":995,"column":49}},{"start":{"line":996,"column":10},"end":{"line":996,"column":65}},{"start":{"line":997,"column":10},"end":{"line":997,"column":54}},{"start":{"line":998,"column":10},"end":{"line":998,"column":null}},{"start":{"line":999,"column":10},"end":{"line":999,"column":63}}]},"24":{"loc":{"start":{"line":1010,"column":4},"end":{"line":1018,"column":5}},"type":"if","locations":[{"start":{"line":1010,"column":4},"end":{"line":1018,"column":5}},{"start":{"line":1013,"column":11},"end":{"line":1018,"column":5}}]},"25":{"loc":{"start":{"line":1013,"column":11},"end":{"line":1018,"column":5}},"type":"if","locations":[{"start":{"line":1013,"column":11},"end":{"line":1018,"column":5}}]},"26":{"loc":{"start":{"line":1025,"column":4},"end":{"line":1034,"column":5}},"type":"if","locations":[{"start":{"line":1025,"column":4},"end":{"line":1034,"column":5}}]},"27":{"loc":{"start":{"line":1026,"column":6},"end":{"line":1027,"column":null}},"type":"binary-expr","locations":[{"start":{"line":1026,"column":6},"end":{"line":1026,"column":null}},{"start":{"line":1027,"column":6},"end":{"line":1027,"column":null}}]},"28":{"loc":{"start":{"line":1037,"column":27},"end":{"line":1037,"column":163}},"type":"cond-expr","locations":[{"start":{"line":1037,"column":80},"end":{"line":1037,"column":129}},{"start":{"line":1037,"column":129},"end":{"line":1037,"column":163}}]},"29":{"loc":{"start":{"line":1037,"column":27},"end":{"line":1037,"column":80}},"type":"binary-expr","locations":[{"start":{"line":1037,"column":27},"end":{"line":1037,"column":47}},{"start":{"line":1037,"column":51},"end":{"line":1037,"column":80}}]},"30":{"loc":{"start":{"line":1039,"column":4},"end":{"line":1083,"column":5}},"type":"if","locations":[{"start":{"line":1039,"column":4},"end":{"line":1083,"column":5}},{"start":{"line":1061,"column":11},"end":{"line":1083,"column":5}}]},"31":{"loc":{"start":{"line":1044,"column":23},"end":{"line":1044,"column":68}},"type":"cond-expr","locations":[{"start":{"line":1044,"column":45},"end":{"line":1044,"column":57}},{"start":{"line":1044,"column":57},"end":{"line":1044,"column":68}}]},"32":{"loc":{"start":{"line":1045,"column":17},"end":{"line":1045,"column":54}},"type":"cond-expr","locations":[{"start":{"line":1045,"column":33},"end":{"line":1045,"column":45}},{"start":{"line":1045,"column":45},"end":{"line":1045,"column":54}}]},"33":{"loc":{"start":{"line":1046,"column":20},"end":{"line":1046,"column":59}},"type":"cond-expr","locations":[{"start":{"line":1046,"column":39},"end":{"line":1046,"column":51}},{"start":{"line":1046,"column":51},"end":{"line":1046,"column":59}}]},"34":{"loc":{"start":{"line":1047,"column":22},"end":{"line":1047,"column":65}},"type":"cond-expr","locations":[{"start":{"line":1047,"column":43},"end":{"line":1047,"column":55}},{"start":{"line":1047,"column":55},"end":{"line":1047,"column":65}}]},"35":{"loc":{"start":{"line":1049,"column":21},"end":{"line":1049,"column":66}},"type":"cond-expr","locations":[{"start":{"line":1049,"column":41},"end":{"line":1049,"column":53}},{"start":{"line":1049,"column":53},"end":{"line":1049,"column":66}}]},"36":{"loc":{"start":{"line":1050,"column":18},"end":{"line":1050,"column":53}},"type":"cond-expr","locations":[{"start":{"line":1050,"column":35},"end":{"line":1050,"column":47}},{"start":{"line":1050,"column":47},"end":{"line":1050,"column":53}}]},"37":{"loc":{"start":{"line":1052,"column":25},"end":{"line":1052,"column":71}},"type":"cond-expr","locations":[{"start":{"line":1052,"column":49},"end":{"line":1052,"column":61}},{"start":{"line":1052,"column":61},"end":{"line":1052,"column":71}}]},"38":{"loc":{"start":{"line":1055,"column":10},"end":{"line":1058,"column":11}},"type":"if","locations":[{"start":{"line":1055,"column":10},"end":{"line":1058,"column":11}}]},"39":{"loc":{"start":{"line":1066,"column":23},"end":{"line":1066,"column":68}},"type":"cond-expr","locations":[{"start":{"line":1066,"column":45},"end":{"line":1066,"column":57}},{"start":{"line":1066,"column":57},"end":{"line":1066,"column":68}}]},"40":{"loc":{"start":{"line":1067,"column":17},"end":{"line":1067,"column":54}},"type":"cond-expr","locations":[{"start":{"line":1067,"column":33},"end":{"line":1067,"column":45}},{"start":{"line":1067,"column":45},"end":{"line":1067,"column":54}}]},"41":{"loc":{"start":{"line":1068,"column":20},"end":{"line":1068,"column":59}},"type":"cond-expr","locations":[{"start":{"line":1068,"column":39},"end":{"line":1068,"column":51}},{"start":{"line":1068,"column":51},"end":{"line":1068,"column":59}}]},"42":{"loc":{"start":{"line":1069,"column":22},"end":{"line":1069,"column":65}},"type":"cond-expr","locations":[{"start":{"line":1069,"column":43},"end":{"line":1069,"column":55}},{"start":{"line":1069,"column":55},"end":{"line":1069,"column":65}}]},"43":{"loc":{"start":{"line":1071,"column":21},"end":{"line":1071,"column":66}},"type":"cond-expr","locations":[{"start":{"line":1071,"column":41},"end":{"line":1071,"column":53}},{"start":{"line":1071,"column":53},"end":{"line":1071,"column":66}}]},"44":{"loc":{"start":{"line":1072,"column":18},"end":{"line":1072,"column":53}},"type":"cond-expr","locations":[{"start":{"line":1072,"column":35},"end":{"line":1072,"column":47}},{"start":{"line":1072,"column":47},"end":{"line":1072,"column":53}}]},"45":{"loc":{"start":{"line":1074,"column":26},"end":{"line":1074,"column":73}},"type":"cond-expr","locations":[{"start":{"line":1074,"column":51},"end":{"line":1074,"column":63}},{"start":{"line":1074,"column":63},"end":{"line":1074,"column":73}}]},"46":{"loc":{"start":{"line":1077,"column":10},"end":{"line":1080,"column":11}},"type":"if","locations":[{"start":{"line":1077,"column":10},"end":{"line":1080,"column":11}}]},"47":{"loc":{"start":{"line":1115,"column":4},"end":{"line":1121,"column":5}},"type":"if","locations":[{"start":{"line":1115,"column":4},"end":{"line":1121,"column":5}}]},"48":{"loc":{"start":{"line":1123,"column":4},"end":{"line":1129,"column":5}},"type":"if","locations":[{"start":{"line":1123,"column":4},"end":{"line":1129,"column":5}}]},"49":{"loc":{"start":{"line":1131,"column":4},"end":{"line":1147,"column":5}},"type":"if","locations":[{"start":{"line":1131,"column":4},"end":{"line":1147,"column":5}},{"start":{"line":1139,"column":11},"end":{"line":1147,"column":5}}]},"50":{"loc":{"start":{"line":1132,"column":6},"end":{"line":1138,"column":7}},"type":"if","locations":[{"start":{"line":1132,"column":6},"end":{"line":1138,"column":7}}]},"51":{"loc":{"start":{"line":1140,"column":6},"end":{"line":1146,"column":7}},"type":"if","locations":[{"start":{"line":1140,"column":6},"end":{"line":1146,"column":7}}]},"52":{"loc":{"start":{"line":1149,"column":4},"end":{"line":1167,"column":5}},"type":"if","locations":[{"start":{"line":1149,"column":4},"end":{"line":1167,"column":5}}]},"53":{"loc":{"start":{"line":1150,"column":6},"end":{"line":1163,"column":20}},"type":"binary-expr","locations":[{"start":{"line":1150,"column":6},"end":{"line":1150,"column":22}},{"start":{"line":1151,"column":6},"end":{"line":1151,"column":26}},{"start":{"line":1152,"column":6},"end":{"line":1152,"column":20}},{"start":{"line":1153,"column":6},"end":{"line":1153,"column":20}},{"start":{"line":1154,"column":6},"end":{"line":1154,"column":29}},{"start":{"line":1155,"column":7},"end":{"line":1155,"column":30}},{"start":{"line":1155,"column":34},"end":{"line":1155,"column":55}},{"start":{"line":1156,"column":7},"end":{"line":1156,"column":31}},{"start":{"line":1156,"column":35},"end":{"line":1156,"column":57}},{"start":{"line":1157,"column":6},"end":{"line":1157,"column":25}},{"start":{"line":1158,"column":6},"end":{"line":1158,"column":19}},{"start":{"line":1159,"column":6},"end":{"line":1159,"column":26}},{"start":{"line":1160,"column":6},"end":{"line":1160,"column":22}},{"start":{"line":1161,"column":6},"end":{"line":1161,"column":24}},{"start":{"line":1162,"column":6},"end":{"line":1162,"column":23}},{"start":{"line":1163,"column":6},"end":{"line":1163,"column":20}}]},"54":{"loc":{"start":{"line":1169,"column":4},"end":{"line":1172,"column":5}},"type":"if","locations":[{"start":{"line":1169,"column":4},"end":{"line":1172,"column":5}}]},"55":{"loc":{"start":{"line":1169,"column":8},"end":{"line":1169,"column":40}},"type":"binary-expr","locations":[{"start":{"line":1169,"column":8},"end":{"line":1169,"column":25}},{"start":{"line":1169,"column":25},"end":{"line":1169,"
[...]
,"/home/server/Desktop/Codice/pages/api/user/index.js": {"path":"/home/server/Desktop/Codice/pages/api/user/index.js","statementMap":{"0":{"start":{"line":4,"column":24},"end":{"line":4,"column":32}},"1":{"start":{"line":217,"column":22},"end":{"line":217,"column":30}},"2":{"start":{"line":258,"column":22},"end":{"line":258,"column":34}},"3":{"start":{"line":298,"column":22},"end":{"line":298,"column":33}},"4":{"start":{"line":1,"column":22},"end":{"line":1,"column":null}},"5":{"start":{"line":2,"column":30},"end":{"line":2,"column":null}},"6":{"start":{"line":5,"column":2},"end":{"line":11,"column":3}},"7":{"start":{"line":6,"column":4},"end":{"line":6,"column":null}},"8":{"start":{"line":7,"column":9},"end":{"line":11,"column":3}},"9":{"start":{"line":8,"column":4},"end":{"line":8,"column":null}},"10":{"start":{"line":9,"column":9},"end":{"line":11,"column":3}},"11":{"start":{"line":10,"column":4},"end":{"line":10,"column":null}},"12":{"start":{"line":218,"column":2},"end":{"line":218,"column":null}},"13":{"start":{"line":219,"column":2},"end":{"line":255,"column":null}},"14":{"start":{"line":220,"column":40},"end":{"line":220,"column":49}},"15":{"start":{"line":222,"column":4},"end":{"line":225,"column":5}},"16":{"start":{"line":223,"column":6},"end":{"line":223,"column":null}},"17":{"start":{"line":224,"column":6},"end":{"line":224,"column":null}},"18":{"start":{"line":227,"column":18},"end":{"line":229,"column":null}},"19":{"start":{"line":230,"column":4},"end":{"line":235,"column":5}},"20":{"start":{"line":231,"column":6},"end":{"line":233,"column":null}},"21":{"start":{"line":234,"column":6},"end":{"line":234,"column":null}},"22":{"start":{"line":237,"column":4},"end":{"line":248,"column":null}},"23":{"start":{"line":244,"column":8},"end":{"line":247,"column":9}},"24":{"start":{"line":245,"column":10},"end":{"line":245,"column":null}},"25":{"start":{"line":246,"column":10},"end":{"line":246,"column":null}},"26":{"start":{"line":250,"column":4},"end":{"line":250,"column":null}},"27":{"start":{"line":251,"column":4},"end":{"line":251,"column":null}},"28":{"start":{"line":253,"column":4},"end":{"line":253,"column":null}},"29":{"start":{"line":254,"column":4},"end":{"line":254,"column":null}},"30":{"start":{"line":259,"column":2},"end":{"line":259,"column":null}},"31":{"start":{"line":260,"column":2},"end":{"line":295,"column":null}},"32":{"start":{"line":261,"column":33},"end":{"line":261,"column":42}},"33":{"start":{"line":263,"column":4},"end":{"line":266,"column":5}},"34":{"start":{"line":264,"column":6},"end":{"line":264,"column":null}},"35":{"start":{"line":265,"column":6},"end":{"line":265,"column":null}},"36":{"start":{"line":268,"column":18},"end":{"line":270,"column":null}},"37":{"start":{"line":271,"column":4},"end":{"line":279,"column":5}},"38":{"start":{"line":272,"column":6},"end":{"line":272,"column":null}},"39":{"start":{"line":273,"column":6},"end":{"line":273,"column":null}},"40":{"start":{"line":274,"column":11},"end":{"line":279,"column":5}},"41":{"start":{"line":275,"column":6},"end":{"line":277,"column":null}},"42":{"start":{"line":278,"column":6},"end":{"line":278,"column":null}},"43":{"start":{"line":281,"column":16},"end":{"line":283,"column":null}},"44":{"start":{"line":286,"column":4},"end":{"line":290,"column":5}},"45":{"start":{"line":287,"column":6},"end":{"line":287,"column":null}},"46":{"start":{"line":289,"column":6},"end":{"line":289,"column":null}},"47":{"start":{"line":292,"column":4},"end":{"line":292,"column":null}},"48":{"start":{"line":293,"column":4},"end":{"line":293,"column":null}},"49":{"start":{"line":294,"column":4},"end":{"line":294,"column":31}},"50":{"start":{"line":299,"column":2},"end":{"line":299,"column":null}},"51":{"start":{"line":300,"column":2},"end":{"line":334,"column":null}},"52":{"start":{"line":301,"column":23},"end":{"line":301,"column":32}},"53":{"start":{"line":303,"column":4},"end":{"line":306,"column":5}},"54":{"start":{"line":304,"column":6},"end":{"line":304,"column":null}},"55":{"start":{"line":305,"column":6},"end":{"line":305,"column":null}},"56":{"start":{"line":308,"column":18},"end":{"line":310,"column":null}},"57":{"start":{"line":311,"column":4},"end":{"line":319,"column":5}},"58":{"start":{"line":312,"column":6},"end":{"line":312,"column":null}},"59":{"start":{"line":313,"column":6},"end":{"line":313,"column":null}},"60":{"start":{"line":314,"column":11},"end":{"line":319,"column":5}},"61":{"start":{"line":315,"column":6},"end":{"line":317,"column":null}},"62":{"start":{"line":318,"column":6},"end":{"line":318,"column":null}},"63":{"start":{"line":321,"column":23},"end":{"line":321,"column":null}},"64":{"start":{"line":323,"column":4},"end":{"line":329,"column":5}},"65":{"start":{"line":324,"column":6},"end":{"line":324,"column":null}},"66":{"start":{"line":325,"column":6},"end":{"line":325,"column":null}},"67":{"start":{"line":327,"column":6},"end":{"line":327,"column":null}},"68":{"start":{"line":328,"column":6},"end":{"line":328,"column":null}},"69":{"start":{"line":331,"column":4},"end":{"line":331,"column":null}},"70":{"start":{"line":332,"column":4},"end":{"line":332,"column":null}},"71":{"start":{"line":333,"column":4},"end":{"line":333,"column":31}}},"fnMap":{"0":{"name":"(anonymous_1)","decl":{"start":{"line":12,"column":1},"end":{"line":12,"column":null}},"loc":{"start":{"line":4,"column":24},"end":{"line":4,"column":32}}},"1":{"name":"(anonymous_2)","decl":{"start":{"line":217,"column":30},"end":{"line":217,"column":31}},"loc":{"start":{"line":217,"column":22},"end":{"line":217,"column":30}}},"2":{"name":"(anonymous_3)","decl":{"start":{"line":258,"column":34},"end":{"line":258,"column":35}},"loc":{"start":{"line":258,"column":22},"end":{"line":258,"column":34}}},"3":{"name":"(anonymous_4)","decl":{"start":{"line":298,"column":33},"end":{"line":298,"column":34}},"loc":{"start":{"line":298,"column":22},"end":{"line":298,"column":33}}},"4":{"name":"handler","decl":{"start":{"line":4,"column":24},"end":{"line":4,"column":32}},"loc":{"start":{"line":4,"column":42},"end":{"line":12,"column":1}}},"5":{"name":"creaUser","decl":{"start":{"line":217,"column":22},"end":{"line":217,"column":30}},"loc":{"start":{"line":217,"column":41},"end":{"line":256,"column":null}}},"6":{"name":"(anonymous_8)","decl":{"start":{"line":243,"column":6},"end":{"line":243,"column":16}},"loc":{"start":{"line":243,"column":27},"end":{"line":248,"column":null}}},"7":{"name":"modificaUser","decl":{"start":{"line":258,"column":22},"end":{"line":258,"column":34}},"loc":{"start":{"line":258,"column":45},"end":{"line":296,"column":null}}},"8":{"name":"eliminaUser","decl":{"start":{"line":298,"column":22},"end":{"line":298,"column":33}},"loc":{"start":{"line":298,"column":44},"end":{"line":335,"column":null}}}},"branchMap":{"0":{"loc":{"start":{"line":5,"column":2},"end":{"line":11,"column":3}},"type":"if","locations":[{"start":{"line":5,"column":2},"end":{"line":11,"column":3}},{"start":{"line":7,"column":9},"end":{"line":11,"column":3}}]},"1":{"loc":{"start":{"line":7,"column":9},"end":{"line":11,"column":3}},"type":"if","locations":[{"start":{"line":7,"column":9},"end":{"line":11,"column":3}},{"start":{"line":9,"column":9},"end":{"line":11,"column":3}}]},"2":{"loc":{"start":{"line":9,"column":9},"end":{"line":11,"column":3}},"type":"if","locations":[{"start":{"line":9,"column":9},"end":{"line":11,"column":3}}]},"3":{"loc":{"start":{"line":222,"column":4},"end":{"line":225,"column":5}},"type":"if","locations":[{"start":{"line":222,"column":4},"end":{"line":225,"column":5}}]},"4":{"loc":{"start":{"line":222,"column":8},"end":{"line":222,"column":59}},"type":"binary-expr","locations":[{"start":{"line":222,"column":8},"end":{"line":222,"column":22}},{"start":{"line":222,"column":26},"end":{"line":222,"column":39}},{"start":{"line":222,"column":43},"end":{"line":222,"column":59}}]},"5":{"loc":{"start":{"line":230,"column":4},"end":{"line":235,"column":5}},"type":"if","locations":[{"start":{"line":230,"column":4},"end":{"line":235,"column":5}}]},"6":{"loc":{"start":{"line":230,"column":8},"end":{"line":230,"column":69}},"type":"binary-expr","locations":[{"start":{"line":230,"column":8},"end":{"line":230,"column":42}},{"start":{"line":230,"column":42},"end":{"line":230,"column":69}}]},"7":{"loc":{"start":{"line":244,"column":8},"end":{"line":247,"column":9}},"type":"if","locations":[{"start":{"line":244,"column":8},"end":{"line":247,"column":9}}]},"8":{"loc":{"start":{"line":263,"column":4},"end":{"line":266,"column":5}},"type":"if","locations":[{"start":{"line":263,"column":4},"end":{"line":266,"column":5}}]},"9":{"loc":{"start":{"line":263,"column":8},"end":{"line":263,"column":42}},"type":"binary-expr","locations":[{"start":{"line":263,"column":8},"end":{"line":263,"column":22}},{"start":{"line":263,"column":26},"end":{"line":263,"column":42}}]},"10":{"loc":{"start":{"line":271,"column":4},"end":{"line":279,"column":5}},"type":"if","locations":[{"start":{"line":271,"column":4},"end":{"line":279,"column":5}},{"start":{"line":274,"column":11},"end":{"line":279,"column":5}}]},"11":{"loc":{"start":{"line":274,"column":11},"end":{"line":279,"column":5}},"type":"if","locations":[{"start":{"line":274,"column":11},"end":{"line":279,"column":5}}]},"12":{"loc":{"start":{"line":286,"column":4},"end":{"line":290,"column":5}},"type":"if","locations":[{"start":{"line":286,"column":4},"end":{"line":290,"column":5}},{"start":{"line":288,"column":11},"end":{"line":290,"column":5}}]},"13":{"loc":{"start":{"line":303,"column":4},"end":{"line":306,"column":5}},"type":"if","locations":[{"start":{"line":303,"column":4},"end":{"line":306,"column":5}}]},"14":{"loc":{"start":{"line":311,"column":4},"end":{"line":319,"column":5}},"type":"if","locations":[{"start":{"line":311,"column":4},"end":{"line":319,"column":5}},{"start":{"line":314,"column":11},"end":{"line":319,"column":5}}]},"15":{"loc":{"start":{"line":314,"column":11},"end":{"line":319,"column":5}},"type":"if","locations":[{"start":{"line":314,"column":11},"end":{"line":319,"column":5}}]},"16":{"loc":{"start":{"line":323,"column":4},"end":{"line":329,"column":5}},"type":"if","locations":[{"start":{"line":323,"column":4},"end":{"line":329,"column":5}},{"start":{"line":326,"column":11},"end":{"line":329,"column":5}}]}},"s":{"0":0,"1":1,"2":1,"3":1,"4":3,"5":3,"6":0,"7":0,"8":0,"9":0,"10":0,"11":0,"12":9,"13":9,"14":9,"15":9,"16":7,"17":7,"18":2,"19":2,"20":1,"21":1,"22":1,"23":1,"24":0,"25":0,"26":1,"27":1,"28":0,"29":0,"30":6,"31":6,"32":6,"33":6,"34":3,"35":3,"36":3,"37":3,"38":1,"39":1,"40":2,"41":1,"42":1,"43":1,"44":1,"45":1,"46":0,"47":0,"48":0,"49":0,"50":4,"51":4,"52":4,"53":4,"54":1,"55":1,"56":3,"57":3,"58":1,"59":1,"60":2,"61":1,"62":1,"63":1,"64":1,"65":1,"66":1,"67":0,"68":0,"69":0,"70":0,"71":0},"f":{"0":0,"1":1,"2":1,"3":1,"4":0,"5":9,"6":1,"7":6,"8":4},"b":{"0":[0,0],"1":[0,0],"2":[0],"3":[7],"4":[9,5,3],"5":[1],"6":[2,1],"7":[0],"8":[3],"9":[6,4],"10":[1,2],"11":[1],"12":[1,0],"13":[1],"14":[1,2],"15":[1],"16":[1,0]}}
,"/home/server/Desktop/Codice/pages/api/user/email/[email].js": {"path":"/home/server/Desktop/Codice/pages/api/user/email/[email].js","statementMap":{"0":{"start":{"line":4,"column":24},"end":{"line":4,"column":32}},"1":{"start":{"line":102,"column":22},"end":{"line":102,"column":29}},"2":{"start":{"line":1,"column":22},"end":{"line":1,"column":null}},"3":{"start":{"line":2,"column":30},"end":{"line":2,"column":null}},"4":{"start":{"line":5,"column":2},"end":{"line":7,"column":3}},"5":{"start":{"line":6,"column":4},"end":{"line":6,"column":null}},"6":{"start":{"line":103,"column":2},"end":{"line":103,"column":null}},"7":{"start":{"line":104,"column":2},"end":{"line":139,"column":null}},"8":{"start":{"line":105,"column":22},"end":{"line":105,"column":31}},"9":{"start":{"line":107,"column":4},"end":{"line":113,"column":5}},"10":{"start":{"line":111,"column":6},"end":{"line":111,"column":null}},"11":{"start":{"line":112,"column":6},"end":{"line":112,"column":null}},"12":{"start":{"line":115,"column":20},"end":{"line":117,"column":null}},"13":{"start":{"line":119,"column":4},"end":{"line":127,"column":5}},"14":{"start":{"line":120,"column":6},"end":{"line":120,"column":null}},"15":{"start":{"line":121,"column":6},"end":{"line":121,"column":null}},"16":{"start":{"line":122,"column":11},"end":{"line":127,"column":5}},"17":{"start":{"line":123,"column":6},"end":{"line":125,"column":null}},"18":{"start":{"line":126,"column":6},"end":{"line":126,"column":null}},"19":{"start":{"line":129,"column":4},"end":{"line":133,"column":null}},"20":{"start":{"line":134,"column":4},"end":{"line":134,"column":null}},"21":{"start":{"line":136,"column":4},"end":{"line":136,"column":null}},"22":{"start":{"line":137,"column":4},"end":{"line":137,"column":null}},"23":{"start":{"line":138,"column":4},"end":{"line":138,"column":31}}},"fnMap":{"0":{"name":"(anonymous_1)","decl":{"start":{"line":8,"column":1},"end":{"line":8,"column":null}},"loc":{"start":{"line":4,"column":24},"end":{"line":4,"column":32}}},"1":{"name":"(anonymous_2)","decl":{"start":{"line":102,"column":29},"end":{"line":102,"column":30}},"loc":{"start":{"line":102,"column":22},"end":{"line":102,"column":29}}},"2":{"name":"handler","decl":{"start":{"line":4,"column":24},"end":{"line":4,"column":32}},"loc":{"start":{"line":4,"column":42},"end":{"line":8,"column":1}}},"3":{"name":"getUser","decl":{"start":{"line":102,"column":22},"end":{"line":102,"column":29}},"loc":{"start":{"line":102,"column":40},"end":{"line":140,"column":null}}}},"branchMap":{"0":{"loc":{"start":{"line":5,"column":2},"end":{"line":7,"column":3}},"type":"if","locations":[{"start":{"line":5,"column":2},"end":{"line":7,"column":3}}]},"1":{"loc":{"start":{"line":107,"column":4},"end":{"line":113,"column":5}},"type":"if","locations":[{"start":{"line":107,"column":4},"end":{"line":113,"column":5}}]},"2":{"loc":{"start":{"line":108,"column":6},"end":{"line":109,"column":null}},"type":"binary-expr","locations":[{"start":{"line":108,"column":6},"end":{"line":108,"column":19}},{"start":{"line":109,"column":6},"end":{"line":109,"column":null}}]},"3":{"loc":{"start":{"line":119,"column":4},"end":{"line":127,"column":5}},"type":"if","locations":[{"start":{"line":119,"column":4},"end":{"line":127,"column":5}},{"start":{"line":122,"column":11},"end":{"line":127,"column":5}}]},"4":{"loc":{"start":{"line":122,"column":11},"end":{"line":127,"column":5}},"type":"if","locations":[{"start":{"line":122,"column":11},"end":{"line":127,"column":5}}]}},"s":{"0":0,"1":1,"2":1,"3":1,"4":0,"5":0,"6":4,"7":4,"8":4,"9":4,"10":1,"11":1,"12":3,"13":3,"14":1,"15":1,"16":2,"17":1,"18":1,"19":1,"20":1,"21":0,"22":0,"23":0},"f":{"0":0,"1":1,"2":0,"3":4},"b":{"0":[0],"1":[1],"2":[4,3],"3":[1,2],"4":[1]}}
,"/home/server/Desktop/Codice/pages/api/user/userId/[userId].js": {"path":"/home/server/Desktop/Codice/pages/api/user/userId/[userId].js","statementMap":{"0":{"start":{"line":4,"column":24},"end":{"line":4,"column":32}},"1":{"start":{"line":102,"column":22},"end":{"line":102,"column":29}},"2":{"start":{"line":1,"column":22},"end":{"line":1,"column":null}},"3":{"start":{"line":2,"column":30},"end":{"line":2,"column":null}},"4":{"start":{"line":5,"column":2},"end":{"line":7,"column":3}},"5":{"start":{"line":6,"column":4},"end":{"line":6,"column":null}},"6":{"start":{"line":103,"column":2},"end":{"line":103,"column":null}},"7":{"start":{"line":104,"column":2},"end":{"line":135,"column":null}},"8":{"start":{"line":105,"column":23},"end":{"line":105,"column":32}},"9":{"start":{"line":107,"column":4},"end":{"line":110,"column":5}},"10":{"start":{"line":108,"column":6},"end":{"line":108,"column":null}},"11":{"start":{"line":109,"column":6},"end":{"line":109,"column":null}},"12":{"start":{"line":112,"column":18},"end":{"line":114,"column":null}},"13":{"start":{"line":115,"column":4},"end":{"line":123,"column":5}},"14":{"start":{"line":116,"column":6},"end":{"line":116,"column":null}},"15":{"start":{"line":117,"column":6},"end":{"line":117,"column":null}},"16":{"start":{"line":118,"column":11},"end":{"line":123,"column":5}},"17":{"start":{"line":119,"column":6},"end":{"line":121,"column":null}},"18":{"start":{"line":122,"column":6},"end":{"line":122,"column":null}},"19":{"start":{"line":125,"column":4},"end":{"line":129,"column":null}},"20":{"start":{"line":130,"column":4},"end":{"line":130,"column":null}},"21":{"start":{"line":132,"column":4},"end":{"line":132,"column":null}},"22":{"start":{"line":133,"column":4},"end":{"line":133,"column":null}},"23":{"start":{"line":134,"column":4},"end":{"line":134,"column":31}}},"fnMap":{"0":{"name":"(anonymous_1)","decl":{"start":{"line":8,"column":1},"end":{"line":8,"column":null}},"loc":{"start":{"line":4,"column":24},"end":{"line":4,"column":32}}},"1":{"name":"(anonymous_2)","decl":{"start":{"line":102,"column":29},"end":{"line":102,"column":30}},"loc":{"start":{"line":102,"column":22},"end":{"line":102,"column":29}}},"2":{"name":"handler","decl":{"start":{"line":4,"column":24},"end":{"line":4,"column":32}},"loc":{"start":{"line":4,"column":42},"end":{"line":8,"column":1}}},"3":{"name":"getUser","decl":{"start":{"line":102,"column":22},"end":{"line":102,"column":29}},"loc":{"start":{"line":102,"column":40},"end":{"line":136,"column":null}}}},"branchMap":{"0":{"loc":{"start":{"line":5,"column":2},"end":{"line":7,"column":3}},"type":"if","locations":[{"start":{"line":5,"column":2},"end":{"line":7,"column":3}}]},"1":{"loc":{"start":{"line":107,"column":4},"end":{"line":110,"column":5}},"type":"if","locations":[{"start":{"line":107,"column":4},"end":{"line":110,"column":5}}]},"2":{"loc":{"start":{"line":115,"column":4},"end":{"line":123,"column":5}},"type":"if","locations":[{"start":{"line":115,"column":4},"end":{"line":123,"column":5}},{"start":{"line":118,"column":11},"end":{"line":123,"column":5}}]},"3":{"loc":{"start":{"line":118,"column":11},"end":{"line":123,"column":5}},"type":"if","locations":[{"start":{"line":118,"column":11},"end":{"line":123,"column":5}}]}},"s":{"0":0,"1":1,"2":1,"3":1,"4":0,"5":0,"6":4,"7":4,"8":4,"9":4,"10":1,"11":1,"12":3,"13":3,"14":1,"15":1,"16":2,"17":1,"18":1,"19":1,"20":1,"21":0,"22":0,"23":0},"f":{"0":0,"1":1,"2":0,"3":4},"b":{"0":[0],"1":[1],"2":[1,2],"3":[1]}}
}
