{
  "C:\\Users\\Lucky\\Desktop\\codice_PlanIt\\lib\\dbConnect.js": {
    "path": "C:\\Users\\Lucky\\Desktop\\codice_PlanIt\\lib\\dbConnect.js",
    "statementMap": {
      "0": {
        "start": { "line": 48, "column": 0 },
        "end": { "line": 48, "column": 15 }
      },
      "1": {
        "start": { "line": 1, "column": 21 },
        "end": { "line": 1, "column": null }
      },
      "2": {
        "start": { "line": 3, "column": 20 },
        "end": { "line": 3, "column": 43 }
      },
      "3": {
        "start": { "line": 5, "column": 0 },
        "end": { "line": 9, "column": 1 }
      },
      "4": {
        "start": { "line": 6, "column": 2 },
        "end": { "line": 7, "column": null }
      },
      "5": {
        "start": { "line": 10, "column": 0 },
        "end": { "line": 10, "column": null }
      },
      "6": {
        "start": { "line": 20, "column": 52 },
        "end": { "line": 20, "column": 57 }
      },
      "7": {
        "start": { "line": 20, "column": 57 },
        "end": { "line": 26, "column": 3 }
      },
      "8": {
        "start": { "line": 21, "column": 1 },
        "end": { "line": 25, "column": 11 }
      },
      "9": {
        "start": { "line": 29, "column": 4 },
        "end": { "line": 31, "column": null }
      },
      "10": {
        "start": { "line": 30, "column": 6 },
        "end": { "line": 30, "column": 22 }
      },
      "11": {
        "start": { "line": 33, "column": 4 },
        "end": { "line": 41, "column": 11 }
      },
      "12": {
        "start": { "line": 34, "column": 13 },
        "end": { "line": 36, "column": null }
      },
      "13": {
        "start": { "line": 38, "column": 6 },
        "end": { "line": 40, "column": 11 }
      },
      "14": {
        "start": { "line": 39, "column": 4 },
        "end": { "line": 39, "column": 24 }
      },
      "15": {
        "start": { "line": 43, "column": 2 },
        "end": { "line": 43, "column": null }
      },
      "16": {
        "start": { "line": 46, "column": 0 },
        "end": { "line": 46, "column": null }
      }
    },
    "fnMap": {
      "0": {
        "name": "(anonymous_0)",
        "decl": {
          "start": { "line": 48, "column": 0 },
          "end": { "line": 48, "column": 15 }
        },
        "loc": {
          "start": { "line": 48, "column": 0 },
          "end": { "line": 48, "column": 15 }
        }
      },
      "1": {
        "name": "(anonymous_3)",
        "decl": {
          "start": { "line": 38, "column": 6 },
          "end": { "line": 38, "column": null }
        },
        "loc": {
          "start": { "line": 38, "column": 6 },
          "end": { "line": 40, "column": 11 }
        }
      }
    },
    "branchMap": {
      "0": {
        "loc": {
          "start": { "line": 5, "column": 0 },
          "end": { "line": 9, "column": 1 }
        },
        "type": "if",
        "locations": [
          {
            "start": { "line": 5, "column": 0 },
            "end": { "line": 9, "column": 1 }
          }
        ]
      },
      "1": {
        "loc": {
          "start": { "line": 20, "column": 57 },
          "end": { "line": 26, "column": 3 }
        },
        "type": "if",
        "locations": [
          {
            "start": { "line": 20, "column": 57 },
            "end": { "line": 26, "column": 3 }
          }
        ]
      },
      "2": {
        "loc": {
          "start": { "line": 29, "column": 4 },
          "end": { "line": 31, "column": null }
        },
        "type": "if",
        "locations": [
          {
            "start": { "line": 29, "column": 4 },
            "end": { "line": 31, "column": null }
          }
        ]
      },
      "3": {
        "loc": {
          "start": { "line": 33, "column": 4 },
          "end": { "line": 41, "column": 11 }
        },
        "type": "if",
        "locations": [
          {
            "start": { "line": 33, "column": 4 },
            "end": { "line": 41, "column": 11 }
          }
        ]
      }
    },
    "s": {
      "0": 195,
      "1": 13,
      "2": 13,
      "3": 13,
      "4": 0,
      "5": 13,
      "6": 13,
      "7": 13,
      "8": 13,
      "9": 195,
      "10": 182,
      "11": 13,
      "12": 13,
      "13": 13,
      "14": 13,
      "15": 13,
      "16": 0
    },
    "f": { "0": 195, "1": 13 },
    "b": { "0": [0], "1": [13], "2": [182], "3": [13] }
  },
  "C:\\Users\\Lucky\\Desktop\\codice_PlanIt\\models\\Calendario.js": {
    "path": "C:\\Users\\Lucky\\Desktop\\codice_PlanIt\\models\\Calendario.js",
    "statementMap": {
      "0": {
        "start": { "line": 1, "column": 21 },
        "end": { "line": 1, "column": null }
      },
      "1": {
        "start": { "line": 3, "column": 25 },
        "end": { "line": 86, "column": null }
      },
      "2": {
        "start": { "line": 89, "column": 0 },
        "end": { "line": 90, "column": null }
      }
    },
    "fnMap": {},
    "branchMap": {
      "0": {
        "loc": {
          "start": { "line": 90, "column": 2 },
          "end": { "line": 90, "column": null }
        },
        "type": "binary-expr",
        "locations": [
          {
            "start": { "line": 90, "column": 2 },
            "end": { "line": 90, "column": 28 }
          },
          {
            "start": { "line": 90, "column": 32 },
            "end": { "line": 90, "column": null }
          }
        ]
      }
    },
    "s": { "0": 8, "1": 8, "2": 8 },
    "f": {},
    "b": { "0": [8, 8] }
  },
  "C:\\Users\\Lucky\\Desktop\\codice_PlanIt\\models\\Evento.js": {
    "path": "C:\\Users\\Lucky\\Desktop\\codice_PlanIt\\models\\Evento.js",
    "statementMap": {
      "0": {
        "start": { "line": 1, "column": 21 },
        "end": { "line": 1, "column": null }
      },
      "1": {
        "start": { "line": 3, "column": 21 },
        "end": { "line": 109, "column": null }
      },
      "2": {
        "start": { "line": 112, "column": 0 },
        "end": { "line": 113, "column": null }
      }
    },
    "fnMap": {},
    "branchMap": {
      "0": {
        "loc": {
          "start": { "line": 113, "column": 2 },
          "end": { "line": 113, "column": null }
        },
        "type": "binary-expr",
        "locations": [
          {
            "start": { "line": 113, "column": 2 },
            "end": { "line": 113, "column": 24 }
          },
          {
            "start": { "line": 113, "column": 28 },
            "end": { "line": 113, "column": null }
          }
        ]
      }
    },
    "s": { "0": 4, "1": 4, "2": 4 },
    "f": {},
    "b": { "0": [4, 4] }
  },
  "C:\\Users\\Lucky\\Desktop\\codice_PlanIt\\models\\UtenteAutenticato.js": {
    "path": "C:\\Users\\Lucky\\Desktop\\codice_PlanIt\\models\\UtenteAutenticato.js",
    "statementMap": {
      "0": {
        "start": { "line": 1, "column": 21 },
        "end": { "line": 1, "column": null }
      },
      "1": {
        "start": { "line": 3, "column": 32 },
        "end": { "line": 19, "column": null }
      },
      "2": {
        "start": { "line": 22, "column": 0 },
        "end": { "line": 24, "column": null }
      }
    },
    "fnMap": {},
    "branchMap": {
      "0": {
        "loc": {
          "start": { "line": 23, "column": 2 },
          "end": { "line": 24, "column": null }
        },
        "type": "binary-expr",
        "locations": [
          {
            "start": { "line": 23, "column": 2 },
            "end": { "line": 23, "column": 35 }
          },
          {
            "start": { "line": 24, "column": 2 },
            "end": { "line": 24, "column": null }
          }
        ]
      }
    },
    "s": { "0": 13, "1": 13, "2": 13 },
    "f": {},
    "b": { "0": [13, 13] }
  },
  "C:\\Users\\Lucky\\Desktop\\codice_PlanIt\\pages\\api\\calendar\\[userId].js": {
    "path": "C:\\Users\\Lucky\\Desktop\\codice_PlanIt\\pages\\api\\calendar\\[userId].js",
    "statementMap": {
      "0": {
        "start": { "line": 5, "column": 24 },
        "end": { "line": 5, "column": 32 }
      },
      "1": {
        "start": { "line": 184, "column": 22 },
        "end": { "line": 184, "column": 34 }
      },
      "2": {
        "start": { "line": 1, "column": 22 },
        "end": { "line": 1, "column": null }
      },
      "3": {
        "start": { "line": 2, "column": 23 },
        "end": { "line": 2, "column": null }
      },
      "4": {
        "start": { "line": 3, "column": 30 },
        "end": { "line": 3, "column": null }
      },
      "5": {
        "start": { "line": 6, "column": 2 },
        "end": { "line": 8, "column": 3 }
      },
      "6": {
        "start": { "line": 7, "column": 4 },
        "end": { "line": 7, "column": null }
      },
      "7": {
        "start": { "line": 185, "column": 2 },
        "end": { "line": 185, "column": null }
      },
      "8": {
        "start": { "line": 186, "column": 2 },
        "end": { "line": 224, "column": null }
      },
      "9": {
        "start": { "line": 187, "column": 23 },
        "end": { "line": 187, "column": 32 }
      },
      "10": {
        "start": { "line": 189, "column": 4 },
        "end": { "line": 192, "column": 5 }
      },
      "11": {
        "start": { "line": 190, "column": 6 },
        "end": { "line": 190, "column": null }
      },
      "12": {
        "start": { "line": 191, "column": 6 },
        "end": { "line": 191, "column": null }
      },
      "13": {
        "start": { "line": 194, "column": 18 },
        "end": { "line": 196, "column": null }
      },
      "14": {
        "start": { "line": 197, "column": 4 },
        "end": { "line": 205, "column": 5 }
      },
      "15": {
        "start": { "line": 198, "column": 6 },
        "end": { "line": 198, "column": null }
      },
      "16": {
        "start": { "line": 199, "column": 6 },
        "end": { "line": 199, "column": null }
      },
      "17": {
        "start": { "line": 200, "column": 11 },
        "end": { "line": 205, "column": 5 }
      },
      "18": {
        "start": { "line": 201, "column": 6 },
        "end": { "line": 203, "column": null }
      },
      "19": {
        "start": { "line": 204, "column": 6 },
        "end": { "line": 204, "column": null }
      },
      "20": {
        "start": { "line": 207, "column": 22 },
        "end": { "line": 209, "column": null }
      },
      "21": {
        "start": { "line": 210, "column": 4 },
        "end": { "line": 215, "column": 5 }
      },
      "22": {
        "start": { "line": 211, "column": 6 },
        "end": { "line": 213, "column": null }
      },
      "23": {
        "start": { "line": 214, "column": 6 },
        "end": { "line": 214, "column": null }
      },
      "24": {
        "start": { "line": 216, "column": 4 },
        "end": { "line": 218, "column": null }
      },
      "25": {
        "start": { "line": 219, "column": 4 },
        "end": { "line": 219, "column": null }
      },
      "26": {
        "start": { "line": 221, "column": 4 },
        "end": { "line": 221, "column": null }
      },
      "27": {
        "start": { "line": 222, "column": 4 },
        "end": { "line": 222, "column": null }
      },
      "28": {
        "start": { "line": 223, "column": 4 },
        "end": { "line": 223, "column": 31 }
      }
    },
    "fnMap": {
      "0": {
        "name": "(anonymous_1)",
        "decl": {
          "start": { "line": 9, "column": 1 },
          "end": { "line": 9, "column": null }
        },
        "loc": {
          "start": { "line": 5, "column": 24 },
          "end": { "line": 5, "column": 32 }
        }
      },
      "1": {
        "name": "(anonymous_2)",
        "decl": {
          "start": { "line": 184, "column": 34 },
          "end": { "line": 184, "column": 35 }
        },
        "loc": {
          "start": { "line": 184, "column": 22 },
          "end": { "line": 184, "column": 34 }
        }
      },
      "2": {
        "name": "handler",
        "decl": {
          "start": { "line": 5, "column": 24 },
          "end": { "line": 5, "column": 32 }
        },
        "loc": {
          "start": { "line": 5, "column": 42 },
          "end": { "line": 9, "column": 1 }
        }
      },
      "3": {
        "name": "getCalendari",
        "decl": {
          "start": { "line": 184, "column": 22 },
          "end": { "line": 184, "column": 34 }
        },
        "loc": {
          "start": { "line": 184, "column": 45 },
          "end": { "line": 225, "column": null }
        }
      }
    },
    "branchMap": {
      "0": {
        "loc": {
          "start": { "line": 6, "column": 2 },
          "end": { "line": 8, "column": 3 }
        },
        "type": "if",
        "locations": [
          {
            "start": { "line": 6, "column": 2 },
            "end": { "line": 8, "column": 3 }
          }
        ]
      },
      "1": {
        "loc": {
          "start": { "line": 189, "column": 4 },
          "end": { "line": 192, "column": 5 }
        },
        "type": "if",
        "locations": [
          {
            "start": { "line": 189, "column": 4 },
            "end": { "line": 192, "column": 5 }
          }
        ]
      },
      "2": {
        "loc": {
          "start": { "line": 197, "column": 4 },
          "end": { "line": 205, "column": 5 }
        },
        "type": "if",
        "locations": [
          {
            "start": { "line": 197, "column": 4 },
            "end": { "line": 205, "column": 5 }
          },
          {
            "start": { "line": 200, "column": 11 },
            "end": { "line": 205, "column": 5 }
          }
        ]
      },
      "3": {
        "loc": {
          "start": { "line": 200, "column": 11 },
          "end": { "line": 205, "column": 5 }
        },
        "type": "if",
        "locations": [
          {
            "start": { "line": 200, "column": 11 },
            "end": { "line": 205, "column": 5 }
          }
        ]
      },
      "4": {
        "loc": {
          "start": { "line": 210, "column": 4 },
          "end": { "line": 215, "column": 5 }
        },
        "type": "if",
        "locations": [
          {
            "start": { "line": 210, "column": 4 },
            "end": { "line": 215, "column": 5 }
          }
        ]
      }
    },
    "s": {
      "0": 0,
      "1": 1,
      "2": 1,
      "3": 1,
      "4": 1,
      "5": 0,
      "6": 0,
      "7": 6,
      "8": 6,
      "9": 6,
      "10": 6,
      "11": 1,
      "12": 1,
      "13": 5,
      "14": 5,
      "15": 1,
      "16": 1,
      "17": 4,
      "18": 1,
      "19": 1,
      "20": 3,
      "21": 3,
      "22": 1,
      "23": 1,
      "24": 2,
      "25": 2,
      "26": 0,
      "27": 0,
      "28": 0
    },
    "f": { "0": 0, "1": 1, "2": 0, "3": 6 },
    "b": { "0": [0], "1": [1], "2": [1, 4], "3": [1], "4": [1] }
  },
  "C:\\Users\\Lucky\\Desktop\\codice_PlanIt\\pages\\api\\calendar\\index.js": {
    "path": "C:\\Users\\Lucky\\Desktop\\codice_PlanIt\\pages\\api\\calendar\\index.js",
    "statementMap": {
      "0": {
        "start": { "line": 5, "column": 24 },
        "end": { "line": 5, "column": 32 }
      },
      "1": {
        "start": { "line": 640, "column": 22 },
        "end": { "line": 640, "column": 36 }
      },
      "2": {
        "start": { "line": 809, "column": 22 },
        "end": { "line": 809, "column": 40 }
      },
      "3": {
        "start": { "line": 989, "column": 22 },
        "end": { "line": 989, "column": 39 }
      },
      "4": {
        "start": { "line": 1, "column": 22 },
        "end": { "line": 1, "column": null }
      },
      "5": {
        "start": { "line": 2, "column": 23 },
        "end": { "line": 2, "column": null }
      },
      "6": {
        "start": { "line": 3, "column": 30 },
        "end": { "line": 3, "column": null }
      },
      "7": {
        "start": { "line": 6, "column": 2 },
        "end": { "line": 12, "column": 3 }
      },
      "8": {
        "start": { "line": 7, "column": 4 },
        "end": { "line": 7, "column": null }
      },
      "9": {
        "start": { "line": 8, "column": 9 },
        "end": { "line": 12, "column": 3 }
      },
      "10": {
        "start": { "line": 9, "column": 4 },
        "end": { "line": 9, "column": null }
      },
      "11": {
        "start": { "line": 10, "column": 9 },
        "end": { "line": 12, "column": 3 }
      },
      "12": {
        "start": { "line": 11, "column": 4 },
        "end": { "line": 11, "column": null }
      },
      "13": {
        "start": { "line": 641, "column": 2 },
        "end": { "line": 641, "column": null }
      },
      "14": {
        "start": { "line": 642, "column": 2 },
        "end": { "line": 806, "column": null }
      },
      "15": {
        "start": { "line": 650, "column": 8 },
        "end": { "line": 650, "column": 17 }
      },
      "16": {
        "start": { "line": 651, "column": 23 },
        "end": { "line": 651, "column": 32 }
      },
      "17": {
        "start": { "line": 655, "column": 4 },
        "end": { "line": 659, "column": null }
      },
      "18": {
        "start": { "line": 656, "column": 6 },
        "end": { "line": 656, "column": null }
      },
      "19": {
        "start": { "line": 658, "column": 6 },
        "end": { "line": 658, "column": null }
      },
      "20": {
        "start": { "line": 661, "column": 4 },
        "end": { "line": 664, "column": 5 }
      },
      "21": {
        "start": { "line": 662, "column": 6 },
        "end": { "line": 662, "column": 55 }
      },
      "22": {
        "start": { "line": 663, "column": 6 },
        "end": { "line": 663, "column": null }
      },
      "23": {
        "start": { "line": 666, "column": 4 },
        "end": { "line": 669, "column": 5 }
      },
      "24": {
        "start": { "line": 667, "column": 6 },
        "end": { "line": 667, "column": null }
      },
      "25": {
        "start": { "line": 668, "column": 6 },
        "end": { "line": 668, "column": null }
      },
      "26": {
        "start": { "line": 671, "column": 25 },
        "end": { "line": 671, "column": 29 }
      },
      "27": {
        "start": { "line": 673, "column": 4 },
        "end": { "line": 689, "column": 5 }
      },
      "28": {
        "start": { "line": 674, "column": 6 },
        "end": { "line": 678, "column": null }
      },
      "29": {
        "start": { "line": 675, "column": 8 },
        "end": { "line": 675, "column": null }
      },
      "30": {
        "start": { "line": 677, "column": 8 },
        "end": { "line": 677, "column": null }
      },
      "31": {
        "start": { "line": 680, "column": 6 },
        "end": { "line": 688, "column": 7 }
      },
      "32": {
        "start": { "line": 686, "column": 8 },
        "end": { "line": 686, "column": null }
      },
      "33": {
        "start": { "line": 687, "column": 8 },
        "end": { "line": 687, "column": null }
      },
      "34": {
        "start": { "line": 691, "column": 44 },
        "end": { "line": 691, "column": 48 }
      },
      "35": {
        "start": { "line": 693, "column": 4 },
        "end": { "line": 729, "column": 5 }
      },
      "36": {
        "start": { "line": 694, "column": 6 },
        "end": { "line": 700, "column": null }
      },
      "37": {
        "start": { "line": 695, "column": 8 },
        "end": { "line": 696, "column": null }
      },
      "38": {
        "start": { "line": 699, "column": 8 },
        "end": { "line": 699, "column": null }
      },
      "39": {
        "start": { "line": 701, "column": 6 },
        "end": { "line": 728, "column": 7 }
      },
      "40": {
        "start": { "line": 724, "column": 8 },
        "end": { "line": 726, "column": null }
      },
      "41": {
        "start": { "line": 727, "column": 8 },
        "end": { "line": 727, "column": null }
      },
      "42": {
        "start": { "line": 731, "column": 18 },
        "end": { "line": 733, "column": null }
      },
      "43": {
        "start": { "line": 734, "column": 4 },
        "end": { "line": 742, "column": 5 }
      },
      "44": {
        "start": { "line": 735, "column": 6 },
        "end": { "line": 735, "column": null }
      },
      "45": {
        "start": { "line": 736, "column": 6 },
        "end": { "line": 736, "column": null }
      },
      "46": {
        "start": { "line": 737, "column": 11 },
        "end": { "line": 742, "column": 5 }
      },
      "47": {
        "start": { "line": 738, "column": 6 },
        "end": { "line": 740, "column": null }
      },
      "48": {
        "start": { "line": 741, "column": 6 },
        "end": { "line": 741, "column": null }
      },
      "49": {
        "start": { "line": 744, "column": 4 },
        "end": { "line": 754, "column": 5 }
      },
      "50": {
        "start": { "line": 745, "column": 34 },
        "end": { "line": 747, "column": null }
      },
      "51": {
        "start": { "line": 748, "column": 6 },
        "end": { "line": 753, "column": 7 }
      },
      "52": {
        "start": { "line": 749, "column": 8 },
        "end": { "line": 751, "column": null }
      },
      "53": {
        "start": { "line": 752, "column": 8 },
        "end": { "line": 752, "column": null }
      },
      "54": {
        "start": { "line": 757, "column": 6 },
        "end": { "line": 759, "column": 14 }
      },
      "55": {
        "start": { "line": 758, "column": 43 },
        "end": { "line": 758, "column": null }
      },
      "56": {
        "start": { "line": 761, "column": 4 },
        "end": { "line": 796, "column": null }
      },
      "57": {
        "start": { "line": 774, "column": 8 },
        "end": { "line": 777, "column": 9 }
      },
      "58": {
        "start": { "line": 775, "column": 10 },
        "end": { "line": 775, "column": null }
      },
      "59": {
        "start": { "line": 776, "column": 10 },
        "end": { "line": 776, "column": null }
      },
      "60": {
        "start": { "line": 778, "column": 8 },
        "end": { "line": 795, "column": 9 }
      },
      "61": {
        "start": { "line": 779, "column": 25 },
        "end": { "line": 779, "column": 59 }
      },
      "62": {
        "start": { "line": 780, "column": 10 },
        "end": { "line": 791, "column": null }
      },
      "63": {
        "start": { "line": 786, "column": 14 },
        "end": { "line": 789, "column": 15 }
      },
      "64": {
        "start": { "line": 787, "column": 16 },
        "end": { "line": 787, "column": null }
      },
      "65": {
        "start": { "line": 788, "column": 16 },
        "end": { "line": 788, "column": null }
      },
      "66": {
        "start": { "line": 790, "column": 14 },
        "end": { "line": 790, "column": null }
      },
      "67": {
        "start": { "line": 794, "column": 10 },
        "end": { "line": 794, "column": null }
      },
      "68": {
        "start": { "line": 798, "column": 4 },
        "end": { "line": 800, "column": 5 }
      },
      "69": {
        "start": { "line": 799, "column": 6 },
        "end": { "line": 799, "column": null }
      },
      "70": {
        "start": { "line": 801, "column": 4 },
        "end": { "line": 801, "column": null }
      },
      "71": {
        "start": { "line": 803, "column": 4 },
        "end": { "line": 803, "column": null }
      },
      "72": {
        "start": { "line": 804, "column": 4 },
        "end": { "line": 804, "column": null }
      },
      "73": {
        "start": { "line": 805, "column": 4 },
        "end": { "line": 805, "column": 31 }
      },
      "74": {
        "start": { "line": 810, "column": 2 },
        "end": { "line": 810, "column": null }
      },
      "75": {
        "start": { "line": 811, "column": 2 },
        "end": { "line": 986, "column": null }
      },
      "76": {
        "start": { "line": 819, "column": 8 },
        "end": { "line": 819, "column": 17 }
      },
      "77": {
        "start": { "line": 820, "column": 23 },
        "end": { "line": 820, "column": 32 }
      },
      "78": {
        "start": { "line": 824, "column": 4 },
        "end": { "line": 828, "column": null }
      },
      "79": {
        "start": { "line": 825, "column": 6 },
        "end": { "line": 825, "column": null }
      },
      "80": {
        "start": { "line": 827, "column": 6 },
        "end": { "line": 827, "column": null }
      },
      "81": {
        "start": { "line": 832, "column": 4 },
        "end": { "line": 838, "column": 5 }
      },
      "82": {
        "start": { "line": 833, "column": 6 },
        "end": { "line": 837, "column": null }
      },
      "83": {
        "start": { "line": 834, "column": 8 },
        "end": { "line": 834, "column": null }
      },
      "84": {
        "start": { "line": 836, "column": 8 },
        "end": { "line": 836, "column": null }
      },
      "85": {
        "start": { "line": 841, "column": 4 },
        "end": { "line": 849, "column": 5 }
      },
      "86": {
        "start": { "line": 842, "column": 6 },
        "end": { "line": 848, "column": null }
      },
      "87": {
        "start": { "line": 843, "column": 8 },
        "end": { "line": 844, "column": null }
      },
      "88": {
        "start": { "line": 847, "column": 8 },
        "end": { "line": 847, "column": null }
      },
      "89": {
        "start": { "line": 851, "column": 4 },
        "end": { "line": 873, "column": 5 }
      },
      "90": {
        "start": { "line": 871, "column": 6 },
        "end": { "line": 871, "column": null }
      },
      "91": {
        "start": { "line": 872, "column": 6 },
        "end": { "line": 872, "column": null }
      },
      "92": {
        "start": { "line": 875, "column": 4 },
        "end": { "line": 883, "column": 5 }
      },
      "93": {
        "start": { "line": 881, "column": 6 },
        "end": { "line": 881, "column": null }
      },
      "94": {
        "start": { "line": 882, "column": 6 },
        "end": { "line": 882, "column": null }
      },
      "95": {
        "start": { "line": 885, "column": 4 },
        "end": { "line": 910, "column": 5 }
      },
      "96": {
        "start": { "line": 908, "column": 6 },
        "end": { "line": 908, "column": null }
      },
      "97": {
        "start": { "line": 909, "column": 6 },
        "end": { "line": 909, "column": null }
      },
      "98": {
        "start": { "line": 912, "column": 4 },
        "end": { "line": 915, "column": 5 }
      },
      "99": {
        "start": { "line": 913, "column": 6 },
        "end": { "line": 913, "column": null }
      },
      "100": {
        "start": { "line": 914, "column": 6 },
        "end": { "line": 914, "column": null }
      },
      "101": {
        "start": { "line": 917, "column": 18 },
        "end": { "line": 919, "column": null }
      },
      "102": {
        "start": { "line": 920, "column": 4 },
        "end": { "line": 928, "column": 5 }
      },
      "103": {
        "start": { "line": 921, "column": 6 },
        "end": { "line": 921, "column": null }
      },
      "104": {
        "start": { "line": 922, "column": 6 },
        "end": { "line": 922, "column": null }
      },
      "105": {
        "start": { "line": 923, "column": 11 },
        "end": { "line": 928, "column": 5 }
      },
      "106": {
        "start": { "line": 924, "column": 6 },
        "end": { "line": 926, "column": null }
      },
      "107": {
        "start": { "line": 927, "column": 6 },
        "end": { "line": 927, "column": null }
      },
      "108": {
        "start": { "line": 929, "column": 19 },
        "end": { "line": 929, "column": 53 }
      },
      "109": {
        "start": { "line": 931, "column": 31 },
        "end": { "line": 933, "column": null }
      },
      "110": {
        "start": { "line": 934, "column": 4 },
        "end": { "line": 942, "column": 5 }
      },
      "111": {
        "start": { "line": 938, "column": 6 },
        "end": { "line": 940, "column": null }
      },
      "112": {
        "start": { "line": 941, "column": 6 },
        "end": { "line": 941, "column": null }
      },
      "113": {
        "start": { "line": 944, "column": 27 },
        "end": { "line": 944, "column": null }
      },
      "114": {
        "start": { "line": 944, "column": 60 },
        "end": { "line": 944, "column": null }
      },
      "115": {
        "start": { "line": 945, "column": 16 },
        "end": { "line": 945, "column": 21 }
      },
      "116": {
        "start": { "line": 947, "column": 4 },
        "end": { "line": 976, "column": null }
      },
      "117": {
        "start": { "line": 953, "column": 8 },
        "end": { "line": 956, "column": 9 }
      },
      "118": {
        "start": { "line": 954, "column": 10 },
        "end": { "line": 954, "column": null }
      },
      "119": {
        "start": { "line": 955, "column": 10 },
        "end": { "line": 955, "column": null }
      },
      "120": {
        "start": { "line": 958, "column": 8 },
        "end": { "line": 974, "column": null }
      },
      "121": {
        "start": { "line": 968, "column": 12 },
        "end": { "line": 971, "column": 13 }
      },
      "122": {
        "start": { "line": 969, "column": 14 },
        "end": { "line": 969, "column": null }
      },
      "123": {
        "start": { "line": 970, "column": 14 },
        "end": { "line": 970, "column": null }
      },
      "124": {
        "start": { "line": 973, "column": 12 },
        "end": { "line": 973, "column": null }
      },
      "125": {
        "start": { "line": 978, "column": 4 },
        "end": { "line": 980, "column": 5 }
      },
      "126": {
        "start": { "line": 979, "column": 6 },
        "end": { "line": 979, "column": null }
      },
      "127": {
        "start": { "line": 981, "column": 4 },
        "end": { "line": 981, "column": null }
      },
      "128": {
        "start": { "line": 983, "column": 4 },
        "end": { "line": 983, "column": null }
      },
      "129": {
        "start": { "line": 984, "column": 4 },
        "end": { "line": 984, "column": null }
      },
      "130": {
        "start": { "line": 985, "column": 4 },
        "end": { "line": 985, "column": 31 }
      },
      "131": {
        "start": { "line": 990, "column": 2 },
        "end": { "line": 990, "column": null }
      },
      "132": {
        "start": { "line": 991, "column": 2 },
        "end": { "line": 1042, "column": null }
      },
      "133": {
        "start": { "line": 992, "column": 29 },
        "end": { "line": 992, "column": 38 }
      },
      "134": {
        "start": { "line": 993, "column": 23 },
        "end": { "line": 993, "column": 32 }
      },
      "135": {
        "start": { "line": 995, "column": 4 },
        "end": { "line": 998, "column": 5 }
      },
      "136": {
        "start": { "line": 996, "column": 6 },
        "end": { "line": 996, "column": null }
      },
      "137": {
        "start": { "line": 997, "column": 6 },
        "end": { "line": 997, "column": null }
      },
      "138": {
        "start": { "line": 1000, "column": 18 },
        "end": { "line": 1002, "column": null }
      },
      "139": {
        "start": { "line": 1003, "column": 4 },
        "end": { "line": 1011, "column": 5 }
      },
      "140": {
        "start": { "line": 1004, "column": 6 },
        "end": { "line": 1004, "column": null }
      },
      "141": {
        "start": { "line": 1005, "column": 6 },
        "end": { "line": 1005, "column": null }
      },
      "142": {
        "start": { "line": 1006, "column": 11 },
        "end": { "line": 1011, "column": 5 }
      },
      "143": {
        "start": { "line": 1007, "column": 6 },
        "end": { "line": 1009, "column": null }
      },
      "144": {
        "start": { "line": 1010, "column": 6 },
        "end": { "line": 1010, "column": null }
      },
      "145": {
        "start": { "line": 1012, "column": 19 },
        "end": { "line": 1012, "column": 53 }
      },
      "146": {
        "start": { "line": 1014, "column": 31 },
        "end": { "line": 1016, "column": null }
      },
      "147": {
        "start": { "line": 1017, "column": 4 },
        "end": { "line": 1025, "column": 5 }
      },
      "148": {
        "start": { "line": 1021, "column": 6 },
        "end": { "line": 1023, "column": null }
      },
      "149": {
        "start": { "line": 1024, "column": 6 },
        "end": { "line": 1024, "column": null }
      },
      "150": {
        "start": { "line": 1027, "column": 27 },
        "end": { "line": 1029, "column": null }
      },
      "151": {
        "start": { "line": 1031, "column": 4 },
        "end": { "line": 1037, "column": 5 }
      },
      "152": {
        "start": { "line": 1032, "column": 6 },
        "end": { "line": 1032, "column": null }
      },
      "153": {
        "start": { "line": 1033, "column": 6 },
        "end": { "line": 1033, "column": null }
      },
      "154": {
        "start": { "line": 1035, "column": 6 },
        "end": { "line": 1035, "column": null }
      },
      "155": {
        "start": { "line": 1036, "column": 6 },
        "end": { "line": 1036, "column": null }
      },
      "156": {
        "start": { "line": 1039, "column": 4 },
        "end": { "line": 1039, "column": null }
      },
      "157": {
        "start": { "line": 1040, "column": 4 },
        "end": { "line": 1040, "column": null }
      },
      "158": {
        "start": { "line": 1041, "column": 4 },
        "end": { "line": 1041, "column": 31 }
      }
    },
    "fnMap": {
      "0": {
        "name": "(anonymous_1)",
        "decl": {
          "start": { "line": 13, "column": 1 },
          "end": { "line": 13, "column": null }
        },
        "loc": {
          "start": { "line": 5, "column": 24 },
          "end": { "line": 5, "column": 32 }
        }
      },
      "1": {
        "name": "(anonymous_2)",
        "decl": {
          "start": { "line": 640, "column": 36 },
          "end": { "line": 640, "column": 37 }
        },
        "loc": {
          "start": { "line": 640, "column": 22 },
          "end": { "line": 640, "column": 36 }
        }
      },
      "2": {
        "name": "(anonymous_3)",
        "decl": {
          "start": { "line": 809, "column": 40 },
          "end": { "line": 809, "column": 41 }
        },
        "loc": {
          "start": { "line": 809, "column": 22 },
          "end": { "line": 809, "column": 40 }
        }
      },
      "3": {
        "name": "(anonymous_4)",
        "decl": {
          "start": { "line": 989, "column": 39 },
          "end": { "line": 989, "column": 40 }
        },
        "loc": {
          "start": { "line": 989, "column": 22 },
          "end": { "line": 989, "column": 39 }
        }
      },
      "4": {
        "name": "handler",
        "decl": {
          "start": { "line": 5, "column": 24 },
          "end": { "line": 5, "column": 32 }
        },
        "loc": {
          "start": { "line": 5, "column": 42 },
          "end": { "line": 13, "column": 1 }
        }
      },
      "5": {
        "name": "creaCalendario",
        "decl": {
          "start": { "line": 640, "column": 22 },
          "end": { "line": 640, "column": 36 }
        },
        "loc": {
          "start": { "line": 640, "column": 47 },
          "end": { "line": 807, "column": null }
        }
      },
      "6": {
        "name": "(anonymous_8)",
        "decl": {
          "start": { "line": 758, "column": 33 },
          "end": { "line": 758, "column": 34 }
        },
        "loc": {
          "start": { "line": 758, "column": 43 },
          "end": { "line": 758, "column": null }
        }
      },
      "7": {
        "name": "(anonymous_9)",
        "decl": {
          "start": { "line": 773, "column": 6 },
          "end": { "line": 773, "column": 16 }
        },
        "loc": {
          "start": { "line": 773, "column": 31 },
          "end": { "line": 796, "column": null }
        }
      },
      "8": {
        "name": "(anonymous_10)",
        "decl": {
          "start": { "line": 785, "column": 12 },
          "end": { "line": 785, "column": 22 }
        },
        "loc": {
          "start": { "line": 785, "column": 27 },
          "end": { "line": 791, "column": null }
        }
      },
      "9": {
        "name": "modificaCalendario",
        "decl": {
          "start": { "line": 809, "column": 22 },
          "end": { "line": 809, "column": 40 }
        },
        "loc": {
          "start": { "line": 809, "column": 51 },
          "end": { "line": 987, "column": null }
        }
      },
      "10": {
        "name": "(anonymous_12)",
        "decl": {
          "start": { "line": 944, "column": 50 },
          "end": { "line": 944, "column": 51 }
        },
        "loc": {
          "start": { "line": 944, "column": 60 },
          "end": { "line": 944, "column": null }
        }
      },
      "11": {
        "name": "(anonymous_13)",
        "decl": {
          "start": { "line": 952, "column": 6 },
          "end": { "line": 952, "column": 16 }
        },
        "loc": {
          "start": { "line": 952, "column": 21 },
          "end": { "line": 976, "column": null }
        }
      },
      "12": {
        "name": "(anonymous_14)",
        "decl": {
          "start": { "line": 967, "column": 10 },
          "end": { "line": 967, "column": 20 }
        },
        "loc": {
          "start": { "line": 967, "column": 25 },
          "end": { "line": 974, "column": null }
        }
      },
      "13": {
        "name": "eliminaCalendario",
        "decl": {
          "start": { "line": 989, "column": 22 },
          "end": { "line": 989, "column": 39 }
        },
        "loc": {
          "start": { "line": 989, "column": 50 },
          "end": { "line": 1043, "column": null }
        }
      }
    },
    "branchMap": {
      "0": {
        "loc": {
          "start": { "line": 6, "column": 2 },
          "end": { "line": 12, "column": 3 }
        },
        "type": "if",
        "locations": [
          {
            "start": { "line": 6, "column": 2 },
            "end": { "line": 12, "column": 3 }
          },
          {
            "start": { "line": 8, "column": 9 },
            "end": { "line": 12, "column": 3 }
          }
        ]
      },
      "1": {
        "loc": {
          "start": { "line": 8, "column": 9 },
          "end": { "line": 12, "column": 3 }
        },
        "type": "if",
        "locations": [
          {
            "start": { "line": 8, "column": 9 },
            "end": { "line": 12, "column": 3 }
          },
          {
            "start": { "line": 10, "column": 9 },
            "end": { "line": 12, "column": 3 }
          }
        ]
      },
      "2": {
        "loc": {
          "start": { "line": 10, "column": 9 },
          "end": { "line": 12, "column": 3 }
        },
        "type": "if",
        "locations": [
          {
            "start": { "line": 10, "column": 9 },
            "end": { "line": 12, "column": 3 }
          }
        ]
      },
      "3": {
        "loc": {
          "start": { "line": 661, "column": 4 },
          "end": { "line": 664, "column": 5 }
        },
        "type": "if",
        "locations": [
          {
            "start": { "line": 661, "column": 4 },
            "end": { "line": 664, "column": 5 }
          }
        ]
      },
      "4": {
        "loc": {
          "start": { "line": 661, "column": 8 },
          "end": { "line": 661, "column": 38 }
        },
        "type": "binary-expr",
        "locations": [
          {
            "start": { "line": 661, "column": 8 },
            "end": { "line": 661, "column": 20 }
          },
          {
            "start": { "line": 661, "column": 24 },
            "end": { "line": 661, "column": 38 }
          }
        ]
      },
      "5": {
        "loc": {
          "start": { "line": 666, "column": 4 },
          "end": { "line": 669, "column": 5 }
        },
        "type": "if",
        "locations": [
          {
            "start": { "line": 666, "column": 4 },
            "end": { "line": 669, "column": 5 }
          }
        ]
      },
      "6": {
        "loc": {
          "start": { "line": 666, "column": 8 },
          "end": { "line": 666, "column": 66 }
        },
        "type": "binary-expr",
        "locations": [
          {
            "start": { "line": 666, "column": 8 },
            "end": { "line": 666, "column": 22 }
          },
          {
            "start": { "line": 666, "column": 26 },
            "end": { "line": 666, "column": 66 }
          }
        ]
      },
      "7": {
        "loc": {
          "start": { "line": 673, "column": 4 },
          "end": { "line": 689, "column": 5 }
        },
        "type": "if",
        "locations": [
          {
            "start": { "line": 673, "column": 4 },
            "end": { "line": 689, "column": 5 }
          }
        ]
      },
      "8": {
        "loc": {
          "start": { "line": 680, "column": 6 },
          "end": { "line": 688, "column": 7 }
        },
        "type": "if",
        "locations": [
          {
            "start": { "line": 680, "column": 6 },
            "end": { "line": 688, "column": 7 }
          }
        ]
      },
      "9": {
        "loc": {
          "start": { "line": 681, "column": 8 },
          "end": { "line": 684, "column": null }
        },
        "type": "binary-expr",
        "locations": [
          {
            "start": { "line": 681, "column": 8 },
            "end": { "line": 681, "column": 40 }
          },
          {
            "start": { "line": 682, "column": 8 },
            "end": { "line": 682, "column": 39 }
          },
          {
            "start": { "line": 683, "column": 8 },
            "end": { "line": 683, "column": null }
          },
          {
            "start": { "line": 684, "column": 8 },
            "end": { "line": 684, "column": null }
          }
        ]
      },
      "10": {
        "loc": {
          "start": { "line": 693, "column": 4 },
          "end": { "line": 729, "column": 5 }
        },
        "type": "if",
        "locations": [
          {
            "start": { "line": 693, "column": 4 },
            "end": { "line": 729, "column": 5 }
          }
        ]
      },
      "11": {
        "loc": {
          "start": { "line": 701, "column": 6 },
          "end": { "line": 728, "column": 7 }
        },
        "type": "if",
        "locations": [
          {
            "start": { "line": 701, "column": 6 },
            "end": { "line": 728, "column": 7 }
          }
        ]
      },
      "12": {
        "loc": {
          "start": { "line": 702, "column": 8 },
          "end": { "line": 722, "column": null }
        },
        "type": "binary-expr",
        "locations": [
          {
            "start": { "line": 702, "column": 8 },
            "end": { "line": 702, "column": 56 }
          },
          {
            "start": { "line": 703, "column": 8 },
            "end": { "line": 703, "column": 61 }
          },
          {
            "start": { "line": 704, "column": 8 },
            "end": { "line": 704, "column": 56 }
          },
          {
            "start": { "line": 705, "column": 8 },
            "end": { "line": 705, "column": 67 }
          },
          {
            "start": { "line": 706, "column": 8 },
            "end": { "line": 706, "column": 55 }
          },
          {
            "start": { "line": 707, "column": 8 },
            "end": { "line": 707, "column": 66 }
          },
          {
            "start": { "line": 708, "column": 8 },
            "end": { "line": 708, "column": 67 }
          },
          {
            "start": { "line": 709, "column": 8 },
            "end": { "line": 710, "column": null }
          },
          {
            "start": { "line": 712, "column": 8 },
            "end": { "line": 713, "column": null }
          },
          {
            "start": { "line": 715, "column": 8 },
            "end": { "line": 715, "column": 58 }
          },
          {
            "start": { "line": 716, "column": 8 },
            "end": { "line": 716, "column": null }
          },
          {
            "start": { "line": 717, "column": 8 },
            "end": { "line": 717, "column": null }
          },
          {
            "start": { "line": 718, "column": 8 },
            "end": { "line": 718, "column": 60 }
          },
          {
            "start": { "line": 719, "column": 8 },
            "end": { "line": 719, "column": null }
          },
          {
            "start": { "line": 720, "column": 8 },
            "end": { "line": 720, "column": null }
          },
          {
            "start": { "line": 721, "column": 8 },
            "end": { "line": 721, "column": null }
          },
          {
            "start": { "line": 722, "column": 8 },
            "end": { "line": 722, "column": null }
          }
        ]
      },
      "13": {
        "loc": {
          "start": { "line": 734, "column": 4 },
          "end": { "line": 742, "column": 5 }
        },
        "type": "if",
        "locations": [
          {
            "start": { "line": 734, "column": 4 },
            "end": { "line": 742, "column": 5 }
          },
          {
            "start": { "line": 737, "column": 11 },
            "end": { "line": 742, "column": 5 }
          }
        ]
      },
      "14": {
        "loc": {
          "start": { "line": 737, "column": 11 },
          "end": { "line": 742, "column": 5 }
        },
        "type": "if",
        "locations": [
          {
            "start": { "line": 737, "column": 11 },
            "end": { "line": 742, "column": 5 }
          }
        ]
      },
      "15": {
        "loc": {
          "start": { "line": 744, "column": 4 },
          "end": { "line": 754, "column": 5 }
        },
        "type": "if",
        "locations": [
          {
            "start": { "line": 744, "column": 4 },
            "end": { "line": 754, "column": 5 }
          }
        ]
      },
      "16": {
        "loc": {
          "start": { "line": 744, "column": 8 },
          "end": { "line": 744, "column": 51 }
        },
        "type": "binary-expr",
        "locations": [
          {
            "start": { "line": 744, "column": 8 },
            "end": { "line": 744, "column": 33 }
          },
          {
            "start": { "line": 744, "column": 33 },
            "end": { "line": 744, "column": 51 }
          }
        ]
      },
      "17": {
        "loc": {
          "start": { "line": 748, "column": 6 },
          "end": { "line": 753, "column": 7 }
        },
        "type": "if",
        "locations": [
          {
            "start": { "line": 748, "column": 6 },
            "end": { "line": 753, "column": 7 }
          }
        ]
      },
      "18": {
        "loc": {
          "start": { "line": 757, "column": 6 },
          "end": { "line": 759, "column": 14 }
        },
        "type": "cond-expr",
        "locations": [
          {
            "start": { "line": 758, "column": 10 },
            "end": { "line": 758, "column": null }
          },
          {
            "start": { "line": 759, "column": 10 },
            "end": { "line": 759, "column": 14 }
          }
        ]
      },
      "19": {
        "loc": {
          "start": { "line": 757, "column": 6 },
          "end": { "line": 757, "column": null }
        },
        "type": "binary-expr",
        "locations": [
          {
            "start": { "line": 757, "column": 6 },
            "end": { "line": 757, "column": 29 }
          },
          {
            "start": { "line": 757, "column": 33 },
            "end": { "line": 757, "column": null }
          }
        ]
      },
      "20": {
        "loc": {
          "start": { "line": 764, "column": 20 },
          "end": { "line": 764, "column": 67 }
        },
        "type": "cond-expr",
        "locations": [
          {
            "start": { "line": 764, "column": 41 },
            "end": { "line": 764, "column": 53 }
          },
          {
            "start": { "line": 764, "column": 53 },
            "end": { "line": 764, "column": 67 }
          }
        ]
      },
      "21": {
        "loc": {
          "start": { "line": 765, "column": 16 },
          "end": { "line": 765, "column": 51 }
        },
        "type": "cond-expr",
        "locations": [
          {
            "start": { "line": 765, "column": 33 },
            "end": { "line": 765, "column": 45 }
          },
          {
            "start": { "line": 765, "column": 45 },
            "end": { "line": 765, "column": 51 }
          }
        ]
      },
      "22": {
        "loc": {
          "start": { "line": 767, "column": 20 },
          "end": { "line": 767, "column": 59 }
        },
        "type": "cond-expr",
        "locations": [
          {
            "start": { "line": 767, "column": 41 },
            "end": { "line": 767, "column": 46 }
          },
          {
            "start": { "line": 767, "column": 49 },
            "end": { "line": 767, "column": 59 }
          }
        ]
      },
      "23": {
        "loc": {
          "start": { "line": 769, "column": 10 },
          "end": { "line": 771, "column": 47 }
        },
        "type": "cond-expr",
        "locations": [
          {
            "start": { "line": 770, "column": 14 },
            "end": { "line": 770, "column": null }
          },
          {
            "start": { "line": 771, "column": 14 },
            "end": { "line": 771, "column": 47 }
          }
        ]
      },
      "24": {
        "loc": {
          "start": { "line": 774, "column": 8 },
          "end": { "line": 777, "column": 9 }
        },
        "type": "if",
        "locations": [
          {
            "start": { "line": 774, "column": 8 },
            "end": { "line": 777, "column": 9 }
          }
        ]
      },
      "25": {
        "loc": {
          "start": { "line": 778, "column": 8 },
          "end": { "line": 795, "column": 9 }
        },
        "type": "if",
        "locations": [
          {
            "start": { "line": 778, "column": 8 },
            "end": { "line": 795, "column": 9 }
          },
          {
            "start": { "line": 793, "column": 15 },
            "end": { "line": 795, "column": 9 }
          }
        ]
      },
      "26": {
        "loc": {
          "start": { "line": 778, "column": 12 },
          "end": { "line": 778, "column": 62 }
        },
        "type": "binary-expr",
        "locations": [
          {
            "start": { "line": 778, "column": 12 },
            "end": { "line": 778, "column": 36 }
          },
          {
            "start": { "line": 778, "column": 40 },
            "end": { "line": 778, "column": 62 }
          }
        ]
      },
      "27": {
        "loc": {
          "start": { "line": 786, "column": 14 },
          "end": { "line": 789, "column": 15 }
        },
        "type": "if",
        "locations": [
          {
            "start": { "line": 786, "column": 14 },
            "end": { "line": 789, "column": 15 }
          }
        ]
      },
      "28": {
        "loc": {
          "start": { "line": 798, "column": 4 },
          "end": { "line": 800, "column": 5 }
        },
        "type": "if",
        "locations": [
          {
            "start": { "line": 798, "column": 4 },
            "end": { "line": 800, "column": 5 }
          }
        ]
      },
      "29": {
        "loc": {
          "start": { "line": 832, "column": 4 },
          "end": { "line": 838, "column": 5 }
        },
        "type": "if",
        "locations": [
          {
            "start": { "line": 832, "column": 4 },
            "end": { "line": 838, "column": 5 }
          }
        ]
      },
      "30": {
        "loc": {
          "start": { "line": 841, "column": 4 },
          "end": { "line": 849, "column": 5 }
        },
        "type": "if",
        "locations": [
          {
            "start": { "line": 841, "column": 4 },
            "end": { "line": 849, "column": 5 }
          }
        ]
      },
      "31": {
        "loc": {
          "start": { "line": 851, "column": 4 },
          "end": { "line": 873, "column": 5 }
        },
        "type": "if",
        "locations": [
          {
            "start": { "line": 851, "column": 4 },
            "end": { "line": 873, "column": 5 }
          }
        ]
      },
      "32": {
        "loc": {
          "start": { "line": 852, "column": 6 },
          "end": { "line": 869, "column": 58 }
        },
        "type": "binary-expr",
        "locations": [
          {
            "start": { "line": 852, "column": 6 },
            "end": { "line": 852, "column": 26 }
          },
          {
            "start": { "line": 853, "column": 6 },
            "end": { "line": 853, "column": 20 }
          },
          {
            "start": { "line": 854, "column": 6 },
            "end": { "line": 854, "column": 18 }
          },
          {
            "start": { "line": 855, "column": 6 },
            "end": { "line": 855, "column": 24 }
          },
          {
            "start": { "line": 856, "column": 6 },
            "end": { "line": 856, "column": 38 }
          },
          {
            "start": { "line": 857, "column": 6 },
            "end": { "line": 857, "column": 37 }
          },
          {
            "start": { "line": 858, "column": 6 },
            "end": { "line": 858, "column": 20 }
          },
          {
            "start": { "line": 859, "column": 6 },
            "end": { "line": 859, "column": 29 }
          },
          {
            "start": { "line": 860, "column": 6 },
            "end": { "line": 860, "column": 43 }
          },
          {
            "start": { "line": 861, "column": 6 },
            "end": { "line": 861, "column": 54 }
          },
          {
            "start": { "line": 862, "column": 6 },
            "end": { "line": 862, "column": 59 }
          },
          {
            "start": { "line": 863, "column": 6 },
            "end": { "line": 863, "column": 54 }
          },
          {
            "start": { "line": 864, "column": 6 },
            "end": { "line": 864, "column": 65 }
          },
          {
            "start": { "line": 865, "column": 6 },
            "end": { "line": 865, "column": 53 }
          },
          {
            "start": { "line": 866, "column": 6 },
            "end": { "line": 866, "column": 64 }
          },
          {
            "start": { "line": 867, "column": 6 },
            "end": { "line": 867, "column": 65 }
          },
          {
            "start": { "line": 868, "column": 6 },
            "end": { "line": 868, "column": 56 }
          },
          {
            "start": { "line": 869, "column": 6 },
            "end": { "line": 869, "column": 58 }
          }
        ]
      },
      "33": {
        "loc": {
          "start": { "line": 875, "column": 4 },
          "end": { "line": 883, "column": 5 }
        },
        "type": "if",
        "locations": [
          {
            "start": { "line": 875, "column": 4 },
            "end": { "line": 883, "column": 5 }
          }
        ]
      },
      "34": {
        "loc": {
          "start": { "line": 876, "column": 6 },
          "end": { "line": 879, "column": null }
        },
        "type": "binary-expr",
        "locations": [
          {
            "start": { "line": 876, "column": 6 },
            "end": { "line": 876, "column": 38 }
          },
          {
            "start": { "line": 877, "column": 6 },
            "end": { "line": 877, "column": 37 }
          },
          {
            "start": { "line": 878, "column": 6 },
            "end": { "line": 878, "column": null }
          },
          {
            "start": { "line": 879, "column": 6 },
            "end": { "line": 879, "column": null }
          }
        ]
      },
      "35": {
        "loc": {
          "start": { "line": 885, "column": 4 },
          "end": { "line": 910, "column": 5 }
        },
        "type": "if",
        "locations": [
          {
            "start": { "line": 885, "column": 4 },
            "end": { "line": 910, "column": 5 }
          }
        ]
      },
      "36": {
        "loc": {
          "start": { "line": 886, "column": 6 },
          "end": { "line": 906, "column": null }
        },
        "type": "binary-expr",
        "locations": [
          {
            "start": { "line": 886, "column": 6 },
            "end": { "line": 886, "column": 54 }
          },
          {
            "start": { "line": 887, "column": 6 },
            "end": { "line": 887, "column": 59 }
          },
          {
            "start": { "line": 888, "column": 6 },
            "end": { "line": 888, "column": 54 }
          },
          {
            "start": { "line": 889, "column": 6 },
            "end": { "line": 889, "column": 65 }
          },
          {
            "start": { "line": 890, "column": 6 },
            "end": { "line": 890, "column": 53 }
          },
          {
            "start": { "line": 891, "column": 6 },
            "end": { "line": 891, "column": 64 }
          },
          {
            "start": { "line": 892, "column": 6 },
            "end": { "line": 892, "column": 65 }
          },
          {
            "start": { "line": 893, "column": 6 },
            "end": { "line": 894, "column": null }
          },
          {
            "start": { "line": 896, "column": 6 },
            "end": { "line": 897, "column": null }
          },
          {
            "start": { "line": 899, "column": 6 },
            "end": { "line": 899, "column": 56 }
          },
          {
            "start": { "line": 900, "column": 6 },
            "end": { "line": 900, "column": null }
          },
          {
            "start": { "line": 901, "column": 6 },
            "end": { "line": 901, "column": null }
          },
          {
            "start": { "line": 902, "column": 6 },
            "end": { "line": 902, "column": 58 }
          },
          {
            "start": { "line": 903, "column": 6 },
            "end": { "line": 903, "column": null }
          },
          {
            "start": { "line": 904, "column": 6 },
            "end": { "line": 904, "column": null }
          },
          {
            "start": { "line": 905, "column": 6 },
            "end": { "line": 905, "column": null }
          },
          {
            "start": { "line": 906, "column": 6 },
            "end": { "line": 906, "column": null }
          }
        ]
      },
      "37": {
        "loc": {
          "start": { "line": 912, "column": 4 },
          "end": { "line": 915, "column": 5 }
        },
        "type": "if",
        "locations": [
          {
            "start": { "line": 912, "column": 4 },
            "end": { "line": 915, "column": 5 }
          }
        ]
      },
      "38": {
        "loc": {
          "start": { "line": 920, "column": 4 },
          "end": { "line": 928, "column": 5 }
        },
        "type": "if",
        "locations": [
          {
            "start": { "line": 920, "column": 4 },
            "end": { "line": 928, "column": 5 }
          },
          {
            "start": { "line": 923, "column": 11 },
            "end": { "line": 928, "column": 5 }
          }
        ]
      },
      "39": {
        "loc": {
          "start": { "line": 923, "column": 11 },
          "end": { "line": 928, "column": 5 }
        },
        "type": "if",
        "locations": [
          {
            "start": { "line": 923, "column": 11 },
            "end": { "line": 928, "column": 5 }
          }
        ]
      },
      "40": {
        "loc": {
          "start": { "line": 934, "column": 4 },
          "end": { "line": 942, "column": 5 }
        },
        "type": "if",
        "locations": [
          {
            "start": { "line": 934, "column": 4 },
            "end": { "line": 942, "column": 5 }
          }
        ]
      },
      "41": {
        "loc": {
          "start": { "line": 935, "column": 6 },
          "end": { "line": 936, "column": null }
        },
        "type": "binary-expr",
        "locations": [
          {
            "start": { "line": 935, "column": 6 },
            "end": { "line": 935, "column": null }
          },
          {
            "start": { "line": 936, "column": 6 },
            "end": { "line": 936, "column": null }
          }
        ]
      },
      "42": {
        "loc": {
          "start": { "line": 953, "column": 8 },
          "end": { "line": 956, "column": 9 }
        },
        "type": "if",
        "locations": [
          {
            "start": { "line": 953, "column": 8 },
            "end": { "line": 956, "column": 9 }
          }
        ]
      },
      "43": {
        "loc": {
          "start": { "line": 968, "column": 12 },
          "end": { "line": 971, "column": 13 }
        },
        "type": "if",
        "locations": [
          {
            "start": { "line": 968, "column": 12 },
            "end": { "line": 971, "column": 13 }
          }
        ]
      },
      "44": {
        "loc": {
          "start": { "line": 978, "column": 4 },
          "end": { "line": 980, "column": 5 }
        },
        "type": "if",
        "locations": [
          {
            "start": { "line": 978, "column": 4 },
            "end": { "line": 980, "column": 5 }
          }
        ]
      },
      "45": {
        "loc": {
          "start": { "line": 995, "column": 4 },
          "end": { "line": 998, "column": 5 }
        },
        "type": "if",
        "locations": [
          {
            "start": { "line": 995, "column": 4 },
            "end": { "line": 998, "column": 5 }
          }
        ]
      },
      "46": {
        "loc": {
          "start": { "line": 995, "column": 8 },
          "end": { "line": 995, "column": 46 }
        },
        "type": "binary-expr",
        "locations": [
          {
            "start": { "line": 995, "column": 8 },
            "end": { "line": 995, "column": 28 }
          },
          {
            "start": { "line": 995, "column": 32 },
            "end": { "line": 995, "column": 46 }
          }
        ]
      },
      "47": {
        "loc": {
          "start": { "line": 1003, "column": 4 },
          "end": { "line": 1011, "column": 5 }
        },
        "type": "if",
        "locations": [
          {
            "start": { "line": 1003, "column": 4 },
            "end": { "line": 1011, "column": 5 }
          },
          {
            "start": { "line": 1006, "column": 11 },
            "end": { "line": 1011, "column": 5 }
          }
        ]
      },
      "48": {
        "loc": {
          "start": { "line": 1006, "column": 11 },
          "end": { "line": 1011, "column": 5 }
        },
        "type": "if",
        "locations": [
          {
            "start": { "line": 1006, "column": 11 },
            "end": { "line": 1011, "column": 5 }
          }
        ]
      },
      "49": {
        "loc": {
          "start": { "line": 1017, "column": 4 },
          "end": { "line": 1025, "column": 5 }
        },
        "type": "if",
        "locations": [
          {
            "start": { "line": 1017, "column": 4 },
            "end": { "line": 1025, "column": 5 }
          }
        ]
      },
      "50": {
        "loc": {
          "start": { "line": 1018, "column": 6 },
          "end": { "line": 1019, "column": null }
        },
        "type": "binary-expr",
        "locations": [
          {
            "start": { "line": 1018, "column": 6 },
            "end": { "line": 1018, "column": null }
          },
          {
            "start": { "line": 1019, "column": 6 },
            "end": { "line": 1019, "column": null }
          }
        ]
      },
      "51": {
        "loc": {
          "start": { "line": 1031, "column": 4 },
          "end": { "line": 1037, "column": 5 }
        },
        "type": "if",
        "locations": [
          {
            "start": { "line": 1031, "column": 4 },
            "end": { "line": 1037, "column": 5 }
          },
          {
            "start": { "line": 1034, "column": 11 },
            "end": { "line": 1037, "column": 5 }
          }
        ]
      }
    },
    "s": {
      "0": 0,
      "1": 1,
      "2": 1,
      "3": 1,
      "4": 3,
      "5": 3,
      "6": 3,
      "7": 0,
      "8": 0,
      "9": 0,
      "10": 0,
      "11": 0,
      "12": 0,
      "13": 31,
      "14": 31,
      "15": 31,
      "16": 31,
      "17": 31,
      "18": 31,
      "19": 31,
      "20": 31,
      "21": 3,
      "22": 3,
      "23": 28,
      "24": 1,
      "25": 1,
      "26": 27,
      "27": 27,
      "28": 13,
      "29": 13,
      "30": 13,
      "31": 13,
      "32": 2,
      "33": 2,
      "34": 25,
      "35": 25,
      "36": 12,
      "37": 12,
      "38": 12,
      "39": 12,
      "40": 6,
      "41": 6,
      "42": 19,
      "43": 19,
      "44": 1,
      "45": 1,
      "46": 18,
      "47": 1,
      "48": 1,
      "49": 17,
      "50": 1,
      "51": 1,
      "52": 1,
      "53": 1,
      "54": 16,
      "55": 16,
      "56": 16,
      "57": 16,
      "58": 0,
      "59": 0,
      "60": 16,
      "61": 8,
      "62": 8,
      "63": 8,
      "64": 0,
      "65": 0,
      "66": 8,
      "67": 8,
      "68": 16,
      "69": 16,
      "70": 16,
      "71": 0,
      "72": 0,
      "73": 0,
      "74": 30,
      "75": 30,
      "76": 30,
      "77": 30,
      "78": 30,
      "79": 30,
      "80": 30,
      "81": 30,
      "82": 29,
      "83": 29,
      "84": 29,
      "85": 30,
      "86": 29,
      "87": 29,
      "88": 29,
      "89": 30,
      "90": 18,
      "91": 18,
      "92": 12,
      "93": 1,
      "94": 1,
      "95": 11,
      "96": 6,
      "97": 6,
      "98": 5,
      "99": 1,
      "100": 1,
      "101": 4,
      "102": 4,
      "103": 1,
      "104": 1,
      "105": 3,
      "106": 1,
      "107": 1,
      "108": 2,
      "109": 2,
      "110": 2,
      "111": 1,
      "112": 1,
      "113": 1,
      "114": 1,
      "115": 1,
      "116": 1,
      "117": 1,
      "118": 0,
      "119": 0,
      "120": 1,
      "121": 1,
      "122": 0,
      "123": 0,
      "124": 1,
      "125": 1,
      "126": 1,
      "127": 1,
      "128": 0,
      "129": 0,
      "130": 0,
      "131": 7,
      "132": 7,
      "133": 7,
      "134": 7,
      "135": 7,
      "136": 3,
      "137": 3,
      "138": 4,
      "139": 4,
      "140": 1,
      "141": 1,
      "142": 3,
      "143": 1,
      "144": 1,
      "145": 2,
      "146": 2,
      "147": 2,
      "148": 1,
      "149": 1,
      "150": 1,
      "151": 1,
      "152": 1,
      "153": 1,
      "154": 0,
      "155": 0,
      "156": 0,
      "157": 0,
      "158": 0
    },
    "f": {
      "0": 0,
      "1": 1,
      "2": 1,
      "3": 1,
      "4": 0,
      "5": 31,
      "6": 16,
      "7": 16,
      "8": 8,
      "9": 30,
      "10": 1,
      "11": 1,
      "12": 1,
      "13": 7
    },
    "b": {
      "0": [0, 0],
      "1": [0, 0],
      "2": [0],
      "3": [3],
      "4": [31, 29],
      "5": [1],
      "6": [28, 15],
      "7": [13],
      "8": [2],
      "9": [13, 13, 12, 12],
      "10": [12],
      "11": [6],
      "12": [12, 12, 12, 12, 12, 12, 12, 12, 11, 10, 10, 10, 9, 9, 8, 8, 7],
      "13": [1, 18],
      "14": [1],
      "15": [1],
      "16": [17, 17],
      "17": [1],
      "18": [8, 8],
      "19": [16, 8],
      "20": [11, 5],
      "21": [8, 8],
      "22": [7, 9],
      "23": [10, 6],
      "24": [0],
      "25": [8, 8],
      "26": [16, 8],
      "27": [0],
      "28": [16],
      "29": [29],
      "30": [29],
      "31": [18],
      "32": [
        30, 29, 28, 27, 26, 25, 24, 23, 22, 21, 20, 19, 18, 17, 16, 15, 14, 13
      ],
      "33": [1],
      "34": [12, 12, 12, 12],
      "35": [6],
      "36": [11, 11, 11, 11, 11, 11, 11, 11, 10, 9, 9, 9, 8, 8, 7, 7, 6],
      "37": [1],
      "38": [1, 3],
      "39": [1],
      "40": [1],
      "41": [2, 1],
      "42": [0],
      "43": [0],
      "44": [1],
      "45": [3],
      "46": [7, 5],
      "47": [1, 3],
      "48": [1],
      "49": [1],
      "50": [2, 1],
      "51": [1, 0]
    }
  },
  "C:\\Users\\Lucky\\Desktop\\codice_PlanIt\\pages\\api\\event\\[IDCalendario].js": {
    "path": "C:\\Users\\Lucky\\Desktop\\codice_PlanIt\\pages\\api\\event\\[IDCalendario].js",
    "statementMap": {
      "0": {
        "start": { "line": 6, "column": 24 },
        "end": { "line": 6, "column": 32 }
      },
      "1": {
        "start": { "line": 217, "column": 22 },
        "end": { "line": 217, "column": 31 }
      },
      "2": {
        "start": { "line": 1, "column": 22 },
        "end": { "line": 1, "column": null }
      },
      "3": {
        "start": { "line": 2, "column": 23 },
        "end": { "line": 2, "column": null }
      },
      "4": {
        "start": { "line": 3, "column": 19 },
        "end": { "line": 3, "column": null }
      },
      "5": {
        "start": { "line": 4, "column": 30 },
        "end": { "line": 4, "column": null }
      },
      "6": {
        "start": { "line": 7, "column": 2 },
        "end": { "line": 9, "column": 3 }
      },
      "7": {
        "start": { "line": 8, "column": 4 },
        "end": { "line": 8, "column": null }
      },
      "8": {
        "start": { "line": 218, "column": 2 },
        "end": { "line": 218, "column": null }
      },
      "9": {
        "start": { "line": 219, "column": 2 },
        "end": { "line": 272, "column": null }
      },
      "10": {
        "start": { "line": 220, "column": 29 },
        "end": { "line": 220, "column": 38 }
      },
      "11": {
        "start": { "line": 221, "column": 23 },
        "end": { "line": 221, "column": 32 }
      },
      "12": {
        "start": { "line": 223, "column": 4 },
        "end": { "line": 226, "column": 5 }
      },
      "13": {
        "start": { "line": 224, "column": 6 },
        "end": { "line": 224, "column": null }
      },
      "14": {
        "start": { "line": 225, "column": 6 },
        "end": { "line": 225, "column": null }
      },
      "15": {
        "start": { "line": 228, "column": 18 },
        "end": { "line": 230, "column": null }
      },
      "16": {
        "start": { "line": 231, "column": 4 },
        "end": { "line": 239, "column": 5 }
      },
      "17": {
        "start": { "line": 232, "column": 6 },
        "end": { "line": 232, "column": null }
      },
      "18": {
        "start": { "line": 233, "column": 6 },
        "end": { "line": 233, "column": null }
      },
      "19": {
        "start": { "line": 234, "column": 11 },
        "end": { "line": 239, "column": 5 }
      },
      "20": {
        "start": { "line": 235, "column": 6 },
        "end": { "line": 237, "column": null }
      },
      "21": {
        "start": { "line": 238, "column": 6 },
        "end": { "line": 238, "column": null }
      },
      "22": {
        "start": { "line": 240, "column": 19 },
        "end": { "line": 240, "column": 53 }
      },
      "23": {
        "start": { "line": 242, "column": 31 },
        "end": { "line": 244, "column": null }
      },
      "24": {
        "start": { "line": 245, "column": 4 },
        "end": { "line": 250, "column": 5 }
      },
      "25": {
        "start": { "line": 246, "column": 6 },
        "end": { "line": 248, "column": null }
      },
      "26": {
        "start": { "line": 249, "column": 6 },
        "end": { "line": 249, "column": null }
      },
      "27": {
        "start": { "line": 252, "column": 19 },
        "end": { "line": 257, "column": null }
      },
      "28": {
        "start": { "line": 258, "column": 4 },
        "end": { "line": 263, "column": 5 }
      },
      "29": {
        "start": { "line": 259, "column": 6 },
        "end": { "line": 261, "column": null }
      },
      "30": {
        "start": { "line": 262, "column": 6 },
        "end": { "line": 262, "column": null }
      },
      "31": {
        "start": { "line": 264, "column": 4 },
        "end": { "line": 266, "column": null }
      },
      "32": {
        "start": { "line": 267, "column": 4 },
        "end": { "line": 267, "column": null }
      },
      "33": {
        "start": { "line": 269, "column": 4 },
        "end": { "line": 269, "column": null }
      },
      "34": {
        "start": { "line": 270, "column": 4 },
        "end": { "line": 270, "column": null }
      },
      "35": {
        "start": { "line": 271, "column": 4 },
        "end": { "line": 271, "column": 31 }
      }
    },
    "fnMap": {
      "0": {
        "name": "(anonymous_1)",
        "decl": {
          "start": { "line": 10, "column": 1 },
          "end": { "line": 10, "column": null }
        },
        "loc": {
          "start": { "line": 6, "column": 24 },
          "end": { "line": 6, "column": 32 }
        }
      },
      "1": {
        "name": "(anonymous_2)",
        "decl": {
          "start": { "line": 217, "column": 31 },
          "end": { "line": 217, "column": 32 }
        },
        "loc": {
          "start": { "line": 217, "column": 22 },
          "end": { "line": 217, "column": 31 }
        }
      },
      "2": {
        "name": "handler",
        "decl": {
          "start": { "line": 6, "column": 24 },
          "end": { "line": 6, "column": 32 }
        },
        "loc": {
          "start": { "line": 6, "column": 42 },
          "end": { "line": 10, "column": 1 }
        }
      },
      "3": {
        "name": "getEventi",
        "decl": {
          "start": { "line": 217, "column": 22 },
          "end": { "line": 217, "column": 31 }
        },
        "loc": {
          "start": { "line": 217, "column": 42 },
          "end": { "line": 273, "column": null }
        }
      }
    },
    "branchMap": {
      "0": {
        "loc": {
          "start": { "line": 7, "column": 2 },
          "end": { "line": 9, "column": 3 }
        },
        "type": "if",
        "locations": [
          {
            "start": { "line": 7, "column": 2 },
            "end": { "line": 9, "column": 3 }
          }
        ]
      },
      "1": {
        "loc": {
          "start": { "line": 223, "column": 4 },
          "end": { "line": 226, "column": 5 }
        },
        "type": "if",
        "locations": [
          {
            "start": { "line": 223, "column": 4 },
            "end": { "line": 226, "column": 5 }
          }
        ]
      },
      "2": {
        "loc": {
          "start": { "line": 223, "column": 8 },
          "end": { "line": 223, "column": 46 }
        },
        "type": "binary-expr",
        "locations": [
          {
            "start": { "line": 223, "column": 8 },
            "end": { "line": 223, "column": 28 }
          },
          {
            "start": { "line": 223, "column": 32 },
            "end": { "line": 223, "column": 46 }
          }
        ]
      },
      "3": {
        "loc": {
          "start": { "line": 231, "column": 4 },
          "end": { "line": 239, "column": 5 }
        },
        "type": "if",
        "locations": [
          {
            "start": { "line": 231, "column": 4 },
            "end": { "line": 239, "column": 5 }
          },
          {
            "start": { "line": 234, "column": 11 },
            "end": { "line": 239, "column": 5 }
          }
        ]
      },
      "4": {
        "loc": {
          "start": { "line": 234, "column": 11 },
          "end": { "line": 239, "column": 5 }
        },
        "type": "if",
        "locations": [
          {
            "start": { "line": 234, "column": 11 },
            "end": { "line": 239, "column": 5 }
          }
        ]
      },
      "5": {
        "loc": {
          "start": { "line": 245, "column": 4 },
          "end": { "line": 250, "column": 5 }
        },
        "type": "if",
        "locations": [
          {
            "start": { "line": 245, "column": 4 },
            "end": { "line": 250, "column": 5 }
          }
        ]
      },
      "6": {
        "loc": {
          "start": { "line": 258, "column": 4 },
          "end": { "line": 263, "column": 5 }
        },
        "type": "if",
        "locations": [
          {
            "start": { "line": 258, "column": 4 },
            "end": { "line": 263, "column": 5 }
          }
        ]
      }
    },
    "s": {
      "0": 0,
      "1": 1,
      "2": 1,
      "3": 1,
      "4": 1,
      "5": 1,
      "6": 0,
      "7": 0,
      "8": 7,
      "9": 7,
      "10": 7,
      "11": 7,
      "12": 7,
      "13": 2,
      "14": 2,
      "15": 5,
      "16": 5,
      "17": 1,
      "18": 1,
      "19": 4,
      "20": 1,
      "21": 1,
      "22": 3,
      "23": 3,
      "24": 3,
      "25": 1,
      "26": 1,
      "27": 2,
      "28": 2,
      "29": 1,
      "30": 1,
      "31": 1,
      "32": 1,
      "33": 0,
      "34": 0,
      "35": 0
    },
    "f": { "0": 0, "1": 1, "2": 0, "3": 7 },
    "b": {
      "0": [0],
      "1": [2],
      "2": [7, 6],
      "3": [1, 4],
      "4": [1],
      "5": [1],
      "6": [1]
    }
  },
  "C:\\Users\\Lucky\\Desktop\\codice_PlanIt\\pages\\api\\event\\index.js": {
    "path": "C:\\Users\\Lucky\\Desktop\\codice_PlanIt\\pages\\api\\event\\index.js",
    "statementMap": {
      "0": {
        "start": { "line": 6, "column": 24 },
        "end": { "line": 6, "column": 32 }
      },
      "1": {
        "start": { "line": 900, "column": 22 },
        "end": { "line": 900, "column": 32 }
      },
      "2": {
        "start": { "line": 1154, "column": 22 },
        "end": { "line": 1154, "column": 36 }
      },
      "3": {
        "start": { "line": 1411, "column": 22 },
        "end": { "line": 1411, "column": 35 }
      },
      "4": {
        "start": { "line": 1, "column": 22 },
        "end": { "line": 1, "column": null }
      },
      "5": {
        "start": { "line": 2, "column": 19 },
        "end": { "line": 2, "column": null }
      },
      "6": {
        "start": { "line": 3, "column": 23 },
        "end": { "line": 3, "column": null }
      },
      "7": {
        "start": { "line": 4, "column": 30 },
        "end": { "line": 4, "column": null }
      },
      "8": {
        "start": { "line": 7, "column": 2 },
        "end": { "line": 13, "column": 3 }
      },
      "9": {
        "start": { "line": 8, "column": 4 },
        "end": { "line": 8, "column": null }
      },
      "10": {
        "start": { "line": 9, "column": 9 },
        "end": { "line": 13, "column": 3 }
      },
      "11": {
        "start": { "line": 10, "column": 4 },
        "end": { "line": 10, "column": null }
      },
      "12": {
        "start": { "line": 11, "column": 9 },
        "end": { "line": 13, "column": 3 }
      },
      "13": {
        "start": { "line": 12, "column": 4 },
        "end": { "line": 12, "column": null }
      },
      "14": {
        "start": { "line": 901, "column": 2 },
        "end": { "line": 901, "column": null }
      },
      "15": {
        "start": { "line": 902, "column": 2 },
        "end": { "line": 1151, "column": null }
      },
      "16": {
        "start": { "line": 916, "column": 8 },
        "end": { "line": 916, "column": 17 }
      },
      "17": {
        "start": { "line": 917, "column": 23 },
        "end": { "line": 917, "column": 32 }
      },
      "18": {
        "start": { "line": 920, "column": 4 },
        "end": { "line": 924, "column": null }
      },
      "19": {
        "start": { "line": 921, "column": 6 },
        "end": { "line": 921, "column": null }
      },
      "20": {
        "start": { "line": 923, "column": 6 },
        "end": { "line": 923, "column": null }
      },
      "21": {
        "start": { "line": 925, "column": 4 },
        "end": { "line": 937, "column": 5 }
      },
      "22": {
        "start": { "line": 933, "column": 6 },
        "end": { "line": 935, "column": 78 }
      },
[...]
          {
            "start": { "line": 222, "column": 4 },
            "end": { "line": 225, "column": 5 }
          }
        ]
      },
      "4": {
        "loc": {
          "start": { "line": 222, "column": 8 },
          "end": { "line": 222, "column": 59 }
        },
        "type": "binary-expr",
        "locations": [
          {
            "start": { "line": 222, "column": 8 },
            "end": { "line": 222, "column": 22 }
          },
          {
            "start": { "line": 222, "column": 26 },
            "end": { "line": 222, "column": 39 }
          },
          {
            "start": { "line": 222, "column": 43 },
            "end": { "line": 222, "column": 59 }
          }
        ]
      },
      "5": {
        "loc": {
          "start": { "line": 230, "column": 4 },
          "end": { "line": 235, "column": 5 }
        },
        "type": "if",
        "locations": [
          {
            "start": { "line": 230, "column": 4 },
            "end": { "line": 235, "column": 5 }
          }
        ]
      },
      "6": {
        "loc": {
          "start": { "line": 230, "column": 8 },
          "end": { "line": 230, "column": 69 }
        },
        "type": "binary-expr",
        "locations": [
          {
            "start": { "line": 230, "column": 8 },
            "end": { "line": 230, "column": 42 }
          },
          {
            "start": { "line": 230, "column": 42 },
            "end": { "line": 230, "column": 69 }
          }
        ]
      },
      "7": {
        "loc": {
          "start": { "line": 244, "column": 8 },
          "end": { "line": 247, "column": 9 }
        },
        "type": "if",
        "locations": [
          {
            "start": { "line": 244, "column": 8 },
            "end": { "line": 247, "column": 9 }
          }
        ]
      },
      "8": {
        "loc": {
          "start": { "line": 251, "column": 4 },
          "end": { "line": 253, "column": 5 }
        },
        "type": "if",
        "locations": [
          {
            "start": { "line": 251, "column": 4 },
            "end": { "line": 253, "column": 5 }
          }
        ]
      },
      "9": {
        "loc": {
          "start": { "line": 266, "column": 4 },
          "end": { "line": 269, "column": 5 }
        },
        "type": "if",
        "locations": [
          {
            "start": { "line": 266, "column": 4 },
            "end": { "line": 269, "column": 5 }
          }
        ]
      },
      "10": {
        "loc": {
          "start": { "line": 266, "column": 8 },
          "end": { "line": 266, "column": 42 }
        },
        "type": "binary-expr",
        "locations": [
          {
            "start": { "line": 266, "column": 8 },
            "end": { "line": 266, "column": 22 }
          },
          {
            "start": { "line": 266, "column": 26 },
            "end": { "line": 266, "column": 42 }
          }
        ]
      },
      "11": {
        "loc": {
          "start": { "line": 274, "column": 4 },
          "end": { "line": 282, "column": 5 }
        },
        "type": "if",
        "locations": [
          {
            "start": { "line": 274, "column": 4 },
            "end": { "line": 282, "column": 5 }
          },
          {
            "start": { "line": 277, "column": 11 },
            "end": { "line": 282, "column": 5 }
          }
        ]
      },
      "12": {
        "loc": {
          "start": { "line": 277, "column": 11 },
          "end": { "line": 282, "column": 5 }
        },
        "type": "if",
        "locations": [
          {
            "start": { "line": 277, "column": 11 },
            "end": { "line": 282, "column": 5 }
          }
        ]
      },
      "13": {
        "loc": {
          "start": { "line": 289, "column": 4 },
          "end": { "line": 293, "column": 5 }
        },
        "type": "if",
        "locations": [
          {
            "start": { "line": 289, "column": 4 },
            "end": { "line": 293, "column": 5 }
          },
          {
            "start": { "line": 291, "column": 11 },
            "end": { "line": 293, "column": 5 }
          }
        ]
      },
      "14": {
        "loc": {
          "start": { "line": 306, "column": 4 },
          "end": { "line": 309, "column": 5 }
        },
        "type": "if",
        "locations": [
          {
            "start": { "line": 306, "column": 4 },
            "end": { "line": 309, "column": 5 }
          }
        ]
      },
      "15": {
        "loc": {
          "start": { "line": 314, "column": 4 },
          "end": { "line": 322, "column": 5 }
        },
        "type": "if",
        "locations": [
          {
            "start": { "line": 314, "column": 4 },
            "end": { "line": 322, "column": 5 }
          },
          {
            "start": { "line": 317, "column": 11 },
            "end": { "line": 322, "column": 5 }
          }
        ]
      },
      "16": {
        "loc": {
          "start": { "line": 317, "column": 11 },
          "end": { "line": 322, "column": 5 }
        },
        "type": "if",
        "locations": [
          {
            "start": { "line": 317, "column": 11 },
            "end": { "line": 322, "column": 5 }
          }
        ]
      },
      "17": {
        "loc": {
          "start": { "line": 326, "column": 4 },
          "end": { "line": 332, "column": 5 }
        },
        "type": "if",
        "locations": [
          {
            "start": { "line": 326, "column": 4 },
            "end": { "line": 332, "column": 5 }
          },
          {
            "start": { "line": 329, "column": 11 },
            "end": { "line": 332, "column": 5 }
          }
        ]
      }
    },
    "s": {
      "0": 0,
      "1": 1,
      "2": 1,
      "3": 1,
      "4": 3,
      "5": 3,
      "6": 0,
      "7": 0,
      "8": 0,
      "9": 0,
      "10": 0,
      "11": 0,
      "12": 9,
      "13": 9,
      "14": 9,
      "15": 9,
      "16": 7,
      "17": 7,
      "18": 2,
      "19": 2,
      "20": 1,
      "21": 1,
      "22": 1,
      "23": 1,
      "24": 0,
      "25": 0,
      "26": 1,
      "27": 1,
      "28": 1,
      "29": 1,
      "30": 0,
      "31": 0,
      "32": 6,
      "33": 6,
      "34": 6,
      "35": 6,
      "36": 3,
      "37": 3,
      "38": 3,
      "39": 3,
      "40": 1,
      "41": 1,
      "42": 2,
      "43": 1,
      "44": 1,
      "45": 1,
      "46": 1,
      "47": 1,
      "48": 0,
      "49": 0,
      "50": 0,
      "51": 0,
      "52": 4,
      "53": 4,
      "54": 4,
      "55": 4,
      "56": 1,
      "57": 1,
      "58": 3,
      "59": 3,
      "60": 1,
      "61": 1,
      "62": 2,
      "63": 1,
      "64": 1,
      "65": 1,
      "66": 1,
      "67": 1,
      "68": 1,
      "69": 0,
      "70": 0,
      "71": 0,
      "72": 0,
      "73": 0
    },
    "f": {
      "0": 0,
      "1": 1,
      "2": 1,
      "3": 1,
      "4": 0,
      "5": 9,
      "6": 1,
      "7": 6,
      "8": 4
    },
    "b": {
      "0": [0, 0],
      "1": [0, 0],
      "2": [0],
      "3": [7],
      "4": [9, 5, 3],
      "5": [1],
      "6": [2, 1],
      "7": [0],
      "8": [1],
      "9": [3],
      "10": [6, 4],
      "11": [1, 2],
      "12": [1],
      "13": [1, 0],
      "14": [1],
      "15": [1, 2],
      "16": [1],
      "17": [1, 0]
    }
  },
  "C:\\Users\\Lucky\\Desktop\\codice_PlanIt\\pages\\api\\user\\email\\[email].js": {
    "path": "C:\\Users\\Lucky\\Desktop\\codice_PlanIt\\pages\\api\\user\\email\\[email].js",
    "statementMap": {
      "0": {
        "start": { "line": 4, "column": 24 },
        "end": { "line": 4, "column": 32 }
      },
      "1": {
        "start": { "line": 102, "column": 22 },
        "end": { "line": 102, "column": 29 }
      },
      "2": {
        "start": { "line": 1, "column": 22 },
        "end": { "line": 1, "column": null }
      },
      "3": {
        "start": { "line": 2, "column": 30 },
        "end": { "line": 2, "column": null }
      },
      "4": {
        "start": { "line": 5, "column": 2 },
        "end": { "line": 7, "column": 3 }
      },
      "5": {
        "start": { "line": 6, "column": 4 },
        "end": { "line": 6, "column": null }
      },
      "6": {
        "start": { "line": 103, "column": 2 },
        "end": { "line": 103, "column": null }
      },
      "7": {
        "start": { "line": 104, "column": 2 },
        "end": { "line": 139, "column": null }
      },
      "8": {
        "start": { "line": 105, "column": 22 },
        "end": { "line": 105, "column": 31 }
      },
      "9": {
        "start": { "line": 107, "column": 4 },
        "end": { "line": 113, "column": 5 }
      },
      "10": {
        "start": { "line": 111, "column": 6 },
        "end": { "line": 111, "column": null }
      },
      "11": {
        "start": { "line": 112, "column": 6 },
        "end": { "line": 112, "column": null }
      },
      "12": {
        "start": { "line": 115, "column": 20 },
        "end": { "line": 117, "column": null }
      },
      "13": {
        "start": { "line": 119, "column": 4 },
        "end": { "line": 127, "column": 5 }
      },
      "14": {
        "start": { "line": 120, "column": 6 },
        "end": { "line": 120, "column": null }
      },
      "15": {
        "start": { "line": 121, "column": 6 },
        "end": { "line": 121, "column": null }
      },
      "16": {
        "start": { "line": 122, "column": 11 },
        "end": { "line": 127, "column": 5 }
      },
      "17": {
        "start": { "line": 123, "column": 6 },
        "end": { "line": 125, "column": null }
      },
      "18": {
        "start": { "line": 126, "column": 6 },
        "end": { "line": 126, "column": null }
      },
      "19": {
        "start": { "line": 129, "column": 4 },
        "end": { "line": 133, "column": null }
      },
      "20": {
        "start": { "line": 134, "column": 4 },
        "end": { "line": 134, "column": null }
      },
      "21": {
        "start": { "line": 136, "column": 4 },
        "end": { "line": 136, "column": null }
      },
      "22": {
        "start": { "line": 137, "column": 4 },
        "end": { "line": 137, "column": null }
      },
      "23": {
        "start": { "line": 138, "column": 4 },
        "end": { "line": 138, "column": 31 }
      }
    },
    "fnMap": {
      "0": {
        "name": "(anonymous_1)",
        "decl": {
          "start": { "line": 8, "column": 1 },
          "end": { "line": 8, "column": null }
        },
        "loc": {
          "start": { "line": 4, "column": 24 },
          "end": { "line": 4, "column": 32 }
        }
      },
      "1": {
        "name": "(anonymous_2)",
        "decl": {
          "start": { "line": 102, "column": 29 },
          "end": { "line": 102, "column": 30 }
        },
        "loc": {
          "start": { "line": 102, "column": 22 },
          "end": { "line": 102, "column": 29 }
        }
      },
      "2": {
        "name": "handler",
        "decl": {
          "start": { "line": 4, "column": 24 },
          "end": { "line": 4, "column": 32 }
        },
        "loc": {
          "start": { "line": 4, "column": 42 },
          "end": { "line": 8, "column": 1 }
        }
      },
      "3": {
        "name": "getUser",
        "decl": {
          "start": { "line": 102, "column": 22 },
          "end": { "line": 102, "column": 29 }
        },
        "loc": {
          "start": { "line": 102, "column": 40 },
          "end": { "line": 140, "column": null }
        }
      }
    },
    "branchMap": {
      "0": {
        "loc": {
          "start": { "line": 5, "column": 2 },
          "end": { "line": 7, "column": 3 }
        },
        "type": "if",
        "locations": [
          {
            "start": { "line": 5, "column": 2 },
            "end": { "line": 7, "column": 3 }
          }
        ]
      },
      "1": {
        "loc": {
          "start": { "line": 107, "column": 4 },
          "end": { "line": 113, "column": 5 }
        },
        "type": "if",
        "locations": [
          {
            "start": { "line": 107, "column": 4 },
            "end": { "line": 113, "column": 5 }
          }
        ]
      },
      "2": {
        "loc": {
          "start": { "line": 108, "column": 6 },
          "end": { "line": 109, "column": null }
        },
        "type": "binary-expr",
        "locations": [
          {
            "start": { "line": 108, "column": 6 },
            "end": { "line": 108, "column": 19 }
          },
          {
            "start": { "line": 109, "column": 6 },
            "end": { "line": 109, "column": null }
          }
        ]
      },
      "3": {
        "loc": {
          "start": { "line": 119, "column": 4 },
          "end": { "line": 127, "column": 5 }
        },
        "type": "if",
        "locations": [
          {
            "start": { "line": 119, "column": 4 },
            "end": { "line": 127, "column": 5 }
          },
          {
            "start": { "line": 122, "column": 11 },
            "end": { "line": 127, "column": 5 }
          }
        ]
      },
      "4": {
        "loc": {
          "start": { "line": 122, "column": 11 },
          "end": { "line": 127, "column": 5 }
        },
        "type": "if",
        "locations": [
          {
            "start": { "line": 122, "column": 11 },
            "end": { "line": 127, "column": 5 }
          }
        ]
      }
    },
    "s": {
      "0": 0,
      "1": 1,
      "2": 1,
      "3": 1,
      "4": 0,
      "5": 0,
      "6": 4,
      "7": 4,
      "8": 4,
      "9": 4,
      "10": 1,
      "11": 1,
      "12": 3,
      "13": 3,
      "14": 1,
      "15": 1,
      "16": 2,
      "17": 1,
      "18": 1,
      "19": 1,
      "20": 1,
      "21": 0,
      "22": 0,
      "23": 0
    },
    "f": { "0": 0, "1": 1, "2": 0, "3": 4 },
    "b": { "0": [0], "1": [1], "2": [4, 3], "3": [1, 2], "4": [1] }
  },
  "C:\\Users\\Lucky\\Desktop\\codice_PlanIt\\pages\\api\\user\\userId\\[userId].js": {
    "path": "C:\\Users\\Lucky\\Desktop\\codice_PlanIt\\pages\\api\\user\\userId\\[userId].js",
    "statementMap": {
      "0": {
        "start": { "line": 4, "column": 24 },
        "end": { "line": 4, "column": 32 }
      },
      "1": {
        "start": { "line": 102, "column": 22 },
        "end": { "line": 102, "column": 29 }
      },
      "2": {
        "start": { "line": 1, "column": 22 },
        "end": { "line": 1, "column": null }
      },
      "3": {
        "start": { "line": 2, "column": 30 },
        "end": { "line": 2, "column": null }
      },
      "4": {
        "start": { "line": 5, "column": 2 },
        "end": { "line": 7, "column": 3 }
      },
      "5": {
        "start": { "line": 6, "column": 4 },
        "end": { "line": 6, "column": null }
      },
      "6": {
        "start": { "line": 103, "column": 2 },
        "end": { "line": 103, "column": null }
      },
      "7": {
        "start": { "line": 104, "column": 2 },
        "end": { "line": 135, "column": null }
      },
      "8": {
        "start": { "line": 105, "column": 23 },
        "end": { "line": 105, "column": 32 }
      },
      "9": {
        "start": { "line": 107, "column": 4 },
        "end": { "line": 110, "column": 5 }
      },
      "10": {
        "start": { "line": 108, "column": 6 },
        "end": { "line": 108, "column": null }
      },
      "11": {
        "start": { "line": 109, "column": 6 },
        "end": { "line": 109, "column": null }
      },
      "12": {
        "start": { "line": 112, "column": 18 },
        "end": { "line": 114, "column": null }
      },
      "13": {
        "start": { "line": 115, "column": 4 },
        "end": { "line": 123, "column": 5 }
      },
      "14": {
        "start": { "line": 116, "column": 6 },
        "end": { "line": 116, "column": null }
      },
      "15": {
        "start": { "line": 117, "column": 6 },
        "end": { "line": 117, "column": null }
      },
      "16": {
        "start": { "line": 118, "column": 11 },
        "end": { "line": 123, "column": 5 }
      },
      "17": {
        "start": { "line": 119, "column": 6 },
        "end": { "line": 121, "column": null }
      },
      "18": {
        "start": { "line": 122, "column": 6 },
        "end": { "line": 122, "column": null }
      },
      "19": {
        "start": { "line": 125, "column": 4 },
        "end": { "line": 129, "column": null }
      },
      "20": {
        "start": { "line": 130, "column": 4 },
        "end": { "line": 130, "column": null }
      },
      "21": {
        "start": { "line": 132, "column": 4 },
        "end": { "line": 132, "column": null }
      },
      "22": {
        "start": { "line": 133, "column": 4 },
        "end": { "line": 133, "column": null }
      },
      "23": {
        "start": { "line": 134, "column": 4 },
        "end": { "line": 134, "column": 31 }
      }
    },
    "fnMap": {
      "0": {
        "name": "(anonymous_1)",
        "decl": {
          "start": { "line": 8, "column": 1 },
          "end": { "line": 8, "column": null }
        },
        "loc": {
          "start": { "line": 4, "column": 24 },
          "end": { "line": 4, "column": 32 }
        }
      },
      "1": {
        "name": "(anonymous_2)",
        "decl": {
          "start": { "line": 102, "column": 29 },
          "end": { "line": 102, "column": 30 }
        },
        "loc": {
          "start": { "line": 102, "column": 22 },
          "end": { "line": 102, "column": 29 }
        }
      },
      "2": {
        "name": "handler",
        "decl": {
          "start": { "line": 4, "column": 24 },
          "end": { "line": 4, "column": 32 }
        },
        "loc": {
          "start": { "line": 4, "column": 42 },
          "end": { "line": 8, "column": 1 }
        }
      },
      "3": {
        "name": "getUser",
        "decl": {
          "start": { "line": 102, "column": 22 },
          "end": { "line": 102, "column": 29 }
        },
        "loc": {
          "start": { "line": 102, "column": 40 },
          "end": { "line": 136, "column": null }
        }
      }
    },
    "branchMap": {
      "0": {
        "loc": {
          "start": { "line": 5, "column": 2 },
          "end": { "line": 7, "column": 3 }
        },
        "type": "if",
        "locations": [
          {
            "start": { "line": 5, "column": 2 },
            "end": { "line": 7, "column": 3 }
          }
        ]
      },
      "1": {
        "loc": {
          "start": { "line": 107, "column": 4 },
          "end": { "line": 110, "column": 5 }
        },
        "type": "if",
        "locations": [
          {
            "start": { "line": 107, "column": 4 },
            "end": { "line": 110, "column": 5 }
          }
        ]
      },
      "2": {
        "loc": {
          "start": { "line": 115, "column": 4 },
          "end": { "line": 123, "column": 5 }
        },
        "type": "if",
        "locations": [
          {
            "start": { "line": 115, "column": 4 },
            "end": { "line": 123, "column": 5 }
          },
          {
            "start": { "line": 118, "column": 11 },
            "end": { "line": 123, "column": 5 }
          }
        ]
      },
      "3": {
        "loc": {
          "start": { "line": 118, "column": 11 },
          "end": { "line": 123, "column": 5 }
        },
        "type": "if",
        "locations": [
          {
            "start": { "line": 118, "column": 11 },
            "end": { "line": 123, "column": 5 }
          }
        ]
      }
    },
    "s": {
      "0": 0,
      "1": 1,
      "2": 1,
      "3": 1,
      "4": 0,
      "5": 0,
      "6": 4,
      "7": 4,
      "8": 4,
      "9": 4,
      "10": 1,
      "11": 1,
      "12": 3,
      "13": 3,
      "14": 1,
      "15": 1,
      "16": 2,
      "17": 1,
      "18": 1,
      "19": 1,
      "20": 1,
      "21": 0,
      "22": 0,
      "23": 0
    },
    "f": { "0": 0, "1": 1, "2": 0, "3": 4 },
    "b": { "0": [0], "1": [1], "2": [1, 2], "3": [1] }
  }
}
