TN:
SF:lib/dbConnect.js
FN:48,(anonymous_0)
FN:23,dbConnect
FN:33,(anonymous_3)
FNF:3
FNH:3
FNDA:6,(anonymous_0)
FNDA:6,dbConnect
FNDA:1,(anonymous_3)
DA:1,1
DA:3,1
DA:5,1
DA:6,0
DA:10,1
DA:17,1
DA:19,1
DA:20,1
DA:24,6
DA:25,5
DA:28,1
DA:29,1
DA:33,1
DA:34,1
DA:38,1
DA:39,1
DA:41,0
DA:42,0
DA:45,1
DA:48,6
LF:20
LH:17
BRDA:5,0,0,0
BRDA:19,1,0,1
BRDA:24,2,0,5
BRDA:28,3,0,1
BRF:4
BRH:3
end_of_record
TN:
SF:models/Calendario.js
FN:3,(anonymous_1)
FNF:1
FNH:0
FNDA:0,(anonymous_1)
DA:1,1
DA:3,1
DA:5,1
DA:91,1
LF:4
LH:4
BRDA:92,0,0,1
BRDA:92,0,1,1
BRF:2
BRH:2
end_of_record
TN:
SF:models/UtenteAutenticato.js
FNF:0
FNH:0
DA:1,1
DA:3,1
DA:22,1
LF:3
LH:3
BRDA:23,0,0,1
BRDA:23,0,1,1
BRF:2
BRH:2
end_of_record
TN:
SF:pages/api/calendar/[userId].js
FN:9,(anonymous_1)
FN:184,(anonymous_2)
FN:5,handler
FN:184,getCalendari
FNF:4
FNH:2
FNDA:0,(anonymous_1)
FNDA:1,(anonymous_2)
FNDA:0,handler
FNDA:6,getCalendari
DA:1,1
DA:2,1
DA:3,1
DA:5,0
DA:6,0
DA:7,0
DA:184,1
DA:185,6
DA:186,6
DA:187,6
DA:189,6
DA:190,1
DA:191,1
DA:194,5
DA:197,5
DA:198,1
DA:199,1
DA:200,4
DA:201,1
DA:204,1
DA:207,3
DA:210,3
DA:211,1
DA:214,1
DA:216,2
DA:219,2
DA:221,0
DA:222,0
DA:223,0
LF:29
LH:23
BRDA:6,0,0,0
BRDA:189,1,0,1
BRDA:197,2,0,1
BRDA:197,2,1,4
BRDA:200,3,0,1
BRDA:210,4,0,1
BRF:6
BRH:5
end_of_record
